This is pdfTeX, Version 3.14159265-2.6-1.40.20 (TeX Live 2019/Arch Linux) (preloaded format=pdflatex 2020.4.19)  19 APR 2020 04:58
entering extended mode
 restricted \write18 enabled.
 file:line:error style messages enabled.
 %&-line parsing enabled.
**manual.tex
(/home/james/Documents/Lions/TorneoLions2019/Manuales/Completo/manual.tex
LaTeX2e <2019-10-01> patch level 1
(/usr/share/texmf-dist/tex/latex/base/article.cls
Document Class: article 2019/08/27 v1.4j Standard LaTeX document class
(/usr/share/texmf-dist/tex/latex/base/size10.clo
File: size10.clo 2019/08/27 v1.4j Standard LaTeX file (size option)
)
\c@part=\count80
\c@section=\count81
\c@subsection=\count82
\c@subsubsection=\count83
\c@paragraph=\count84
\c@subparagraph=\count85
\c@figure=\count86
\c@table=\count87
\abovecaptionskip=\skip41
\belowcaptionskip=\skip42
\bibindent=\dimen102
) (/usr/share/texmf-dist/tex/latex/base/inputenc.sty
Package: inputenc 2018/08/11 v1.3c Input encoding file
\inpenc@prehook=\toks14
\inpenc@posthook=\toks15
) (/usr/share/texmf-dist/tex/generic/babel/babel.sty
Package: babel 2019/10/15 3.35 The Babel package
 (/usr/share/texmf-dist/tex/generic/babel/switch.def
File: switch.def 2019/10/15 3.35 Babel switching mechanism
) (/usr/share/texmf-dist/tex/generic/babel-spanish/spanish.ldf
Language: spanish.ldf 2016/03/03 v5.0p Spanish support from the babel system
 (/usr/share/texmf-dist/tex/generic/babel/babel.def
File: babel.def 2019/10/15 3.35 Babel common definitions
\babel@savecnt=\count88
\U@D=\dimen103
 (/usr/share/texmf-dist/tex/generic/babel/txtbabel.def)
\bbl@dirlevel=\count89
)
\es@quottoks=\toks16
\es@quotdepth=\count90
Package babel Info: Making " an active character on input line 561.
Package babel Info: Making . an active character on input line 662.
Package babel Info: Making < an active character on input line 707.
Package babel Info: Making > an active character on input line 707.
)) (/usr/share/texmf-dist/tex/latex/graphics/graphicx.sty
Package: graphicx 2017/06/01 v1.1a Enhanced LaTeX Graphics (DPC,SPQR)
 (/usr/share/texmf-dist/tex/latex/graphics/keyval.sty
Package: keyval 2014/10/28 v1.15 key=value parser (DPC)
\KV@toks@=\toks17
) (/usr/share/texmf-dist/tex/latex/graphics/graphics.sty
Package: graphics 2019/10/08 v1.3c Standard LaTeX Graphics (DPC,SPQR)
 (/usr/share/texmf-dist/tex/latex/graphics/trig.sty
Package: trig 2016/01/03 v1.10 sin cos tan (DPC)
) (/usr/share/texmf-dist/tex/latex/graphics-cfg/graphics.cfg
File: graphics.cfg 2016/06/04 v1.11 sample graphics configuration
)
Package graphics Info: Driver file: pdftex.def on input line 105.
 (/usr/share/texmf-dist/tex/latex/graphics-def/pdftex.def
File: pdftex.def 2018/01/08 v1.0l Graphics/color driver for pdftex
))
\Gin@req@height=\dimen104
\Gin@req@width=\dimen105
) (/usr/share/texmf-dist/tex/latex/float/float.sty
Package: float 2001/11/08 v1.3d Float enhancements (AL)
\c@float@type=\count91
\float@exts=\toks18
\float@box=\box27
\@float@everytoks=\toks19
\@floatcapt=\box28
) (/usr/share/texmf-dist/tex/latex/listings/listings.sty
\lst@mode=\count92
\lst@gtempboxa=\box29
\lst@token=\toks20
\lst@length=\count93
\lst@currlwidth=\dimen106
\lst@column=\count94
\lst@pos=\count95
\lst@lostspace=\dimen107
\lst@width=\dimen108
\lst@newlines=\count96
\lst@lineno=\count97
\lst@maxwidth=\dimen109
 (/usr/share/texmf-dist/tex/latex/listings/lstmisc.sty
File: lstmisc.sty 2019/09/10 1.8c (Carsten Heinz)
\c@lstnumber=\count98
\lst@skipnumbers=\count99
\lst@framebox=\box30
) (/usr/share/texmf-dist/tex/latex/listings/listings.cfg
File: listings.cfg 2019/09/10 1.8c listings configuration
))
Package: listings 2019/09/10 1.8c (Carsten Heinz)
 (/usr/share/texmf-dist/tex/latex/hyperref/hyperref.sty
Package: hyperref 2019/09/28 v7.00a Hypertext links for LaTeX
 (/usr/share/texmf-dist/tex/generic/oberdiek/hobsub-hyperref.sty
Package: hobsub-hyperref 2016/05/16 v1.14 Bundle oberdiek, subset hyperref (HO)
 (/usr/share/texmf-dist/tex/generic/oberdiek/hobsub-generic.sty
Package: hobsub-generic 2016/05/16 v1.14 Bundle oberdiek, subset generic (HO)
Package: hobsub 2016/05/16 v1.14 Construct package bundles (HO)
Package: infwarerr 2016/05/16 v1.4 Providing info/warning/error messages (HO)
Package: ltxcmds 2016/05/16 v1.23 LaTeX kernel commands for general use (HO)
Package: ifluatex 2016/05/16 v1.4 Provides the ifluatex switch (HO)
Package ifluatex Info: LuaTeX not detected.
Package: ifvtex 2016/05/16 v1.6 Detect VTeX and its facilities (HO)
Package ifvtex Info: VTeX not detected.
Package: intcalc 2016/05/16 v1.2 Expandable calculations with integers (HO)
Package: ifpdf 2018/09/07 v3.3 Provides the ifpdf switch
Package: etexcmds 2016/05/16 v1.6 Avoid name clashes with e-TeX commands (HO)
Package: kvsetkeys 2016/05/16 v1.17 Key value parser (HO)
Package: kvdefinekeys 2016/05/16 v1.4 Define keys (HO)
Package: pdftexcmds 2019/07/25 v0.30 Utility functions of pdfTeX for LuaTeX (HO)
Package pdftexcmds Info: LuaTeX not detected.
Package pdftexcmds Info: \pdf@primitive is available.
Package pdftexcmds Info: \pdf@ifprimitive is available.
Package pdftexcmds Info: \pdfdraftmode found.
Package: pdfescape 2016/05/16 v1.14 Implements pdfTeX's escape features (HO)
Package: bigintcalc 2016/05/16 v1.4 Expandable calculations on big integers (HO)
Package: bitset 2016/05/16 v1.2 Handle bit-vector datatype (HO)
Package: uniquecounter 2016/05/16 v1.3 Provide unlimited unique counter (HO)
)
Package hobsub Info: Skipping package `hobsub' (already loaded).
Package: letltxmacro 2016/05/16 v1.5 Let assignment for LaTeX macros (HO)
Package: hopatch 2016/05/16 v1.3 Wrapper for package hooks (HO)
Package: xcolor-patch 2016/05/16 xcolor patch
Package: atveryend 2016/05/16 v1.9 Hooks at the very end of document (HO)
Package atveryend Info: \enddocument detected (standard20110627).
Package: atbegshi 2016/06/09 v1.18 At begin shipout hook (HO)
Package: refcount 2016/05/16 v3.5 Data extraction from label references (HO)
Package: hycolor 2016/05/16 v1.8 Color options for hyperref/bookmark (HO)
) (/usr/share/texmf-dist/tex/generic/ifxetex/ifxetex.sty
Package: ifxetex 2010/09/12 v0.6 Provides ifxetex conditional
) (/usr/share/texmf-dist/tex/latex/oberdiek/auxhook.sty
Package: auxhook 2016/05/16 v1.4 Hooks for auxiliary files (HO)
) (/usr/share/texmf-dist/tex/latex/oberdiek/kvoptions.sty
Package: kvoptions 2016/05/16 v3.12 Key value format for package options (HO)
)
\@linkdim=\dimen110
\Hy@linkcounter=\count100
\Hy@pagecounter=\count101
 (/usr/share/texmf-dist/tex/latex/hyperref/pd1enc.def
File: pd1enc.def 2019/09/28 v7.00a Hyperref: PDFDocEncoding definition (HO)
Now handling font encoding PD1 ...
... no UTF-8 mapping file for font encoding PD1
)
\Hy@SavedSpaceFactor=\count102
 (/usr/share/texmf-dist/tex/latex/latexconfig/hyperref.cfg
File: hyperref.cfg 2002/06/06 v1.2 hyperref configuration of TeXLive
)
Package hyperref Info: Hyper figures OFF on input line 4540.
Package hyperref Info: Link nesting OFF on input line 4545.
Package hyperref Info: Hyper index ON on input line 4548.
Package hyperref Info: Plain pages OFF on input line 4555.
Package hyperref Info: Backreferencing OFF on input line 4560.
Package hyperref Info: Implicit mode ON; LaTeX internals redefined.
Package hyperref Info: Bookmarks ON on input line 4793.
\c@Hy@tempcnt=\count103
 (/usr/share/texmf-dist/tex/latex/url/url.sty
\Urlmuskip=\muskip10
Package: url 2013/09/16  ver 3.4  Verb mode for urls, etc.
)
LaTeX Info: Redefining \url on input line 5152.
\XeTeXLinkMargin=\dimen111
\Fld@menulength=\count104
\Field@Width=\dimen112
\Fld@charsize=\dimen113
Package hyperref Info: Hyper figures OFF on input line 6423.
Package hyperref Info: Link nesting OFF on input line 6428.
Package hyperref Info: Hyper index ON on input line 6431.
Package hyperref Info: backreferencing OFF on input line 6438.
Package hyperref Info: Link coloring OFF on input line 6443.
Package hyperref Info: Link coloring with OCG OFF on input line 6448.
Package hyperref Info: PDF/A mode OFF on input line 6453.
LaTeX Info: Redefining \ref on input line 6493.
LaTeX Info: Redefining \pageref on input line 6497.
\Hy@abspage=\count105
\c@Item=\count106
\c@Hfootnote=\count107
)
Package hyperref Info: Driver (autodetected): hpdftex.
 (/usr/share/texmf-dist/tex/latex/hyperref/hpdftex.def
File: hpdftex.def 2019/09/28 v7.00a Hyperref driver for pdfTeX
\Fld@listcount=\count108
\c@bookmark@seq@number=\count109
 (/usr/share/texmf-dist/tex/latex/oberdiek/rerunfilecheck.sty
Package: rerunfilecheck 2016/05/16 v1.8 Rerun checks for auxiliary files (HO)
Package uniquecounter Info: New unique counter `rerunfilecheck' on input line 282.
)
\Hy@SectionHShift=\skip43
) (/usr/share/texmf-dist/tex/latex/amsmath/amsmath.sty
Package: amsmath 2019/04/01 v2.17c AMS math features
\@mathmargin=\skip44

For additional information on amsmath, use the `?' option.
(/usr/share/texmf-dist/tex/latex/amsmath/amstext.sty
Package: amstext 2000/06/29 v2.01 AMS text
 (/usr/share/texmf-dist/tex/latex/amsmath/amsgen.sty
File: amsgen.sty 1999/11/30 v2.0 generic functions
\@emptytoks=\toks21
\ex@=\dimen114
)) (/usr/share/texmf-dist/tex/latex/amsmath/amsbsy.sty
Package: amsbsy 1999/11/29 v1.2d Bold Symbols
\pmbraise@=\dimen115
) (/usr/share/texmf-dist/tex/latex/amsmath/amsopn.sty
Package: amsopn 2016/03/08 v2.02 operator names
)
\inf@bad=\count110
LaTeX Info: Redefining \frac on input line 227.
\uproot@=\count111
\leftroot@=\count112
LaTeX Info: Redefining \overline on input line 389.
\classnum@=\count113
\DOTSCASE@=\count114
LaTeX Info: Redefining \ldots on input line 486.
LaTeX Info: Redefining \dots on input line 489.
LaTeX Info: Redefining \cdots on input line 610.
\Mathstrutbox@=\box31
\strutbox@=\box32
\big@size=\dimen116
LaTeX Font Info:    Redeclaring font encoding OML on input line 733.
LaTeX Font Info:    Redeclaring font encoding OMS on input line 734.
\macc@depth=\count115
\c@MaxMatrixCols=\count116
\dotsspace@=\muskip11
\c@parentequation=\count117
\dspbrk@lvl=\count118
\tag@help=\toks22
\row@=\count119
\column@=\count120
\maxfields@=\count121
\andhelp@=\toks23
\eqnshift@=\dimen117
\alignsep@=\dimen118
\tagshift@=\dimen119
\tagwidth@=\dimen120
\totwidth@=\dimen121
\lineht@=\dimen122
\@envbody=\toks24
\multlinegap=\skip45
\multlinetaggap=\skip46
\mathdisplay@stack=\toks25
LaTeX Info: Redefining \[ on input line 2855.
LaTeX Info: Redefining \] on input line 2856.
) (/usr/share/texmf-dist/tex/latex/geometry/geometry.sty
Package: geometry 2018/04/16 v5.8 Page Geometry
\Gm@cnth=\count122
\Gm@cntv=\count123
\c@Gm@tempcnt=\count124
\Gm@bindingoffset=\dimen123
\Gm@wd@mp=\dimen124
\Gm@odd@mp=\dimen125
\Gm@even@mp=\dimen126
\Gm@layoutwidth=\dimen127
\Gm@layoutheight=\dimen128
\Gm@layouthoffset=\dimen129
\Gm@layoutvoffset=\dimen130
\Gm@dimlist=\toks26
) (/usr/share/texmf-dist/tex/latex/xcolor/xcolor.sty
Package: xcolor 2016/05/11 v2.12 LaTeX color extensions (UK)
 (/usr/share/texmf-dist/tex/latex/graphics-cfg/color.cfg
File: color.cfg 2016/01/02 v1.6 sample color configuration
)
Package xcolor Info: Package option `usenames' ignored on input line 216.
Package xcolor Info: Driver file: pdftex.def on input line 225.
Package xcolor Info: Model `cmy' substituted by `cmy0' on input line 1348.
Package xcolor Info: Model `hsb' substituted by `rgb' on input line 1352.
Package xcolor Info: Model `RGB' extended on input line 1364.
Package xcolor Info: Model `HTML' substituted by `rgb' on input line 1366.
Package xcolor Info: Model `Hsb' substituted by `hsb' on input line 1367.
Package xcolor Info: Model `tHsb' substituted by `hsb' on input line 1368.
Package xcolor Info: Model `HSB' substituted by `hsb' on input line 1369.
Package xcolor Info: Model `Gray' substituted by `gray' on input line 1370.
Package xcolor Info: Model `wave' substituted by `hsb' on input line 1371.
 (/usr/share/texmf-dist/tex/latex/graphics/dvipsnam.def
File: dvipsnam.def 2016/06/17 v3.0m Driver-dependent file (DPC,SPQR)
))
Package hyperref Info: Option `colorlinks' set `true' on input line 16.
 (/usr/share/texmf-dist/tex/latex/listings/lstlang1.sty
File: lstlang1.sty 2019/09/10 1.8c listings language file
) (/usr/share/texmf-dist/tex/latex/listings/lstlang1.sty
File: lstlang1.sty 2019/09/10 1.8c listings language file
) (/usr/share/texmf-dist/tex/latex/listings/lstmisc.sty
File: lstmisc.sty 2019/09/10 1.8c (Carsten Heinz)
) (/home/james/Documents/Lions/TorneoLions2019/Manuales/Completo/manual.aux
LaTeX Info: Redefining \. on input line 24.
LaTeX Info: Redefining \% on input line 24.
)
\openout1 = `manual.aux'.

LaTeX Font Info:    Checking defaults for OML/cmm/m/it on input line 34.
LaTeX Font Info:    ... okay on input line 34.
LaTeX Font Info:    Checking defaults for T1/cmr/m/n on input line 34.
LaTeX Font Info:    ... okay on input line 34.
LaTeX Font Info:    Checking defaults for OT1/cmr/m/n on input line 34.
LaTeX Font Info:    ... okay on input line 34.
LaTeX Font Info:    Checking defaults for OMS/cmsy/m/n on input line 34.
LaTeX Font Info:    ... okay on input line 34.
LaTeX Font Info:    Checking defaults for OMX/cmex/m/n on input line 34.
LaTeX Font Info:    ... okay on input line 34.
LaTeX Font Info:    Checking defaults for U/cmr/m/n on input line 34.
LaTeX Font Info:    ... okay on input line 34.
LaTeX Font Info:    Checking defaults for PD1/pdf/m/n on input line 34.
LaTeX Font Info:    ... okay on input line 34.
LaTeX Info: Redefining \. on input line 34.
LaTeX Info: Redefining \% on input line 34.
 (/usr/share/texmf-dist/tex/context/base/mkii/supp-pdf.mkii
[Loading MPS to PDF converter (version 2006.09.02).]
\scratchcounter=\count125
\scratchdimen=\dimen131
\scratchbox=\box33
\nofMPsegments=\count126
\nofMParguments=\count127
\everyMPshowfont=\toks27
\MPscratchCnt=\count128
\MPscratchDim=\dimen132
\MPnumerator=\count129
\makeMPintoPDFobject=\count130
\everyMPtoPDFconversion=\toks28
) (/usr/share/texmf-dist/tex/latex/oberdiek/epstopdf-base.sty
Package: epstopdf-base 2016/05/15 v2.6 Base part for package epstopdf
 (/usr/share/texmf-dist/tex/latex/oberdiek/grfext.sty
Package: grfext 2016/05/16 v1.2 Manage graphics extensions (HO)
)
Package epstopdf-base Info: Redefining graphics rule for `.eps' on input line 438.
Package grfext Info: Graphics extension search list:
(grfext)             [.pdf,.png,.jpg,.mps,.jpeg,.jbig2,.jb2,.PDF,.PNG,.JPG,.JPEG,.JBIG2,.JB2,.eps]
(grfext)             \AppendGraphicsExtensions on input line 456.
 (/usr/share/texmf-dist/tex/latex/latexconfig/epstopdf-sys.cfg
File: epstopdf-sys.cfg 2010/07/13 v1.3 Configuration of (r)epstopdf for TeX Live
))
\c@lstlisting=\count131
\AtBeginShipoutBox=\box34
Package hyperref Info: Link coloring ON on input line 34.
 (/usr/share/texmf-dist/tex/latex/hyperref/nameref.sty
Package: nameref 2019/09/16 v2.46 Cross-referencing by name of section
 (/usr/share/texmf-dist/tex/generic/oberdiek/gettitlestring.sty
Package: gettitlestring 2016/05/16 v1.5 Cleanup title references (HO)
)
\c@section@level=\count132
)
LaTeX Info: Redefining \ref on input line 34.
LaTeX Info: Redefining \pageref on input line 34.
LaTeX Info: Redefining \nameref on input line 34.
 (/home/james/Documents/Lions/TorneoLions2019/Manuales/Completo/manual.out) (/home/james/Documents/Lions/TorneoLions2019/Manuales/Completo/manual.out)
\@outlinefile=\write3
\openout3 = `manual.out'.


*geometry* driver: auto-detecting
*geometry* detected driver: pdftex
*geometry* verbose mode - [ preamble ] result:
* driver: pdftex
* paper: <default>
* layout: <same size as paper>
* layoutoffset:(h,v)=(0.0pt,0.0pt)
* modes: 
* h-part:(L,W,R)=(92.14519pt, 430.00462pt, 92.14519pt)
* v-part:(T,H,B)=(95.39737pt, 556.47656pt, 143.09605pt)
* \paperwidth=614.295pt
* \paperheight=794.96999pt
* \textwidth=430.00462pt
* \textheight=556.47656pt
* \oddsidemargin=19.8752pt
* \evensidemargin=19.8752pt
* \topmargin=-13.87262pt
* \headheight=12.0pt
* \headsep=25.0pt
* \topskip=10.0pt
* \footskip=30.0pt
* \marginparwidth=65.0pt
* \marginparsep=11.0pt
* \columnsep=10.0pt
* \skip\footins=9.0pt plus 4.0pt minus 2.0pt
* \hoffset=0.0pt
* \voffset=0.0pt
* \mag=1000
* \@twocolumnfalse
* \@twosidefalse
* \@mparswitchfalse
* \@reversemarginfalse
* (1in=72.27pt=25.4mm, 1cm=28.453pt)

<newblack.png, id=397, 2982.14125pt x 2994.18625pt>
File: newblack.png Graphic file (type png)
<use newblack.png>
Package pdftex.def Info: newblack.png  used on input line 40.
(pdftex.def)             Requested size: 122.85712pt x 123.31068pt.
(/home/james/Documents/Lions/TorneoLions2019/Manuales/Completo/manual.toc
LaTeX Info: Redefining \. on input line 1.
LaTeX Info: Redefining \% on input line 1.
 [1

{/var/lib/texmf/fonts/map/pdftex/updmap/pdftex.map} </home/james/Documents/Lions/TorneoLions2019/Manuales/Completo/newblack.png>] [2] [3])
\tf@toc=\write4
\openout4 = `manual.toc'.

<CodeBlocks.png, id=520, 1039.885pt x 674.52pt>
File: CodeBlocks.png Graphic file (type png)
<use CodeBlocks.png>
Package pdftex.def Info: CodeBlocks.png  used on input line 68.
(pdftex.def)             Requested size: 307.14749pt x 199.22868pt.
 [4]
<replit.png, id=526, 1370.11874pt x 601.24625pt>
File: replit.png Graphic file (type png)
<use replit.png>
Package pdftex.def Info: replit.png  used on input line 76.
(pdftex.def)             Requested size: 307.14749pt x 134.77914pt.
<vscommunity.png, id=529, 1028.34187pt x 578.16pt>
File: vscommunity.png Graphic file (type png)
<use vscommunity.png>
Package pdftex.def Info: vscommunity.png  used on input line 88.
(pdftex.def)             Requested size: 307.14749pt x 172.69064pt.
 [5 </home/james/Documents/Lions/TorneoLions2019/Manuales/Completo/CodeBlocks.png (PNG copy)> </home/james/Documents/Lions/TorneoLions2019/Manuales/Completo/replit.png>]
<vscode.png, id=535, 434.62375pt x 202.7575pt>
File: vscode.png Graphic file (type png)
<use vscode.png>
Package pdftex.def Info: vscode.png  used on input line 100.
(pdftex.def)             Requested size: 307.14749pt x 143.29675pt.
 [6 </home/james/Documents/Lions/TorneoLions2019/Manuales/Completo/vscommunity.png> </home/james/Documents/Lions/TorneoLions2019/Manuales/Completo/vscode.png>] [7] [8]
Underfull \hbox (badness 10000) in paragraph at lines 205--206

 []

[9] [10] [11] [12]
Underfull \hbox (badness 10000) in paragraph at lines 361--362

 []

[13] [14] [15]
Underfull \hbox (badness 10000) in paragraph at lines 483--484

 []


Underfull \hbox (badness 10000) in paragraph at lines 485--486

 []


Underfull \hbox (badness 10000) in paragraph at lines 493--494

 []


Underfull \hbox (badness 10000) in paragraph at lines 495--496

 []


Underfull \hbox (badness 10000) in paragraph at lines 497--498

 []


Underfull \hbox (badness 10000) in paragraph at lines 499--500

 []

[16]
Underfull \hbox (badness 10000) in paragraph at lines 520--521

 []


Underfull \hbox (badness 10000) in paragraph at lines 522--523

 []


Underfull \hbox (badness 10000) in paragraph at lines 532--533

 []


Underfull \hbox (badness 10000) in paragraph at lines 534--535

 []

[17] [18]
Underfull \hbox (badness 10000) in paragraph at lines 603--604

 []


Underfull \hbox (badness 10000) in paragraph at lines 605--606

 []


Underfull \hbox (badness 10000) in paragraph at lines 607--608

 []


Underfull \hbox (badness 10000) in paragraph at lines 609--610

 []


Underfull \hbox (badness 10000) in paragraph at lines 611--612

 []


Underfull \hbox (badness 10000) in paragraph at lines 613--614

 []


Underfull \hbox (badness 10000) in paragraph at lines 615--616

 []

[19] [20] [21] [22] [23]
Underfull \hbox (badness 10000) in paragraph at lines 800--801

 []


Underfull \hbox (badness 10000) in paragraph at lines 802--803

 []

[24] [25]
Underfull \hbox (badness 10000) in paragraph at lines 900--901

 []

[26]
Underfull \hbox (badness 10000) in paragraph at lines 963--964

 []

[27] [28]
Underfull \hbox (badness 10000) in paragraph at lines 1008--1009

 []


Underfull \hbox (badness 10000) in paragraph at lines 1010--1011

 []


Underfull \hbox (badness 10000) in paragraph at lines 1042--1043

 []

[29]
Underfull \hbox (badness 10000) in paragraph at lines 1067--1068

 []

[30] [31] [32] [33]
LaTeX Font Info:    Font shape `OT1/cmtt/bx/n' in size <10> not available
(Font)              Font shape `OT1/cmtt/m/n' tried instead on input line 1237.
 [34] [35]
Underfull \hbox (badness 10000) in paragraph at lines 1329--1330

 []

[36] [37] [38] [39] [40] [41] [42] [43]
<nsquared.png, id=1618, 125.9907pt x 125.268pt>
File: nsquared.png Graphic file (type png)
<use nsquared.png>
Package pdftex.def Info: nsquared.png  used on input line 1637.
(pdftex.def)             Requested size: 184.29036pt x 183.24144pt.
 [44 </home/james/Documents/Lions/TorneoLions2019/Manuales/Completo/nsquared.png>] [45] [46]
<nsquaredn.png, id=1694, 121.1727pt x 118.7637pt>
File: nsquaredn.png Graphic file (type png)
<use nsquaredn.png>
Package pdftex.def Info: nsquaredn.png  used on input line 1731.
(pdftex.def)             Requested size: 184.29036pt x 180.62598pt.
 [47 </home/james/Documents/Lions/TorneoLions2019/Manuales/Completo/nsquaredn.png>] [48]
<pila.png, id=1718, 170.04706pt x 297.58235pt>
File: pila.png Graphic file (type png)
<use pila.png>
Package pdftex.def Info: pila.png  used on input line 1800.
(pdftex.def)             Requested size: 61.43324pt x 107.50644pt.
 [49 </home/james/Documents/Lions/TorneoLions2019/Manuales/Completo/pila.png>]
Underfull \hbox (badness 10000) in paragraph at lines 1831--1832

 []

<fila.png, id=1726, 170.04706pt x 348.59647pt>
File: fila.png Graphic file (type png)
<use fila.png>
Package pdftex.def Info: fila.png  used on input line 1847.
(pdftex.def)             Requested size: 61.43324pt x 125.93611pt.
[50]
Underfull \hbox (badness 10000) in paragraph at lines 1874--1875

 []

[51 </home/james/Documents/Lions/TorneoLions2019/Manuales/Completo/fila.png>]
<deque.png, id=1772, 170.04706pt x 348.59647pt>
File: deque.png Graphic file (type png)
<use deque.png>
Package pdftex.def Info: deque.png  used on input line 1890.
(pdftex.def)             Requested size: 61.43324pt x 125.93611pt.
 [52 </home/james/Documents/Lions/TorneoLions2019/Manuales/Completo/deque.png>] [53]
Underfull \hbox (badness 10000) in paragraph at lines 1966--1967

 []

[54] [55]
Underfull \hbox (badness 10000) in paragraph at lines 2065--2066

 []

<permutacion.png, id=1886, 550.52736pt x 260.03029pt>
File: permutacion.png Graphic file (type png)
<use permutacion.png>
Package pdftex.def Info: permutacion.png  used on input line 2071.
(pdftex.def)             Requested size: 184.29036pt x 87.04422pt.
[56 </home/james/Documents/Lions/TorneoLions2019/Manuales/Completo/permutacion.png>] [57]
Underfull \hbox (badness 10000) in paragraph at lines 2121--2122

 []

<mergesort.png, id=1943, 632.71677pt x 576.74294pt>
File: mergesort.png Graphic file (type png)
<use mergesort.png>
Package pdftex.def Info: mergesort.png  used on input line 2131.
(pdftex.def)             Requested size: 245.71425pt x 223.9784pt.
[58 </home/james/Documents/Lions/TorneoLions2019/Manuales/Completo/mergesort.png>] [59] [60] [61]
Underfull \hbox (badness 10000) in paragraph at lines 2305--2306

 []

<fibonacci.png, id=2079, 1120.185pt x 597.99883pt>
File: fibonacci.png Graphic file (type png)
<use fibonacci.png>
Package pdftex.def Info: fibonacci.png  used on input line 2313.
(pdftex.def)             Requested size: 245.71425pt x 131.16779pt.
[62] [63 </home/james/Documents/Lions/TorneoLions2019/Manuales/Completo/fibonacci.png>] [64] [65] [66]
Underfull \hbox (badness 10000) in paragraph at lines 2480--2481

 []

<grafo.png, id=2248, 357.7365pt x 345.08925pt>
File: grafo.png Graphic file (type png)
<use grafo.png>
Package pdftex.def Info: grafo.png  used on input line 2490.
(pdftex.def)             Requested size: 92.14049pt x 88.87859pt.
<expansivo.png, id=2249, 734.44388pt x 747.9945pt>
File: expansivo.png Graphic file (type png)
<use expansivo.png>
Package pdftex.def Info: expansivo.png  used on input line 2507.
(pdftex.def)             Requested size: 153.57375pt x 156.39867pt.
[67 </home/james/Documents/Lions/TorneoLions2019/Manuales/Completo/grafo.png>]
<arbolbinario.png, id=2262, 874.467pt x 731.73375pt>
File: arbolbinario.png Graphic file (type png)
<use arbolbinario.png>
Package pdftex.def Info: arbolbinario.png  used on input line 2512.
(pdftex.def)             Requested size: 184.29036pt x 154.20456pt.
<dirigido.png, id=2263, 315.27788pt x 313.47113pt>
File: dirigido.png Graphic file (type png)
<use dirigido.png>
Package pdftex.def Info: dirigido.png  used on input line 2527.
(pdftex.def)             Requested size: 92.14049pt x 91.6122pt.
 [68 </home/james/Documents/Lions/TorneoLions2019/Manuales/Completo/expansivo.png> </home/james/Documents/Lions/TorneoLions2019/Manuales/Completo/arbolbinario.png>]
<ciudades.png, id=2270, 508.60013pt x 524.86087pt>
File: ciudades.png Graphic file (type png)
<use ciudades.png>
Package pdftex.def Info: ciudades.png  used on input line 2546.
(pdftex.def)             Requested size: 122.85712pt x 126.78607pt.
 [69 </home/james/Documents/Lions/TorneoLions2019/Manuales/Completo/dirigido.png> </home/james/Documents/Lions/TorneoLions2019/Manuales/Completo/ciudades.png>]
File: arbolbinario.png Graphic file (type png)
<use arbolbinario.png>
Package pdftex.def Info: arbolbinario.png  used on input line 2569.
(pdftex.def)             Requested size: 184.29036pt x 154.20456pt.
 [70] [71]
<lista.png, id=2331, 916.92563pt x 822.07124pt>
File: lista.png Graphic file (type png)
<use lista.png>
Package pdftex.def Info: lista.png  used on input line 2637.
(pdftex.def)             Requested size: 196.57889pt x 176.24011pt.
 [72 </home/james/Documents/Lions/TorneoLions2019/Manuales/Completo/lista.png>]
<dijkstra.png, id=2341, 916.92563pt x 822.07124pt>
File: dijkstra.png Graphic file (type png)
<use dijkstra.png>
Package pdftex.def Info: dijkstra.png  used on input line 2686.
(pdftex.def)             Requested size: 196.57889pt x 176.24011pt.
 [73 </home/james/Documents/Lions/TorneoLions2019/Manuales/Completo/dijkstra.png>]
<grafo2d.png, id=2349, 636.87938pt x 636.87938pt>
File: grafo2d.png Graphic file (type png)
<use grafo2d.png>
Package pdftex.def Info: grafo2d.png  used on input line 2713.
(pdftex.def)             Requested size: 122.85712pt x 122.85475pt.
<greedy.png, id=2350, 636.87938pt x 636.87938pt>
File: greedy.png Graphic file (type png)
<use greedy.png>
Package pdftex.def Info: greedy.png  used on input line 2732.
(pdftex.def)             Requested size: 122.85712pt x 122.85475pt.
 [74 </home/james/Documents/Lions/TorneoLions2019/Manuales/Completo/grafo2d.png>] [75 </home/james/Documents/Lions/TorneoLions2019/Manuales/Completo/greedy.png>]
Underfull \hbox (badness 10000) in paragraph at lines 2803--2804

 []

<greedybueno.png, id=2384, 636.87938pt x 636.87938pt>
File: greedybueno.png Graphic file (type png)
<use greedybueno.png>
Package pdftex.def Info: greedybueno.png  used on input line 2809.
(pdftex.def)             Requested size: 122.85712pt x 122.85475pt.
[76]
<greedymalo.png, id=2427, 636.87938pt x 636.87938pt>
File: greedymalo.png Graphic file (type png)
<use greedymalo.png>
Package pdftex.def Info: greedymalo.png  used on input line 2816.
(pdftex.def)             Requested size: 122.85712pt x 122.85475pt.
 [77 </home/james/Documents/Lions/TorneoLions2019/Manuales/Completo/greedybueno.png> </home/james/Documents/Lions/TorneoLions2019/Manuales/Completo/greedymalo.png>]
<bfs.png, id=2434, 636.87938pt x 636.87938pt>
File: bfs.png Graphic file (type png)
<use bfs.png>
Package pdftex.def Info: bfs.png  used on input line 2837.
(pdftex.def)             Requested size: 184.29036pt x 184.28214pt.
<bfscamino.png, id=2435, 636.87938pt x 636.87938pt>
File: bfscamino.png Graphic file (type png)
<use bfscamino.png>
Package pdftex.def Info: bfscamino.png  used on input line 2848.
(pdftex.def)             Requested size: 184.29036pt x 184.28214pt.
 [78 </home/james/Documents/Lions/TorneoLions2019/Manuales/Completo/bfs.png> </home/james/Documents/Lions/TorneoLions2019/Manuales/Completo/bfscamino.png>] [79] [80]
Underfull \hbox (badness 10000) in paragraph at lines 2948--2949

 []

<dfs.png, id=2532, 636.87938pt x 636.87938pt>
File: dfs.png Graphic file (type png)
<use dfs.png>
Package pdftex.def Info: dfs.png  used on input line 2962.
(pdftex.def)             Requested size: 184.29036pt x 184.28214pt.
[81 </home/james/Documents/Lions/TorneoLions2019/Manuales/Completo/dfs.png>] [82] [83]
Underfull \hbox (badness 10000) in paragraph at lines 3064--3065

 []

File: dijkstra.png Graphic file (type png)
<use dijkstra.png>
Package pdftex.def Info: dijkstra.png  used on input line 3078.
(pdftex.def)             Requested size: 245.71425pt x 220.29387pt.
[84]
<dijkstracamino.png, id=2653, 1035.26775pt x 924.15262pt>
File: dijkstracamino.png Graphic file (type png)
<use dijkstracamino.png>
Package pdftex.def Info: dijkstracamino.png  used on input line 3093.
(pdftex.def)             Requested size: 258.00276pt x 230.3043pt.
 [85 </home/james/Documents/Lions/TorneoLions2019/Manuales/Completo/dijkstracamino.png>] [86]
Underfull \hbox (badness 10000) in paragraph at lines 3156--3157

 []

<astrella.png, id=2720, 636.87938pt x 636.87938pt>
File: astrella.png Graphic file (type png)
<use astrella.png>
Package pdftex.def Info: astrella.png  used on input line 3176.
(pdftex.def)             Requested size: 196.57889pt x 196.57538pt.
[87] [88 </home/james/Documents/Lions/TorneoLions2019/Manuales/Completo/astrella.png>] [89]
Underfull \hbox (badness 10000) in paragraph at lines 3273--3274

 []

[90] [91] [92] [93] [94] [95] [96]
Underfull \hbox (badness 10000) in paragraph at lines 3556--3557

 []

[97] [98] [99] [100] [101]
<memoria.png, id=3267, 791.3565pt x 571.83638pt>
File: memoria.png Graphic file (type png)
<use memoria.png>
Package pdftex.def Info: memoria.png  used on input line 3789.
(pdftex.def)             Requested size: 245.71425pt x 177.55539pt.
 [102 </home/james/Documents/Lions/TorneoLions2019/Manuales/Completo/memoria.png>]
<puntero.png, id=3286, 851.88263pt x 671.20763pt>
File: puntero.png Graphic file (type png)
<use puntero.png>
Package pdftex.def Info: puntero.png  used on input line 3837.
(pdftex.def)             Requested size: 245.71425pt x 193.60056pt.
 [103] [104 </home/james/Documents/Lions/TorneoLions2019/Manuales/Completo/puntero.png>] [105] [106] [107]
Underfull \hbox (badness 10000) in paragraph at lines 4031--4032

 []

[108]
Underfull \hbox (badness 10000) in paragraph at lines 4062--4063

 []

[109]
Underfull \hbox (badness 10000) in paragraph at lines 4088--4089

 []

[110]
Underfull \hbox (badness 10000) in paragraph at lines 4116--4117

 []


Underfull \hbox (badness 10000) in paragraph at lines 4144--4145

 []

[111]
Underfull \hbox (badness 10000) in paragraph at lines 4176--4177

 []

[112]
Underfull \hbox (badness 10000) in paragraph at lines 4202--4203

 []


Underfull \hbox (badness 10000) in paragraph at lines 4216--4217

 []


Underfull \hbox (badness 10000) in paragraph at lines 4218--4219

 []


Underfull \hbox (badness 10000) in paragraph at lines 4220--4221

 []


Underfull \hbox (badness 10000) in paragraph at lines 4222--4223

 []


Underfull \hbox (badness 10000) in paragraph at lines 4224--4225

 []


Underfull \hbox (badness 10000) in paragraph at lines 4226--4227

 []


Underfull \hbox (badness 10000) in paragraph at lines 4228--4229

 []


Underfull \hbox (badness 10000) in paragraph at lines 4232--4233

 []

[113]
Underfull \hbox (badness 10000) in paragraph at lines 4234--4235

 []


Underfull \hbox (badness 10000) in paragraph at lines 4236--4237

 []


Underfull \hbox (badness 10000) in paragraph at lines 4238--4239

 []

Package atveryend Info: Empty hook `BeforeClearDocument' on input line 4242.
[114]
Package atveryend Info: Empty hook `AfterLastShipout' on input line 4242.
 (/home/james/Documents/Lions/TorneoLions2019/Manuales/Completo/manual.aux
LaTeX Info: Redefining \. on input line 24.
LaTeX Info: Redefining \% on input line 24.
)
Package atveryend Info: Executing hook `AtVeryEndDocument' on input line 4242.
Package atveryend Info: Executing hook `AtEndAfterFileList' on input line 4242.
Package rerunfilecheck Info: File `manual.out' has not changed.
(rerunfilecheck)             Checksum: 7ADB344F9904966DB2A12B6481099D47;6493.
Package atveryend Info: Empty hook `AtVeryVeryEnd' on input line 4242.
 ) 
Here is how much of TeX's memory you used:
 12821 strings out of 492167
 182165 string characters out of 6131558
 625841 words of memory out of 5000000
 14398 multiletter control sequences out of 15000+600000
 9537 words of font info for 35 fonts, out of 8000000 for 9000
 1141 hyphenation exceptions out of 8191
 34i,8n,60p,862b,1882s stack positions out of 5000i,500n,10000p,200000b,80000s
</usr/share/texmf-dist/fonts/type1/public/amsfonts/cm/cmbx10.pfb></usr/share/texmf-dist/fonts/type1/public/amsfonts/cm/cmbx12.pfb></usr/share/texmf-dist/fonts/type1/public/amsfonts/cm/cmex10.pfb></usr/share/texmf-dist/fonts/type1/public/amsfonts/cm/cmmi10.pfb></usr/share/texmf-dist/fonts/type1/public/amsfonts/cm/cmmi7.pfb></usr/share/texmf-dist/fonts/type1/public/amsfonts/cm/cmr10.pfb></usr/share/texmf-dist/fonts/type1/public/amsfonts/cm/cmr12.pfb></usr/share/texmf-dist/fonts/type1/public/amsfonts/cm/cmr17.pfb></usr/share/texmf-dist/fonts/type1/public/amsfonts/cm/cmr7.pfb></usr/share/texmf-dist/fonts/type1/public/amsfonts/cm/cmsy10.pfb></usr/share/texmf-dist/fonts/type1/public/amsfonts/cm/cmsy7.pfb></usr/share/texmf-dist/fonts/type1/public/amsfonts/cm/cmti10.pfb></usr/share/texmf-dist/fonts/type1/public/amsfonts/cm/cmtt10.pfb>
Output written on /home/james/Documents/Lions/TorneoLions2019/Manuales/Completo/manual.pdf (114 pages, 1859668 bytes).
PDF statistics:
 4196 PDF objects out of 4296 (max. 8388607)
 3969 compressed objects within 40 object streams
 2697 named destinations out of 2984 (max. 500000)
 940 words of extra memory for PDF output out of 10000 (max. 10000000)

