a hy
a zg
aab eu
ab gn
ab hr
abb gu
ac uib
ac wlb
acb hkb
acb lgb
ad cp
adb q
ae hd
aeb dr
aeb iu
aeb sd
af ufb
afb l
afb rv
afb zt
ag re
ag rt
agb ckb
agb fib
agb wt
ah oeb
ah wgb
ahb gf
ahb yh
ai ulb
ai zk
aib cfb
aib sfb
aj kk
aj xe
ajb kq
ajb of
ajb ojb
ak ex
akb sib
akb zl
al xl
al yh
alb xe
alb yh
am gab
am oc
amb ao
amb ze
an igb
an vj
ao px
ap kh
ap ll
ap pj
aq nk
aq r
ar mbb
as pu
at bd
at jeb
au fy
au pl
av gz
av io
av ye
aw oe
aw pq
aw udb
ax ku
ax xgb
ay gjb
ay yj
az hi
az jo
b ek
bab peb
bab xkb
bb ez
bb jm
bbb bdb
bbb xt
bc ev
bc geb
bcb ldb
bd cjb
bd gm
bdb wj
be bf
be ce
beb ej
bf yw
bfb ndb
bfb px
bg hr
bgb heb
bgb xs
bh sd
bh whb
bh yx
bh zq
bhb bx
bhb cy
bhb fk
bi gfb
bib jbb
bib pib
bj nt
bj oab
bjb fc
bjb qib
bjb uc
bk do
bk kx
bk wdb
bkb gdb
bkb ydb
bl jmb
bl tgb
blb hlb
blb le
blb lgb
bm oz
bmb hkb
bmb pab
bn mu
bn qkb
bo fk
bo ui
bp tm
bp uu
bq hgb
bq rhb
br wf
br zn
bs gmb
bt ufb
bt ykb
bu gbb
bv cbb
bw fcb
bw oab
bx ry
by nhb
by vhb
by wcb
bz sh
c rj
c tq
cab cgb
cab kx
cab ycb
cb meb
cb wbb
cbb rr
cc nib
ccb ic
cd ip
cd keb
cdb dj
cdb kq
cdb yhb
ce hab
ceb cib
ceb lu
ceb wk
cf z
cfb fmb
cg je
cg jz
ch lfb
chb eu
chb vo
ci vn
ci yb
cib rd
cib zi
cj fab
cj sp
ck mo
ck zkb
cl fhb
clb jdb
cm id
cm ujb
cmb se
cmb ze
cn gu
cn ih
cn mgb
co it
co jb
co wu
cp hv
cq ow
cq qp
cr gi
cr xkb
cs ei
cs me
cs vh
ct eq
cu ol
cv jy
cv qr
cv zs
cw lmb
cx ix
cx yf
cy nh
cz uz
d fab
dab ej
dab vs
db zo
dbb lc
dc if
dc iv
dc kcb
dcb hib
dcb sgb
dd fz
dd yy
ddb hi
ddb t
ddb ts
de hn
de xi
deb zh
df igb
df ofb
dfb gh
dfb xr
dg wib
dgb hmb
dgb nl
dh fd
dh gfb
dhb fq
dhb wt
di iv
di qb
dib hq
dib vk
dj nu
djb fw
djb zjb
dk tcb
dk xc
dkb ffb
dkb qn
dkb tx
dl hw
dl vw
dl wz
dlb kbb
dm rib
dm tcb
dmb eb
dmb ys
dn es
dn mkb
dp py
dp yx
dq fn
dq reb
ds gmb
ds jx
ds vp
dt llb
dt qs
du gd
du lp
dv dx
dv tb
dv zv
dw hdb
dw hq
dy og
dy wy
dz tbb
dz xk
e qv
eab nib
eab yw
eb mdb
eb odb
ebb qq
ec xcb
ecb vo
ecb wbb
ed o
ed pbb
edb nkb
edb xbb
ee ji
eeb iw
eeb ox
ef od
efb neb
eg gr
egb er
egb vkb
eh elb
eh ne
ehb fbb
ehb oq
ehb uu
eib eo
ej tkb
ejb pf
ejb zdb
ek kn
ek xab
ekb jab
ekb mlb
el tt
el zlb
elb kv
em rz
em tn
emb ygb
en rgb
eo nr
eo sw
ep okb
ep ou
eq wl
er ffb
er vcb
es ml
es vc
et hn
et up
eu xjb
ev sk
ew qq
ex hm
ey rjb
ey sbb
ez mn
f gt
f mbb
fab hb
fb kib
fb lq
fb tw
fbb lp
fc pm
fcb pu
fd ky
fdb kq
fe pg
feb gi
feb te
ff hg
ff mh
ff ohb
fg hu
fg qm
fg uc
fgb wi
fgb zhb
fh ml
fh xab
fhb yib
fi me
fib vq
fib vt
fj jhb
fjb lj
fjb lr
fk ms
fkb jz
fkb ob
fl zb
flb hm
flb xt
fm ll
fm mf
fn vgb
fo gs
fo sjb
fp gy
fp yr
fq gk
fr jo
fs si
fs sjb
ft lz
ft qbb
fu hhb
fu rz
fv pcb
fx uq
fx uz
fy uo
fz pw
g lz
g ym
gab rw
gb qv
gb skb
gbb pjb
gc rab
gc rq
gc yg
gcb qr
gcb vr
gdb nl
ge gn
ge lt
geb lc
gg vg
ggb jbb
ggb oz
ggb pz
gh ir
gh ns
ghb vu
gi yi
gib kjb
gib sj
gj ki
gj nv
gjb kfb
gjb ws
gk wh
gkb iq
gkb ww
gl km
gl shb
glb neb
glb sdb
glb vs
gm qh
gn nlb
go ln
go ve
go zq
gp jc
gp qh
gq oi
gr hh
gr mkb
gs qg
gt tab
gt vm
gv kz
gv qu
gw ko
gw lt
gx lg
gy qs
gz kcb
gz mc
h nf
h zb
hab qlb
hb qf
hbb ldb
hbb nt
hc obb
hc wlb
hcb nb
hcb uh
hd lh
hd yz
he s
he vbb
heb thb
hf nj
hfb ve
hgb ig
hgb uf
hh uhb
hhb qeb
hhb vf
hib jbb
hj py
hj vz
hjb mq
hk sbb
hkb ybb
hl qbb
hl teb
hlb nx
hm wc
hmb tq
hn io
ho tib
hp ur
hr nv
hs slb
hs xm
ht hw
ht kt
hv jbb
hv qz
hx i
hx tcb
hy is
hy jm
hz ngb
i qq
i zbb
iab peb
ib lmb
ib mbb
ib zs
ibb odb
ic yc
icb xg
icb yb
id ss
idb yfb
ie qv
ieb kb
ieb s
if nn
ifb rkb
ig qu
igb rb
ih ju
ihb rn
ihb wkb
ii kj
ii zgb
iib nq
iib qi
ij ljb
ijb qbb
ijb tz
ik in
ik js
ikb mi
ikb vc
il kh
il nr
il qdb
ilb slb
ilb veb
im pr
im xf
imb m
imb mf
imb ni
in wg
ip phb
iq leb
ir rg
is nx
it ri
iw on
ix ok
ix tj
iy xd
iz rk
iz zg
j lib
j sh
jab qw
jab tf
jb qk
jc mib
jc u
jcb rdb
jd rl
jd wn
jdb si
jdb uo
je od
jeb zf
jf rs
jf we
jfb mjb
jg ro
jg zv
jgb pbb
jgb ylb
jh wd
jhb zdb
ji ls
jib mh
jj nc
jj vdb
jjb lz
jjb mcb
jk pq
jkb td
jkb uab
jl le
jlb tab
jmb lhb
jmb po
jn my
jn ot
jn rg
jo jv
jp uj
jq kp
jr ky
jr vl
jt rs
jt wkb
jt wx
ju sy
jv rc
jw uo
jx veb
jy phb
k sgb
kab ku
kab ym
kb sg
kb vb
kbb os
kbb vw
kc nf
kd m
kd zr
kdb os
kdb tjb
ke wf
keb rib
kf tm
kfb to
kg lbb
kg tr
kg yq
kgb vp
kgb wn
khb ulb
khb xx
ki ul
kib ld
kib xeb
kj ub
kjb qab
kkb mj
kkb xb
kl qt
kl tn
klb nm
klb ro
klb wg
km uhb
kmb nq
kmb xg
kn rjb
ko xo
kp pt
kr lm
kr vn
ks ldb
ks xgb
kt rh
kv ot
kw qlb
kw rm
kx lfb
ky ru
kz wv
l qc
lab ulb
lab yc
lab yy
lb ufb
lbb shb
lcb lo
lcb uab
lcb ukb
le mab
leb pj
leb pk
lf qb
lg rcb
lg yjb
lh vl
lhb zw
li pf
li pg
lib nv
lib xp
lj st
ljb vo
lk qi
lk qkb
lkb mc
lkb uq
llb xib
lm xfb
lo mv
lp mm
lq vf
lr xu
lr zw
ls nc
lt ui
lu zgb
lv xb
lw ny
lw olb
lx mk
lx tfb
ly pw
m tk
mb t
mb ti
mb xo
mb zcb
md tz
md xz
mfb pb
mfb ugb
mg udb
mg web
mgb wo
mh wp
mhb vm
mi yhb
mj pv
mjb vfb
mjb zh
mk qx
mk ri
ml wr
mlb mx
mm ylb
mn wdb
mo tdb
mp nc
mp po
mq ph
mq wab
mr qfb
mr wc
ms qcb
ms skb
mt wgb
mu zp
mv ss
mw tk
mx yo
my rlb
mz ujb
mz un
n vcb
n wy
nab ut
nab xlb
nb up
nbb th
nbb xh
ncb ohb
nd uv
nd xk
nd xn
ndb zeb
neb olb
nfb og
nfb sdb
ng tg
ng yu
ngb rjb
nh no
nhb ojb
ni nw
nib nj
nib q
nj up
njb rv
njb uib
nk scb
nkb oib
nlb zx
nm tdb
nn op
no sp
np xib
nu qj
nw pi
ny rlb
nz ucb
oab rq
ob se
obb ov
obb pp
obb tu
oc tg
ocb qgb
odb vj
oeb w
ofb plb
ogb yp
oh ox
oh xib
ohb pz
oi zab
oib re
oib tib
oj rj
oj sf
oj yr
ok yo
ol or
ol zy
om uj
om wjb
oo p
oo zi
op seb
oq ru
or ux
ou pcb
ou sc
ow ox
oy rfb
oy sk
pb tv
pc rc
pd u
pdb rp
pdb xeb
pdb yj
pe rr
peb zu
pf xp
pfb qy
pfb uk
pgb r
pgb rfb
pgb xh
ph zk
pi uk
pi yv
pib pr
pjb vib
pjb ym
pkb rn
pl zab
plb zh
pm xf
pm xu
pn sn
pn tfb
pq qjb
ps wh
ps yb
pt thb
pt ukb
pu sl
pv ty
px zz
qd uy
qe sz
qeb rf
qeb xw
qfb tl
qfb xb
qgb wd
qhb xeb
qj yfb
qjb vab
qk zc
qkb wn
ql ubb
ql zib
qlb zeb
qm rbb
qm xv
qn yc
qo tc
qq us
qs vl
qt xd
qw tjb
qw vz
rbb sm
rc zfb
rcb sl
rdb ur
re yjb
reb tc
rf zb
rfb sz
rgb uy
rhb uy
rk wq
rkb ueb
rkb wv
rl rm
rn sv
rr sf
rt vx
ru wm
rv zd
rx yo
rz vv
s tlb
sab td
sab vk
sb sp
sb web
sc y
scb vz
sfb ud
sfb vv
sfb yn
sg ueb
sh sib
sj ue
sj web
sjb xbb
sk tbb
skb sw
slb sn
sn xy
so sx
so zi
sq zj
sq zkb
sr ve
sr yl
st zr
su vf
sx u
sy ww
sz yd
tdb yfb
te xm
tgb vy
th ubb
tib xfb
tib zm
tj zkb
tl yib
tlb yk
to wd
tp xgb
tt tv
tv zf
tw vd
ty ub
ty zhb
ucb veb
ud vjb
uf vh
ug xc
ug xlb
ugb v
ugb vb
uh yeb
uhb xdb
uib xs
uj xq
uk uw
um vcb
un y
ur zu
ut wi
uw ygb
ux x
ux xq
uz wq
vab xz
vd wfb
vfb zd
vg wh
vgb yab
vi wj
vi zjb
vjb vu
vkb xv
vlb ydb
vr xe
vy wx
wab wbb
wb zlb
we wl
wf xj
wfb yq
wgb yv
wib xn
wt zo
x yn
xcb yb
xdb ykb
xhb xt
xk yg
xl yl
xs yt
yab zl
ycb ydb
yp yt
yu yw
z zc
zfb zt
zib zn
