AAB WDG 
AABB OFY 
AAC DNTC INMC KNYB UNAB 
AACC NABB 
AADB VEP 
AAFB MIK VHDC 
AAFC HJL SMPC 
AAGB COYB 
AAGC AQJC JSBC LMRC 
AAH YJRB 
AAHC CBD 
AAK GCIC VYDB 
AAL BHDC 
AALB WIL 
AALC CDUC WTIC 
AANB TYGC 
AAO AOSC 
AAP CBNC EZSB JDQ MVGB ZTEB 
AAQ HZTB 
AARC GOFB MTV 
AAT UWS 
AATB MRIB 
AATC IPCB 
AAVB LMHB SOI ZTH 
AAW EAYB 
AAWB AIYB FTHB HFJ LDEB QQXB WBJ WXF 
AAX AGFB AWUC CETB E FCG IBPB ICW KHLC LUHC QOSB QTTC RYIC TYJC TYP 
ABB GB 
ABBB AZOC BAHC EBIC 
ABBC MKHC 
ABC EATC PQX 
ABCC AODB FHU PMEC 
ABFB ZJQB 
ABFC DXNB JXZB KUG QTLC XQNB 
ABG KBGB 
ABGC LPP 
ABJC OYFB 
ABLC IDKC 
ABM TJK 
ABN TCXB 
ABNB KHO OFOB TRVB 
ABPC GYJ TTDB YGJ 
ABQC FBXB MQAB 
ABRB BRCC FDPC OJPC OMKB SQEB YHGC 
ABU ATH DAQC NHIC ZZRB 
ABUB UJR 
ABUC CKVC 
ABVC GNSC 
ABWB XDN 
ABXB JXIC 
ABZ DUP 
AC OUFC YBFC 
ACC EEC 
ACCB HTDB NPMB 
ACDB AEY BNGC FKHB GHEC HMUC 
ACFB JRIB QOJC XJP 
ACFC TWOC 
ACGC RXY 
ACH BNGB CQL CTXB DEUC PDPB RRW TEP XVI XVSC 
ACJB GUMB 
ACMC FYHC WXNB 
ACOB CMR TEB TJNB 
ACOC ETUC OIZB YDK YRE 
ACP BKIC 
ACQB BZQC PPU 
ACR EKQB 
ACTB OWF 
ACUB UDQ 
ACV VJH 
ACVC ASF JET LKBB MNTC PL PWU QKCB RHT TID ZFKB 
ACXB BAIB CGIC LTI UYC WSF 
ACYB OFNB OMFC VUPB WJW 
ACZ VXRB 
ADAB JJM TQXB 
ADB GFLC LTTC VVGC ZIFB 
ADBC AKY 
ADE LOQC 
ADEB CYEB 
ADFB AMRB 
ADFC NPL 
ADG TFD 
ADGB DZY ENBC JRRB QEN 
ADHB JTRC NIZB OSS PPT 
ADI AJKB CHYB CQOC JRNB PGQ WRNC 
ADIC JLHB NPU 
ADJB DPH 
ADKC THG 
ADL XYFB 
ADLC PFDC QMRB 
ADMB TDJC 
ADNC CYJ 
ADO TEV 
ADOB EXGC ICOC JELB OIAB TWH XMLC ZXZB 
ADQC NOGB 
ADSB CIFC KXAB RQQB UWEB XSE 
ADT UBVB 
ADTC NCKC 
ADU ADYB KFLC WNW 
ADVB BKMB 
ADVC GBPB PDG PN 
ADW QPTC UGS 
ADX PDF YRL 
ADXB BIB NHJB NORB 
AE NTUC TQJC 
AEAC CBX 
AEBB SEN 
AEF OOAC 
AEFC HBVC RYDB 
AEGB HMJ JZIC YCHC YUHC 
AEI MWS 
AEJ HWCB 
AEJB ORVC REMC 
AEL XBSB 
AELC IJAB OSY PDLB RTOC TDC 
AEM IJWB 
AEMC COAC FNAC JWMC QMVC 
AENB MHM ZXE 
AEOC ITF YBJ 
AEQB MTS 
AEQC BXMC CHSB DXX ZAUC 
AERB SLM 
AESB GWSC YXGB 
AETB CALC 
AEVB GWO VP WJAB 
AEYB KRL 
AEZB DUPB HQTB MOMC 
AFBC XZX 
AFCC HAYB 
AFF WFK WUPB 
AFHB RYI 
AFIB HSGB VBVC 
AFJB LIHB QAQB 
AFJC OTPC XVUC 
AFKC SPB 
AFL BYBB 
AFNC EPMC PKUC UDPC 
AFO ESKC 
AFOC FENC RPRC VSTB 
AFP CSPB 
AFPC CCCC LUO SLG 
AFQ UZL 
AFQC MLPB 
AFRC CKUC 
AFS ITUC LHQB MNZB OCXB RSCC TLFC VDSB WFVC ZSCC 
AFSB VGXB 
AFSC EQVB RFT 
AFT FRX 
AFTB CXYB 
AFUB JCUB 
AFV QXGB 
AFVB KNL 
AFVC CAFC ORP YVK 
AFW CLZB HDOB JND LJIB PCRB PKEC 
AFY AQB LADB LWBC TBO YXB 
AGB TNVC 
AGC VMCC WBFC 
AGFC SUH 
AGG ANR IDSB TQLC 
AGGB IILC 
AGHC ZXBB 
AGIB TPQ UWFC 
AGIC HGH PNZ 
AGJ JXEB NZU YUY 
AGMB QYX XHJ 
AGN QZQC 
AGO WZAB 
AGR BW WMF 
AGTB IJZ 
AGTC GPHC JEIB MDEB MHGC PJC 
AGVC KCRC 
AGY YJOB 
AHBC JQWB UXPC ZRRC 
AHCC TKGB 
AHDB QJE 
AHDC DFG JIXB 
AHEC AXQ DYIC IFO LTH YSGB 
AHFB TXJ 
AHFC GNOC JFHB WBR 
AHG YOPC 
AHGC AXJ EASB HVIC RGHC YTU 
AHHB COIC 
AHHC AMZ JZMB SZM 
AHI LUDC ULIC YSAC 
AHIB AK MAHB 
AHK MBXB 
AHKC PDWB 
AHLC FSB 
AHMC RNIB UCRB 
AHN ZJ 
AHOC HGD 
AHPB DPR 
AHQB FULC YIK 
AHS FLR GFE 
AHSB VUM 
AHSC LPFB 
AHTB GOT 
AHUC RWB 
AHV MZRC 
AHW KJY 
AHX CWCB UHEC 
AHY DRNC QWAB 
AI NAO 
AIBB EMPB KGTC KPRC MBLB OFRB URDC 
AIBC LSO TRX YZJB 
AIDB DJJC 
AIE CXH XCR 
AIEB QWNC 
AIHB BIT 
AII QWT 
AIM ANDB BKDB EOGB OLV PZB QNGC 
AIN IMB JPN 
AINB HBQB ZYPC 
AINC VCW 
AIO BGU 
AIOC XIXB 
AIP CIX UQTC UVQC 
AIQC RZAC 
AIR GFVC RCPC RSWB RWNC SUXB YEBB YKB YLHB 
AIRC FG 
AIS BHZB WJIC YAIB 
AIUB PMI 
AIW WVUC 
AIXB ANTC AVMB PSEC 
AIZ CRD IQKC 
AIZB JPP QYJ 
AJ IKI 
AJAC ONP 
AJBB BBFC HACC 
AJCB JGU 
AJEB EL 
AJGB FODB SGF 
AJHC BET IGFB WOD 
AJI NBLB NDE OMHC 
AJK YPU 
AJMB FKQB WDZ WSI 
AJN GBOC LWIB RYG 
AJNB BIUC TUMC 
AJNC HJGB 
AJOC TWTB UXVC XRHC XWX 
AJP XJJB 
AJPB KIEB 
AJPC PYUB ZTLC 
AJQ BLXB FKN ZGSB 
AJR EMHC PTYB PYLB SRVC UJC USS 
AJSC OWY 
AJT PCJ 
AJV JYL 
AJVB NDL ZFLB 
AJX CWFB 
AJZB RTI SKF UHWB 
AKAC BKLC BRF IIU NVGC OQQ VJJC 
AKDB DJS 
AKEC MMW ONNB 
AKGB HGEC MGO PFB 
AKHB COOB 
AKHC TYH 
AKIB UTKC 
AKJ OOB 
AKKB KK NVP 
AKLC CHLC NBQC 
AKOC AVO 
AKQC FIR KWQ TBD 
AKT XFJC 
AKTC CFFC QFDC VGQC VJPB 
AKZB GDB ZKOC 
ALAB KQCB 
ALB CZZB IETB JYWB OCZB PHEC SPEB 
ALF CHE IFSC TQAB YBEB YDFB 
ALG BODC BTYB JWAC 
ALH TNOB 
ALHB OEXB 
ALK IRAC 
ALL FBNB LNC YUO 
ALMB THKB VYXB 
ALNB DCBC 
ALPB JRGB 
ALQ NFZ PJQ SQKC WBOC 
ALQB OOL 
ALQC UBOC 
ALS IHIC 
ALT GEO OEWB 
ALTB ESJ GPW HAC LQL TNDC UTOB XFG 
ALU BCT IOYB JSSC QETB QLXB QUAC TSNC UVT YGRC 
ALV APE EOUB HIY VMWB 
ALVC CRZ 
ALWB YCIB 
ALZ FDBB GHKC 
ALZB JWLC 
AM BEDC 
AMBB KKRC 
AMCB QLLC 
AME CDJC 
AMEB CAIC KER VWSB ZCMC 
AMEC VYZB 
AMFB IVJ VTHB 
AMFC NOEB 
AMJ IPMC YVKC 
AMK IYCC 
AMMB EDL JIC LMW 
AMN FLWB 
AMQ DSD MRVC 
AMR CFCC HYNC LBVB LGL UWV XZV ZTV 
AMS ZSW 
AMSB ROO 
AMYB DZNB MUTB VWC 
ANAC JESC 
ANB LTPB NYSB 
ANCB GOTC 
AND EJOC 
ANFB QJBC SHJC 
ANH KTD 
ANI KQX 
ANIC TJIB 
ANJ XAM 
ANO PVVC TQR 
ANPC SHHC 
ANQ OZPB 
ANRB GOMC VQVB XUXB 
ANTB IV NBXB 
ANU BPUC OWCC 
ANUB FT 
ANUC BDOC 
ANVB FQU KUGB SIZB XLIB 
ANZ VWZ 
AOBB EJCC HQUB LGPB 
AOCC TBIC TNSC 
AOGC TEGC 
AOHB FQT JPCC NVXB 
AOHC ASN 
AOIB IXRC TRE WCKC 
AOIC HTRB NFE TWFC UUR WCF XTPC 
AOJ EBKB FJAC HNDB NOPC PLBC 
AOJB RMH 
AOK PXTC 
AOM LNI QWCC 
AONB WSOC 
AOPC YWZ 
AOQ DHKC QKAB WXJ 
AOQB HPNB KKPC ZCK 
AOR UYMC 
AOSB CXK 
AOT MXH 
AOU MMPB 
AOUB LTHC 
APAC OCC 
APC FGX FOP LKO QGFB SOK UFDC 
APDC DGI 
APFC ESB NUJB 
APG HFDB 
APIB CUF GSCC 
APIC APQC MUMC QGB TBEB 
APL BAUB 
APLB LPY 
APM RYPB 
APNB TPH 
APOB EGSB PFAB TLKB ZTGC 
APP ZNPC 
APR GOE UCQC USEB XU 
APSB SHJB VBUB 
APSC XYT 
APTB NVCC 
APUB CKSC EAIC NBFB PCNC PDGC TJ 
APVB EOVB KYMC YMGB 
APY CWIB ELMB GUTB JQR NFQ 
APYB JNJC 
APZB DDI 
AQAC CZB FWW MRPC 
AQC PQO 
AQCC IBSC JIE XRFC 
AQDC FLIC 
AQEB DFF EPXB FAV MHAB 
AQH ELC 
AQIC JUXB 
AQM UBE 
AQN EFLC ER HHFB OIZ 
AQNB LTD QJCC RWD VQJ 
AQO INSB 
AQOB BMQC 
AQOC VDQB 
AQP RNFC 
AQQB SLYB 
AQR UZP 
AQS CQDC TWM VWRB 
AQT BATC JGVC NLB SLEC 
AQTC FHD HWX 
AQUC PYKB QGW QJLC THOB 
AQV QIOC 
AQVC HZE TKDB 
AQXB TREC 
AQYB POB ZWY 
AQZB XYL 
ARBB GHQC 
ARC PQRB 
ARCB KNNB WXRB 
ARCC IVQB IZPC NJPC YTVB 
ARD ITTC LUAB ZZDB 
ARDB FUFC KDP LBZ LDCC SOSB 
ARE TQZB 
AREB BPR 
ARH BYAC 
ARHB EWVC JYRC NKQ 
ARI HKQC THJ 
ARIC WRWB 
ARL FBY 
ARLC OIGC 
ARMB DBS ESGB FAS HRIC KEO VAAC VMW 
ARQ GHR TYOC VAGC WDEC 
ARQC KBY 
ARRC HEF NQG ONC 
ARSC SBJ 
ART WZOB 
ARUC FJO 
ARYB GMR 
ARZB GKPC QMMC VFDB WMMB 
ASAB SBGC 
ASAC MKNC 
ASBB EBLC JID 
ASC DFW POSB 
ASDB PYRC 
ASFB EKR GYEC 
ASG FVJB 
ASGC VUH 
ASH OKZ VQB 
ASHC DBDB JSGC TEO XWD 
ASJ CHH 
ASJC JXX WFP XYD 
ASMB DPY 
ASNB BZIB CZU ZUTB 
ASOC NCN 
ASQ EEQC HJF JZG LJE QFRC QXZB TDTB WOLC XLJB YUX ZBU 
ASQC CMGB CZVB EEHC ELMC IXB JUU KQVC NIPC OTV SAHC ZCLB ZDTC ZYZB 
ASR ATLB 
ASRC ZQRC 
ASVB NI 
ASX GVJ QIUC TFTC YIC 
ASY DYC 
ASZB DLH 
AT CAQB HREC JSMB OJS 
ATBB NFCC VDRC 
ATCB XLCC 
ATE LXY MNVC PQJC PSJC 
ATFB GFD 
ATHB CDE 
ATIB ZHC 
ATIC LCI 
ATJ LCCB 
ATKB FJDC RTTB 
ATKC RAM 
ATM II ZHHC 
ATN MAGB 
ATPC RLDB VJV 
ATQ BHW 
ATT QGNC 
ATTC SNO XKS ZHPC 
ATU LZV 
ATUB QGXB 
ATVB AZF KCM 
ATW WWHB 
ATX BQLB HWB ORAC XLLB 
ATYB DUDB FRAB IHFC MUW OQU 
ATZ FDIB 
AUAB CNMC OBU XMSB 
AUAC CJPC JOCC VLFC 
AUDB GWKB MDY NGSB SVCB WIRB XVK YJH 
AUDC PSOC 
AUEC VGYB 
AUFB VVI 
AUFC ZNLB 
AUHC FVAB 
AUIC HWAB LQNC QBE WDFC 
AUK DCQ 
AUKC DVVC EHN WNMB 
AULB SBV 
AUNC DAI DBZ FBPC UZNC 
AUOB KTH 
AUPB ZUWB 
AUQB CGG TFVB 
AUS AZV 
AUSB NWDB 
AUT QOEB 
AUTB GZO 
AUUB IIC 
AUUC DMJC QYKB 
AUV FSW 
AUVC MLKC PSEB SIL 
AUWB BJE SRS 
AUX QSCC 
AUXB IFPC 
AVAB OLJC 
AVC EVUB 
AVD IJVB KH QCCB SJAC SLR XKJ YUK 
AVFB BXKC 
AVG TVIC 
AVHB LYM UCH UGKC VNXB WTJB 
AVI BJRC JZNB WXV 
AVJ FOB 
AVK XRWB 
AVKB PCL VMFC XEJB 
AVP CFHB 
AVQC MQDC 
AVRB INWB 
AVS FHMC SUHB 
AVSC ORLB 
AVT NTU 
AVTC FEZB 
AVUC KVCB RKIC SNHC VHVB 
AVX BSCB QTKC VAE 
AVYB GZR 
AWAB LB 
AWBB HHCB 
AWEB WYW 
AWFB DOKB 
AWG HRU PTOB 
AWIB KRG QZW SODB 
AWJ AZJ GRFC KZAB 
AWJB ERF 
AWKB CXCB SKR URKC VFEB 
AWKC VYNB 
AWLB OWWB WTDB 
AWLC RLL 
AWNB COZ 
AWOB LWRB 
AWQ IUTC RWL 
AWQB BOP 
AWRB CLLC IQFC MRSB 
AWSB EIDB STK VWTB 
AWSC NHF ZHUB 
AWY TRVC 
AXBB NXRC 
AXC BCRB JTKB YUI 
AXCC AYP 
AXE GHN MAO 
AXEB CNZ ZMXB ZVWB 
AXEC QAMB QXM 
AXF GK GQJ ODGC SOJB YDU YVZB 
AXFB OSBC 
AXI EXKB 
AXJC ZFZ 
AXL LGVC 
AXMB EGVB ERGC 
AXO ERQC GLJB KDIC 
AXP CSE 
AXQB OPIB 
AXRB DPG GAB IKN LQS PBF TFFC WVX ZRQC 
AXS LQT NEHC WHJC 
AXSB LES LWX MYTB PRDC 
AXSC HQO SOXB 
AXTB EJMB MQMB 
AXV LOEB WBZ 
AXVB VKB 
AXVC EZYB 
AXW ROV 
AXX NFB WRK 
AYAC KVBC 
AYBC TGR ZPKC 
AYDB XMW 
AYF EBOB 
AYFC IPS 
AYG KUOC 
AYGB BTF GWIC MXVC OFZB PGRB TMW UNP ZBC 
AYH FEC LKR WBMC 
AYHB EJBC QRUB SPEC 
AYI KZDC YHM 
AYIC QURB 
AYKB WUXB 
AYKC IWCC XNAC 
AYMB DJT OCSC 
AYNC IXDB 
AYOB BAV BZI EQDC KYT PJJC 
AYOC GQDC 
AYU GRU 
AYUB LBEB 
AYUC CUAB RSNC 
AYVC JPQB JQO RBU UCN 
AYX KXPC 
AYXB WGQB 
AYY BBC 
AYZ IONB 
AYZB WET 
AZAB LLSB 
AZB LYXB 
AZBB TFR UPHC 
AZBC WOW 
AZDB DBR GGQ OZFB QPPB TRZ 
AZGB BVIC TBB 
AZH QXGC UR WOWB XUCC YSYB 
AZHB ELG RRUB UIW 
AZHC JFRB RLQ VPVC 
AZI GAXB USAB 
AZJB TQDB 
AZLC NQD 
AZMC VVMB 
AZNB UHPB 
AZOB ZCBC 
AZPC IBLC MPQB UEY 
AZQC PFT 
AZR UIM 
AZRC SWOB 
AZS LFEC MGJ NTT RXTB 
AZUB RZXB UOSB 
AZW SWZB 
B CGFB FTBB URQB ZJUC 
BAAC RGN WTNC 
BAB KXNC 
BABC IOMC NSD 
BADB FCEC 
BADC FQI 
BAEC KPTC 
BAHB LGHB UTY 
BAJB XMJC 
BAKB LHMB LTAC 
BALC JGGB OQFB QHW RAMB 
BAMC YVY 
BAPB FFL 
BARB NTAC 
BAUC YAL 
BAVC NGZB 
BAW XONB 
BAY UEG 
BBAB DNSC 
BBAC FZK XPI ZGTB 
BBCB CIKC SVQC 
BBDC GGOC 
BBFB BCFB 
BBHC VPDB 
BBI RMJC 
BBIC VIM 
BBJ IYTC JJR 
BBK RMF 
BBNC CUK DHFC SZEC 
BBOB XTZB 
BBP RTWB 
BBPC JSPB 
BBQC JJC 
BBR CTS OYOB QUIC 
BBRB RTJ 
BBSB IAKC KSTB 
BBTC HHX 
BBUB VSN 
BBUC KLU LXGB OYB 
BBV EEZ 
BBWB RQX TMHC 
BBZ HDW SVL 
BCAC GLV KCNB QEVC SZPC UCOC YRIC 
BCDC ORW RPFC 
BCFC IEEB JFAB 
BCHC IRBC MANC 
BCIC OGBB YMS 
BCJB BGOB NICB OXEB PFBC WCG XZDB 
BCK FCH VIT YTT 
BCLC GUB 
BCOB FHAC IVDB 
BCOC LNP SYLC 
BCPB CFX 
BCQ HKAB ILYB 
BCQC WI 
BCU EBS WMNC YRVB 
BCWB BVFC 
BCX EC OFW SRX VDR XCOC 
BCXB BVTB OSSB 
BDBB LGQC PPSB 
BDBC QBR 
BDC TXJC VJIC 
BDCB CUZ QVF VFT 
BDCC DYOB PNRB SDJB 
BDD CIG NGRB QOP 
BDFC JLIC YQQ 
BDH LRKB 
BDJB HGTB YTCB 
BDJC FLKC GWDB KWAB MZBB PLEC XSDB 
BDK HVKB 
BDKC DRD 
BDL UXT YJQC 
BDMB JAZ 
BDMC KGBB RJCB 
BDN TQRB 
BDNC MZIB RKFB 
BDO EMG HGPC SWO 
BDP NMQ 
BDPB TSGC UNF 
BDPC WCLC WMDC 
BDRB BSK XQPC 
BDS DIB EADC 
BDT FPP RDW 
BDTC RTZB 
BDUB HBDC 
BDV XRCC 
BDVB BMC 
BDWB GP 
BDX YAJC 
BDZ IYDB 
BDZB EAGB JSNC 
BEE ZAV 
BEF OMR RIIC 
BEFC CYSB 
BEG BLVC 
BEJC XGUC ZQUC 
BEK CJWB 
BEKC MUGC 
BEN KUDC SPHC TQC 
BENC BWP CWT 
BEOC SRY 
BEPC PSQB 
BEQB ZYVC 
BEQC COCB 
BER MDC 
BEUC GBNC SNTC 
BEV DLOB KUKB 
BEVB YOEC 
BEY SVE 
BEZB CDG FDD HQXB LJFC LPGB LYO RMZ 
BF DWWB 
BFAB TWBC 
BFD LDRB 
BFEC IABC 
BFFB CRNB 
BFG JCU RGMB VFOC 
BFGC BHOB JOK 
BFH BJDB 
BFHB UKC 
BFJ BZYB GKIB MGVB 
BFKC EVL 
BFO JQOC 
BFOB DHMB DNP PFQB WIY XML 
BFOC CDCC 
BFPB QWN 
BFQ QHR SPN YMW 
BFS COPC EJDC 
BFSC INZB UHQ VYCC 
BFT OJD QRFB ZWSC 
BFX GCBC 
BFXB LLKC 
BFYB LDCB 
BGAB KOLB 
BGE NX TCB WQLC 
BGF GRV 
BGG CMW 
BGIC WXQC XKZ 
BGK GDOB 
BGL FACC 
BGMB CDQC GZPB 
BGMC NYC UIU 
BGOC QNP YVOB ZJY 
BGP POM 
BGRB NYWB VGE 
BGS LITC OTVC ZGR 
BGSB OHSB 
BGTC HVLC 
BGUC EGCC MMI NGPB 
BGW JJY WZP 
BGWB IZGC 
BGXB SR 
BGYB HRVC ONJC YEJB 
BGZ SQM WNVC 
BGZB RXL YAVC YBYB 
BHAB TNZB 
BHB VSUB 
BHC HXNB 
BHCC JHNC 
BHFC PWFC 
BHI VHOC XYKC 
BHIC YQE 
BHL XCZ 
BHLB UNTC 
BHMB MO UOTB 
BHO CJW IUXB VO 
BHPC CW DJVB PCRC QAFC QAZB TPRC XPNC XTIB ZMW 
BHRC GKZB NJBC OPCB WDRB 
BHSB POEB 
BHT VPYB 
BHTB LTRB 
BHVC BS 
BI DARB GIQ 
BIAC NBFC WKU 
BIBB FVL 
BIC ISW 
BIEB ZFB 
BIGB IFCC 
BIIB VCC 
BIIC EVO MTAC XUS 
BIL DAH GYSC MDO NAAC 
BILC SMQ WOIB 
BIO KRXB 
BIOB KVNB MPHB 
BIPB QRMC 
BIQC DJM FTJC GPMC IAZ LTVC NAGC UBEB WEJ WXOC XJLC XYB 
BIR NUU PQXB VKFB VPJB 
BISC NYW QYNC VJP 
BITC ZSEC 
BIU SAFB 
BIVC VAQC 
BIW BKBB CGDC SZ ZIYB 
BIX MVCC 
BIXB GQIC XGXB 
BIY IBG QVYB 
BIZ QLIB VFUC 
BIZB TXLB 
BJAC GQFC GTD QFNB 
BJBB FN FYBB JKAB TZQC XMYB 
BJC KHDC 
BJCB LEKB 
BJDC YQYB 
BJEC EYZB JLGB TYDC XCN 
BJF VUO 
BJGC GZG MIY VRIC 
BJHB MSBB UZPB 
BJIC NCW UFTB 
BJLB KVZ 
BJM JVFC YJLB 
BJMC VLDB 
BJN CTW 
BJNB FNDC 
BJO EDE MSC 
BJQB EKF YEZB 
BJR QOH 
BJTB IUM SXT 
BJUC CVTC 
BJVC EFQB LQVC NSNB 
BJY LLJB 
BJYB VPTC 
BJZ IUDC 
BKAC IWCB 
BKC WVEC 
BKCB PYN YQ 
BKI VLD 
BKJC DSGB QAPC XHY 
BKK KWZB NQNB 
BKKC HTV TXHC 
BKOB BMJB 
BKP DKGC GRCC MSP PMKB RYPC 
BKPB XNEC 
BKQ PKOB QEFB 
BKQC QMN 
BKRB DQMB JFN 
BKV KFDC 
BKVB ZPVC 
BKVC QCIB 
BKX PKOC 
BKYB QZKB VTO YLMB 
BKZ NGE 
BLE DNSB NBJ 
BLEB JBEC NFN 
BLEC TRH 
BLFC OZUC 
BLG UVC 
BLI MJPC PXN SCQC 
BLJ DIRB FXXB FYGB ISJ KVJ KYI PWEB QPRB RPPB 
BLL TKM YEO 
BLLC HFFB 
BLMB CMRC KCE 
BLNB LSX ZAXB 
BLO CRS 
BLOC OOBC 
BLP BPG UYYB 
BLPB MVBB 
BLRB FQ TVHB 
BLSB DKPC 
BLSC LNMB 
BLVB EYTC 
BLW GRO IZE 
BLWB MOYB 
BLX ICQC NXW RZUC TLEB 
BM JUS 
BMB HQI VVOC 
BMBC HHHB JJW NSMB 
BMDB GZUB SDZ 
BMF ONQ 
BMFB KFOB WAT XQGB 
BMG YEN 
BMHB IIUC JMD ZIFC 
BMHC JMB QPZB 
BMJC KWQC VGZB 
BMK HYV QWG 
BMLB UYG 
BMM BQV CFB DYBC EVG FLFB GCB HYHB IVFB KDMB LNG LST OKF OSG RLDC TVGC TWF VDFB VPOC XFQB XWS ZAJ 
BMQ DHW XCS 
BMR JJQ 
BMRB EJG RDEC 
BMUB ZKUC 
BMX HBIB 
BMXB HTWB 
BMY XQE 
BMZ UMFC 
BN CKCC CQB CQGC GIDB IOY LCNB NYZ QOOC VTP WUCB 
BNB ZPO 
BNBB ZWP 
BNFC CAVB CON 
BNH WAH 
BNHC ISTB MPH 
BNIB OBIB 
BNKC HTDC QYAB SOJ ZUAC 
BNL YLP 
BNLB NPHC 
BNNB LTGB 
BNO DWHC OYTC UXTB 
BNPC GIOC 
BNQC YPS 
BNRB UFM 
BNRC NMCB OSYB 
BNS NLKB PSY 
BNSC NRK SV 
BNT MQH 
BNTC CAPB LHFC NPIB OLHC RTC 
BNVC WYRC 
BOAB MVV 
BOCB DTMB 
BOCC UULC 
BOD HBXB 
BOE HIFC LRD 
BOEB FLJC 
BOF DKTB GSZB 
BOFC EYMB QRJC ZGEB 
BOG DEVC SOVC 
BOGC LPU 
BOIB ZCJC 
BOJB LMQ 
BOKC XXHB 
BOMB NNQ QEJB ZWJ 
BONC OHO 
BOO QXL 
BOOB CIQC 
BOOC CSEB MLE O 
BOPC GBRC MJK YOB 
BOQC CUJC FAEC YZZ 
BOR JRAC VOLC 
BOSC IIQC 
BOT KFNB 
BOU CFLB FIL 
BOVC KOFB 
BOY HXR 
BOYB USUB 
BOZB NLE 
BPBC FDQB FOJB 
BPC NTCC OZNC WVDB 
BPCC CVCC 
BPFC NBKC NIV NWU 
BPGB MWAB 
BPHB IHOC SYEC WMQB 
BPI FDL 
BPJC FDBC 
BPLB WAK 
BPNC UYWB 
BPOC IAOB OJXB WGEC 
BPP QSRC 
BPRC ZDI 
BPS IMQ 
BPTB NPLC WBU YIL 
BPTC DPRB 
BPV PTMB 
BPVB HBZ 
BPWB DGTC QUIB 
BPX QROC XTWB 
BPY SXHC 
BQC UYPB 
BQGB SCBC 
BQHB GQMB PYEC 
BQI IEPC NDJ QLX UNR WLP WNR YNDC 
BQIB KGB 
BQJC SFM 
BQM VLRB 
BQN LMUB 
BQO JFZB JWY SDRB 
BQOC ZZQB 
BQQ TWDC UGSB XSBC ZBB 
BQS QDHB ZVI 
BQSC KCUB 
BQT FGD KLDC 
BQWB EIJC 
BQX KBB 
BQXB CEYB 
BR LOY MJUC 
BRAB KVP PNTB SVDB SXJ 
BRBC CGWB SBOC WTXB 
BRDB BZSB 
BRDC ULM 
BRE VPS 
BRHB WPCC 
BRIB FMV 
BRJ EHF NDNC 
BRJB MEDB TTVC 
BRK VDJC 
BRLB PZAC UZM 
BRMB GBD LPM MFIC TADC 
BRN ZUZB 
BRPC WRYB 
BRQ VAQB 
BRQC KJIC KWSB QFP YFO 
BRSC EODB FCVB HXY MAN QPU RQNB RVM 
BRT TGAC 
BRUC PTI ZDSC 
BRV HQVB 
BRX ZZX 
BRXB FZD 
BSB TZP 
BSG ZFHB 
BSGB DXWB HGOB HIK NWJ YPIB 
BSGC MPT 
BSHB NLAB 
BSHC DYUC HGDC 
BSKB NUXB 
BSKC FOU 
BSM EGM PNEC 
BSN VVUB 
BSNC DWVB RBKC 
BSO PRV 
BSOC JWVB RVJ 
BSQB MAIB RLZ RNMC 
BSTB WCM 
BSX VTIB WTEC 
BSXB DEFC FWMB TDBC 
BSZB PIIC 
BTAB ZVQB 
BTB GHL PMQC 
BTCC MUIC 
BTDC ZCNB 
BTGB KBYB OEIC 
BTI SXEB 
BTKB QCN 
BTL QXRB 
BTMB JCNC 
BTN EHG MYFC NQBB 
BTOB ILAC 
BTP RQU UTDB 
BTRB UWZB 
BTVC YOAB 
BTZ FUHB 
BU HHTC 
BUAC BYJB ZBPB 
BUBC LTGC 
BUCB FXX GQ JPO TRT VNG WBT 
BUEB FLU IKZB LDTB LNTC OMW PXHB STYB TOPC 
BUEC FLCB VRPB 
BUF UVAB 
BUFC BUQ NLGB 
BUH QQH 
BUIB OIIB QOMC 
BUIC YMDC 
BUKB YGUB 
BULB SYJ 
BUM HJIC 
BUMC PZQ TPNB 
BUNB WOSC 
BUNC EGRB YSS 
BUO NCDC 
BUP GWJC HNKC LVIB 
BUPB JEAB 
BUQC FNW IZCB 
BUTB KTNC PAKC PYLC UFB VHV 
BUUB ZMOC 
BUUC UME 
BUW ICUB 
BUX NZMC 
BUZ CXEB PWQ 
BVC SIV 
BVDC YJEC 
BVEC ETRB 
BVF FYVB 
BVG IEDC JEQC NBEC 
BVH SNAC 
BVJ LCKC OHHC TSI YKJ 
BVKB DQTC VZT 
BVLB HAOC 
BVLC DACC DH FVN NKGC ODF QVC 
BVMB LTHB SRGC 
BVNC COY 
BVOB XMVC 
BVPB SLGC 
BVSB FBDB 
BVTC CRWB DOWB DXR IPDC NZSB WTJC 
BVUB EVSB 
BVVC LNHB VNVB 
BVWB GTCC 
BVY GDAB QXT 
BVZ OCGC 
BWAB CZMB 
BWB JMCC 
BWBB FJF GTSC HEYB IYN LZAB QKQ QUI UIRB WRMB 
BWC CLHC 
BWE COH 
BWEB JSEC OXBC RGMC 
BWHB ZGUB 
BWHC GLAB VTGB XJPC ZZBC 
BWI URP 
BWIC SILB 
BWJ JPI 
BWKB YDC 
BWKC PWI 
BWL QJEB 
BWLC GKL 
BWMC OEP 
BWN TWE 
BWNC QBT 
BWQB QIW 
BWS IIHB RHIC 
BWSB QJN 
BWSC LOHC OPP 
BWT NMZ 
BWTC EMZ JFTB KJQB 
BWV FJP 
BWVB UMOB 
BWWB DFC 
BWY XPU 
BWYB EQAB RLFC 
BX JOQC YEXB ZTFC 
BXDB GMC 
BXE CRY GZX MJV YNJ 
BXEB YOWB 
BXF UEMB 
BXGB PGQC 
BXGC URVC 
BXIC FOUB 
BXJB GOJ LBSB MVSB RVZB SQR WCXB 
BXM JAPC 
BXNC XPZB 
BXOB LCNC 
BXRC HAO IDSC JMS USX XFUB 
BXTB RVG 
BXU OAJ 
BYB VTGC 
BYCC GXBC RKY 
BYGC CLF CLPB DQZ MBIC 
BYIC YYT 
BYJ RELC YZDC 
BYK VNOB 
BYL OIJ 
BYMB DUFB IBI 
BYOB UUHB 
BYPB YXQC 
BYQB NYKC QGVB SYCC ZGDC 
BYQC KGKB 
BYT WRJB 
BYUB DMLB 
BYUC FPAB HRH VEU 
BYVC XLJ 
BYW SL 
BYX XPRC 
BZB UIK YAI 
BZGB KHTB 
BZMC VMG VSMC 
BZN OBE ZFO 
BZO UWQC 
BZS NNZB SLJB 
BZT KSF UUL XGAC YXBB ZVCB 
BZTB CG CZM VCDB 
BZZB VXUB 
CAAB LJL MGUB XYRB 
CAAC JXHB 
CABB HOSC 
CAC FUJC PHE 
CACC FNUC 
CAD HPTC 
CADB DXZ QJRC REOB SNIB XCDB XFO 
CAFB MEJC YANB 
CAGC TSMB UCQB 
CAI FKQC 
CAIB QKUB 
CAJ GJFC QRU 
CAJB XPVB 
CAJC FUU SJWB XIRC 
CAKB FFN ZKRB 
CALB FVK 
CAMB DIM 
CAN LFD MVFB 
CAOB DOR FVVC YFV 
CAOC KQV 
CAQ XZN 
CAS OWH SZXB 
CAU IMDC 
CAUC LFNB OHP RJVC VQSC XMT 
CAYB YLDC 
CAZ TUVC 
CBAC VWI WJ 
CBC LCYB 
CBCB XGBB 
CBE NRQB OHZB WNNB XEMB 
CBEC XHDC 
CBF GSAB HWRC TVMC 
CBFB ECLC PRPB 
CBGC ILDC OUL SQLC XMJ 
CBH QAL 
CBI TNWB 
CBIB RNLC USDC 
CBIC CNRB HNFC PXEB UUY 
CBJC JTIB 
CBK CPWB CQJ HALB 
CBL HWK 
CBLC MJZB RGB RMNB UNMB UWLB 
CBMB EAFC EDQC RLW 
CBO EOI QFFC VPCB WTB YGXB 
CBR RNGC 
CBS VXB 
CBSC XOCB 
CBVC YXE 
CCAB CDH GJE TTJC XLD 
CCFC PQPC 
CCH UBD 
CCJ IWZB LUIB 
CCKC FQHB FXMB QPUC 
CCN VYOC 
CCO RUOB 
CCPB MLB UIF 
CCSC GJK LRPC LVL SER 
CCTC WQU 
CCU FULB 
CCUC WAKB 
CCV TOIB 
CCVC GDDC 
CCW CLVB HVQB LII LMEC SB SIEB UNV YID YOLB 
CCXB ONIB YOHB 
CDAB WEYB 
CDC DUD KOTC OSFC 
CDCB FZV PJKB 
CDDB UCB 
CDEB DINC 
CDEC FVDC 
CDHB HKV 
CDI MWLB 
CDJB SRQB 
CDLB EKIC TAL 
CDNB EOKC GTU JLF 
CDNC TNHC XHZ 
CDOB LYOC 
CDOC PGWB 
CDQB GBHC VKQC 
CDR J 
CDT FCQ JCAB 
CDTB JLHC KOZB 
CDX RLCB 
CDYB VYNC 
CEAC YEQB 
CECB IWZ LDKB MNX 
CECC CZJC TCD 
CEDB FGOC ZAX 
CEEB HLLB 
CEF DMK 
CEFC GIKB WTD 
CEGB VHI 
CEH VJG 
CEHC YDFC 
CEI PDH 
CEIB PADC 
CEIC QFL 
CEJ KKD 
CEM KJT YCL 
CEMB IWN MVN QXAB 
CEMC ILR 
CENB OMJC 
CEOC YVFB 
CEP KMHC 
CEPB EOCC NURC 
CEQC LHHB 
CERB KHAC 
CES HCK QURC 
CET IEZ 
CEU MLUC TLL 
CEUB UXAB 
CEV IGHB KNG QJUC 
CEVC CXC GUTC HDF YALC 
CEX PFGB 
CEXB DTLB 
CEY OES 
CFBB KPEB 
CFC FWH 
CFD IFK 
CFEB EXWB 
CFFB RWUC 
CFHC JKR OVZB XTT 
CFIB MZYB 
CFIC ORD RUQ YXBC 
CFK QGRC RBLC 
CFOB WNM 
CFP XJV 
CFQC KKX ORSC USNC 
CFRC HPI 
CFSB NZZ SBD 
CFSC NSKB 
CFU OZO 
CFUB ORDC 
CFV ZPY 
CFVC TLDB WHS XKP ZRVB 
CFW QLM 
CFY WAL 
CFZB OXYB 
CGAB RWNB 
CGAC DUH 
CGBC FVWB KWMB KZS 
CGCB VYOB 
CGD FZRC GJZB RNUC VDB 
CGDB TUIB 
CGEC HTCC 
CGF RGXB 
CGGC FPUC 
CGHC DJIB 
CGJB LZM 
CGLB SQDB VNAB 
CGM EOOC EUT MDG NQEB RPRB VJUC 
CGMC JQL OX 
CGOC IIAB 
CGPB INPC JXKB 
CGQ FPN ITNB 
CGQC EJTC 
CGSC DQAC IDL SFU XIBC 
CGT RPTC 
CGY QQLB TTUB 
CGYB ZQAB 
CHAC MFBB OJLB WFI 
CHCB QHYB 
CHCC UCBC VHJC 
CHFB GBJC MVYB 
CHGC NKIB XLG 
CHHC ILU 
CHIB CZMC EIP GKVC KNQC 
CHIC HJFC 
CHK IEDB KBR LNLB 
CHL EAVB HUKB REAC 
CHM YOT 
CHMB EDQB 
CHN LZNB MWKC QEU 
CHNC VPT 
CHPC DOFB WQPC 
CHQC EPB HYYB INT 
CHRC KSX PHI 
CHSC HAX 
CHTB DFL GELB IHQC ISJC RJ XJR 
CHVC HU 
CHW RAG 
CHY IUH 
CHZ XVY 
CHZB HFC 
CIAC GOYB NBJC 
CIB DRH 
CIDC XEYB 
CIE EWZB 
CIF MYGC 
CIFB OLAB RMYB 
CIH KLX 
CIHC SZBB 
CIIC OUFB 
CIJB UUJ 
CIK VXD 
CILB OAXB 
CIM TBGB ZNKC 
CIRC JYZB 
CISB MCSB NRIC 
CISC CMMC GKFB 
CIT DWB 
CITB TVM 
CIW UMD 
CIY FPPB PDIB 
CJFB HAFC 
CJG FTPC 
CJH JEUC QCHB TYHC 
CJHB MIPC 
CJHC KEAB 
CJJC WSFC 
CJK NYRC 
CJL IHJB QJC UYZB WHLC 
CJM DYEC PAMB 
CJS FSC MTHC OTGC PVNB RMBC TULC XDLB 
CJT PKY 
CJTC IUQ 
CJXB WQG 
CJZB XSKB 
CK DYFC 
CKB FEWB KPMB VRMB 
CKE GVOB 
CKEB JTZB SOMB 
CKF KMQC SDNC 
CKGB EW GYEB MDV PXWB 
CKHC WYIB 
CKK IFG 
CKLC UGUB 
CKM VVDB 
CKN LZZB 
CKOC VSQ ZJP 
CKT OFP 
CKTB GRD 
CKW VOW 
CKXB SYNC UT 
CKZB TMSB 
CLCB GJEB 
CLEC HFPB 
CLFB VWDB XGFC 
CLFC JOX 
CLHB DKW TPSB VRCC 
CLIC HZCB ILJC YFLC 
CLJ EGQB QOLC 
CLKB XTGB 
CLKC GJY KLJB LPD PIUC TGSC WSIB 
CLLB GTB 
CLNB FXQC SXP VVJ 
CLRB LVHB PCYB 
CLSC KIIC OVAC ZCNC 
CLT DLU 
CLUC LTPC MPBB QBM 
CLXB PSCB 
CMAB JXBB NDAB RAOB TFUB UQQB VHNB WZHC 
CMAC JK 
CMBB UQWB 
CMC EMIC LLT LQKB QNAC 
CMEC NSEC 
CMF FSV IPBC MEQ PJFC SWTC WAD 
CMFB IRRC 
CMIB MGKB MYPC 
CMK VDMC 
CML ETJ QMOC RAV RSJB XJNB 
CMLC VCD 
CMNC KVNC YNOC 
CMOB HHPC KXMC VAKC 
CMPB FGFC ODFB 
CMSB UAHB 
CMUB ZZLC 
CMUC GVSB 
CMV IYC 
CMX DCEC 
CMY QET 
CNAB JVYB 
CNAC LFGC LXVB MUWB YJD 
CNC WSAC 
CNCB ZAGB 
CND XBQ YZY 
CNDB DFEC PWNB XQAC 
CNEB PGSC 
CNJ IDZB XXMC 
CNJC YAQB 
CNKC EPYB PKZB 
CNL HHI 
CNLB EIGB EZGC IRU UFLC 
CNPC ZPXB 
CNRC DOAB EVRC VOJC XGW 
CNS CWF GELC NUHC SDK URW ZHPB 
CNSB VAL ZIX 
CNSC CTB JMI LSNB TYO VKX YETB 
CNUB XIIC 
CNUC JOPC XID 
CNVB HQU 
CNXB DIRC DPBC HRUB PSZ TUGC XEPB YMYB ZFNC 
CNYB HPQB 
COC VIRB 
COCC GGIB UVQB 
CODC NPR 
COFB GZRC 
COFC RUM 
COJ LMWB 
COJB SXIC VWLB ZYH 
COKC LLYB 
COL HIC NB 
COLC DAY KEJ 
COMB JAM RLWB UXKC 
COMC HAT QBOC 
COSB ZUR 
COSC PHCB 
COT KZBB MOLB UKQ 
COTC TMMB 
COU SAHB SEGB 
COW HXCB 
COX EBMC GLGB 
CPAC PPGB 
CPB HSP 
CPBC JPHB MKHB WOPB 
CPCC JFP QODC TLIC 
CPFC DFDC JLCB KVHB LUZ QJFB VCH WGWB XOZ 
CPIC YCEB 
CPK HCOC OERB XOGC 
CPLB DNWB TTY 
CPM QPQC TPUB 
CPMC DJGB NRRC 
CPOC GJU NLIC 
CPQB PUO TGTB 
CPQC FFCB 
CPRC HQKB 
CPT GAWB LLGC SOQC WBJC 
CPTC VAP 
CPV UOQB 
CPVB JUT 
CPVC WYI 
CPW ZHVB 
CPZ ECK MJYB 
CQAB OYZ RYRB 
CQCC III UFKC 
CQEC GWHB HLS 
CQI YBAC 
CQIB KDAC OEU YPEC 
CQK OCPB 
CQKB TES 
CQLC WUEB 
CQMC DFR 
CQN UDVC 
CQNB OQBC 
CQOB OIAC 
CQP HDRB HTO OCRB 
CQPB FZZ 
CQQB IKYB QTRB 
CQQC NAXB 
CQTB ITEC NPK 
CQU QMR 
CQVB XQMC 
CQZ IDUC 
CQZB WERC 
CR VEJ 
CRE EBPC FSNC WTMB XBIC 
CRG IZT ZNE 
CRI JJDC ZURC 
CRIB UJLB 
CRK FHTB PQUB 
CRKB JIVC 
CRKC YZX 
CRLB WQAC 
CRMB DHHB GKXB RRIB WBTC 
CROC MWVC 
CRP DLLC 
CRQ KQY 
CRQC FYY 
CRSC ISXB OQWB 
CRT GHEB 
CS QRE 
CSBC JBLC MZVB TJDB 
CSCC KHPC PPTC 
CSEC TQHB 
CSF WES 
CSFC SIT 
CSG HEOB 
CSGB JXW 
CSHC DHCB 
CSI EENB 
CSJ ONPB 
CSJB EGYB FQUC MCKC ZPP 
CSK JJLB 
CSKB QHMC QUWB 
CSLB WKF 
CSLC WYL 
CSM IKLC TDEC VJ 
CSO EYDC OEAB STOC WKJB 
CSPC XXTB 
CSQB TZGB 
CSS QPBB UJE 
CSSB JJH 
CST JKG PLJC UWAC WQCB WTX 
CSU OHPC STRB YMMB 
CSUC EQV KADB KQHC SESC 
CSZB VJO 
CTDC KJPB 
CTE DSBB XNAB 
CTG ZRH 
CTI OCJC 
CTIB FIW GQLC HTNB IIPC LCJB LGMC MNM 
CTLC YCSC 
CTNB FOQC 
CTOB FDC 
CTP YLIB 
CTPC HOYB IMMC 
CTQB HL 
CTSC ZGG 
CTTC DRVB EEW FROC LEZ OPOC QCJB TDM VYBC VZU YKSC ZEH 
CTVC QBHB 
CTWB JUEB KTX 
CUAC RQG 
CUCB EZJC OYJ 
CUFB RSJ ZSJ 
CUGB EQXB UKF 
CUHC EQT 
CUIB UNT 
CUKB IVSB 
CUMB WTE 
CUPB CYY OUU 
CUQB KOJ 
CUTB SEAB 
CUTC NCAC 
CUX SJBB TMTB 
CUY KUCB 
CVAB WAO XTH 
CVAC GIE WOC 
CVBB ITD JHLC 
CVC ZJQC 
CVDB RGWB 
CVG TQFB VZL 
CVK MTPC QJXB 
CVKB FXZB 
CVM NVDB 
CVNB PNIB 
CVO DQSC QLHC 
CVOB XLT YKM 
CVQB VVK 
CVSB DWP LZP PDUC RVGC 
CVTB TCK 
CVUC LIEC MWJ 
CWAB ZAP 
CWAC KREC VUKC 
CWCC QXEC 
CWDB KMEB QJMB 
CWDC HRZ IBIC 
CWGB MTFC 
CWH DFMC EIOC GANC IWDC LESC LQDC OMOB SAN TGHB TSV XPPC 
CWHB RBRB 
CWI NINC 
CWIC JKH 
CWKB KNIB 
CWKC UKTC 
CWL DJE RYS 
CWNB DRIC 
CWO KITC MTJC RIWB 
CWOB RBRC 
CWOC GUEC GYO ILPB JTUC SPH VDTC 
CWQ EMOC VUAB 
CWQC RCB RUG 
CWRC DBV 
CWUB FBEB FCL FGIC QRPB 
CWVB RBZ RUXB 
CWWB HRHB SYUC VVC YSLC 
CWX EJ 
CX GMSC NFLC 
CXAC ETSB 
CXBB SAK SRWB 
CXBC HWEC LIJC 
CXCC LOD SHRC 
CXD DVUB GWN KQH 
CXEC HDTB JEN NEB TZMB 
CXGB MNIC 
CXI OTD 
CXIC JLTC XLAC 
CXJB LUQC 
CXLB SPKB 
CXLC HZZB XLTC YET 
CXM DSHC 
CXPC LYTB 
CXR DFQC 
CXTB QTPB 
CXU FLS IOD NKBB POUC WFCB 
CXXB DDMC 
CXZB RQRC ZPH 
CYAB OQV 
CYCB TTB UOX WKSB 
CYE HUD 
CYIC KOAC XDLC 
CYJB DZN RPBB 
CYKC WVT 
CYL ERL LQOB 
CYLB YRMB 
CYO KIIB KMKC 
CYQB UTAC XMAC 
CYRB ESH IQE 
CYSC ZMS 
CYT SVBC 
CYUC IRWB 
CYWB HFUB 
CYXB NXCB 
CYYB QIH 
CZBC FQF JML MRQ SJHB VJOB 
CZC URK 
CZCC GHHC IVZ ZWFC 
CZDB NNL 
CZE VQSB 
CZF ZDZB 
CZNB FEJB 
CZO JFHC NTQB QHBB WBNC WPSC 
CZQC VQT 
CZS OYL RDMB 
CZSB DGJ ETEB VHEB ZIG 
CZT UAP 
CZUC JOMC 
CZW IDAC PUL SASC 
CZXB GTUC LATB 
D KKUB LHAB 
DADC IJQ 
DAFB LFZ QNM SOB 
DAFC YVVC 
DAHB SQC 
DAIC EQO HMZB PFX TYVB 
DAL DRB DUUC GNV HWSB MVBC OUNB POGB SYN YVQB ZTFB ZTN 
DALB GDAC 
DAMC GPZB 
DAP NMSB XYAB 
DAPC GAHB 
DAQ FNC NOJ YRZB YSIB 
DARC XWUC 
DAS GYVC RKF 
DAT IDQ KRI ZRE 
DAU IEQ 
DAUB JNTC 
DAUC KFJC 
DAVB LMKB PFFC 
DAWB DCMC 
DAYB YVR 
DB USJC 
DBAB NGGB RTIB 
DBCC HGVC 
DBDC ZLK 
DBE EHY 
DBFB ZHOC 
DBFC VRCB ZIW 
DBJB TNP 
DBM NLVB 
DBPC WQIC 
DBQ OFJB 
DBQC SLIB 
DBUB MVIB SZJB XFNB 
DBVB FIQB OQPB 
DBW ZGIB 
DBXB GBTC QZFC 
DBZB OLRB 
DCB FTE JXCB 
DCBB ICB 
DCCB DQOB KIB NHGC OVSB PPW YOGB 
DCD PXR 
DCG MMIB 
DCH DMBB QGMB 
DCHB HUNC SENB 
DCI HQIC 
DCIB MXSC SECC 
DCKB PD YIS 
DCMB DSJC EFC OBTB 
DCO MDUC 
DCQB FYLC VXDC 
DCQC IQRC 
DCS QBKC 
DCUB KXE 
DCV QJM 
DCXB LBM LFKC 
DCYB JHGB LUR 
DD XXMB 
DDB KXCC QYJC 
DDC WYEC 
DDCC DLRB QYXB UMU VLJC WWAC YIHB 
DDEC VMQ 
DDFC RVPB 
DDH RNRB 
DDHC ESUB KBD XUUB 
DDJB YTN 
DDK JHBC PLPB 
DDMB WRD 
DDNB EEBB ISVB JZFC LJFB MWQC XVEC 
DDO ECC EOKB HZVB 
DDOC DUCC 
DDQ OAR 
DDV ILQ NUEB 
DDXB XHM 
DEAC HSD LGFC 
DEBC MRG 
DECB LSF 
DED JGIB 
DEDC GT 
DEEB SWAC 
DEFB VOO 
DEG EBL 
DEH EPN 
DEHB FQQC LTJC SBCC SYKC VXF ZAF 
DEJC RQC 
DEMC JJL 
DENC PNJB YPTB 
DEO LXBB MQVC PEGC 
DEOB JSDB 
DEPB SPT 
DEQ EJE LAJC MXDB OLEC QJ QXMB YCQB 
DEQB GUT 
DES VBGC 
DESB NUS 
DET XWC XXJC 
DEU TEOC 
DEV DQQC 
DEWB VKEB 
DEYB NDDC 
DFD WWXB 
DFGB UJD 
DFHB GKVB SLNB 
DFJ FGNC 
DFJB TEM 
DFKC POAB UJG 
DFN EWOB HUQ IEKC PWZ TNTB 
DFOC XZQ 
DFPC SSE 
DFQ WVB 
DFQB GDE NHB 
DFRC UXG 
DFSB DGHB IZG KMUC RWG 
DFT GWEC WPQC YIPB 
DFTC NNWB RDQ 
DFUB KBO LSGB 
DFVB EQCB FTEC GAGC 
DFXB JQRC 
DGB OUEC 
DGC HTH IHLB NTSB 
DGCB EYC 
DGDC MBW 
DGF SJCC 
DGIC IVW 
DGJB GXEC NNUC 
DGKB HRJB SQP 
DGKC JAPB NPP QWY UTH 
DGLB GLQB MOB 
DGLC LJNC 
DGO HCAC 
DGQC DS 
DGRB DUNB TCEC 
DGRC GEKB ICG IUPC 
DGS EXGB SKVB 
DGXB QWDB 
DGZ EQZ 
DGZB OEEB STLC 
DHD MUIB YHE 
DHF JHN MYRB 
DHFB KLHB NDK ODN RGJ 
DHGB EBC LUT NIWB PRZ SHVC 
DHGC DXUB 
DHJC JQY 
DHKB RW 
DHM VZJ 
DHNB TLW 
DHQB NSKC 
DHR LGSB 
DHRC GHAB NNFC 
DHT YVU 
DHTB HWZB 
DHTC WWK XMNB 
DI VWRC 
DICC KJO 
DIEB FRCC INKB ZAKC 
DIIC HBT 
DIJB GOQC VTE 
DIKB QYGB 
DIKC TVUB 
DILB VZZB 
DIO EJCB HGS 
DIOC EWJ 
DIPC JLV 
DIQ KQEC 
DIR NSX WMDB 
DIVB HBPC 
DIVC JLQB 
DIXB JSB 
DIYB PNN 
DJ FGMB 
DJCC TMAC 
DJDB PBL WQKC 
DJEB WVUB 
DJG YEUC 
DJJ EPZB HNTB QTMB 
DJJB FNIB 
DJO HMVB PMOB QEUB QZR ZRB 
DJQ UJX YJBB 
DJR WLHC 
DJW DZT ESL LUD PWKC TLUC UDOB VGL XLMB XXU 
DJY OZSC VZLC ZTCC 
DJZ EDTC 
DJZB UDPB 
DKCC GAG ILVC OGZB OTF 
DKEC SVQ ZASC 
DKG EJSB IZLB KSEB QQK 
DKH FIQ FPJ JHB ORQB WZFC YWLB ZJGC 
DKHB XQEC 
DKI ZWF 
DKIB PGBB 
DKJC RBHB 
DKL SGTB 
DKLB PLF RKV 
DKM LGW 
DKMB TFMB XTSC 
DKMC QQDC UFTC 
DKN HHZB HMBC JXVC MOOB PE XIJB 
DKOB RQSB 
DKPB NZM 
DKQ GGWB NZCB STU SXJB VHJ XYSC 
DKRB OBNC 
DKS DVE JPY ZCVC 
DKVC NIY 
DKWB GWMB 
DKXB MDCC 
DKY YRKB ZHHB 
DLBB IKVB 
DLD GUW 
DLEB PCUB 
DLF LEPC 
DLGC MDX 
DLHC USY 
DLIB IVSC 
DLJ NWMB VIU 
DLJB GMHB GQCB SDO 
DLKB ILS 
DLKC IRY SDHC YVBC 
DLN RKQB UCM WLW 
DLNB NLYB 
DLO LIDC 
DLR NWT 
DLT FZMB JHL 
DLTB HFI 
DLTC DXBC 
DLUB GHRC MHL 
DLVC GOAC 
DLWB PHRB 
DLX EQDB ZAC 
DLZB WFN 
DMAC JYCB SJSC 
DMBC OAZ VVU ZQO 
DMCB NQKC OXVB WDE 
DMDC KVYB 
DMFC PFNB 
DMGC VNJB 
DMH EAHC GVOC IFLC ONE PHR PWD RTCB XUOB YABB 
DMIC JAHB RXJ ZCGC 
DMKC ZPZ 
DML HFRC 
DMOB JGAB LGFB 
DMQ KSW 
DMSB OYWB 
DMT DTXB GAKB GMOB MDN ORBC PYTC XPMB ZGL 
DMUC QGPB 
DMV HVVC 
DMY VEIB WUB YDHB 
DMYB OUQ OWNC WJO XZLC 
DMZB XGYB 
DNAB XBSC 
DNAC HHAC LMD OJH PYCB 
DNBB XKVC 
DNCC PIOB SZPB UUSC VOIB 
DNDB GEDB 
DNFB XNLC 
DNJ NGSC 
DNKB NMO OYF ZZMC 
DNLC SNNC 
DNN GPV 
DNOB LAFC 
DNPC FKAB JUE KNVB ORCB QIRC QNPB 
DNQ EPR GZWB JVOC KLCB POIC ROKC YCJC ZEGB 
DNU UHE 
DNUC GPQB 
DNV RQV YMHC 
DNVC RAYB YXP 
DNX TIG XOV 
DNXB SBBC 
DOBB MOZ OURC TORC VC VRDC 
DODC IYY 
DOE NWCB 
DOEC LEGC QXI WFHB 
DOFC WSY 
DOG VIN 
DOJB QFOC 
DOKC NTRB 
DOLB UTLC 
DONB EQQ 
DONC EBE JTE MCLC XRKB 
DOO RTS 
DOOB JUKB TROB 
DOPC KOQ NTVB 
DOX TIN 
DOZ OUOC 
DP MXHB 
DPAC GHV XITB ZRGC 
DPB KSM WOV 
DPC NGZ 
DPD KIT TUWB 
DPDB GVVC MG UEJC 
DPDC GEH ODMB TYN 
DPEB NPOC TSCC YVB 
DPF LKIB 
DPFB SEHB 
DPGB DZL NIP QEQ 
DPI OUCB 
DPJ QQU 
DPJC KRCB 
DPKB JUFB QRTB QVCC 
DPL TYD 
DPLB VTNB 
DPNB ENK JVJ LPLB MSZB 
DPOB FMY 
DPP HPN NJKB UDMB XRGB 
DPPC HOJC 
DPQB JKLC 
DPSC ESZ 
DPTC ZYTC 
DPUB EWN 
DPUC HUT UNSC 
DPW ZMOB 
DPWB EZCC FPOC YXLB 
DPZ GD 
DQCB FREB XJNC 
DQCC SRUB 
DQE XOC 
DQIB SVBB 
DQIC JVQC 
DQJC PBJB 
DQKC GZAB TQYB VOFB YGYB 
DQLC JROC 
DQM YDUB 
DQOC HEPC 
DQSB XCCC YVAB 
DQT WHLB 
DQTB EBEC HBOC JIEC SVU 
DQUB IPQC 
DQX JVI 
DRBC VIZB WRH 
DRDB KOWB 
DRE QCNC 
DRF OJAB 
DRFB GSGB 
DRK PIBB QPB TIZ WZB XCIB YBW 
DRKB RDXB 
DRN LM OWO SFUB YGU 
DROC KXB ZLHB 
DRQC YYVB 
DRS EBY HRVB WVRB 
DRTB LDVB RKLB TKXB XSJ 
DRUB KFAB LUW PROB YBTB 
DRUC GJD LVAB TUDC ZDDB ZPTB 
DRV HIVC 
DRW QOHC 
DRWB KPAC 
DRZB JCFB SWW 
DSBC ORWB PPK QHJC 
DSDC DWPB 
DSF KE 
DSFC JMKB 
DSK JCF 
DSKB FSCC XBG 
DSKC LJKB UJSB 
DSLC RJIC WITC 
DSO KMP 
DSPB KVPC LBIB OHBB SNZ TYIB WJOC 
DSS SXMB YGEB 
DSSB PFWB PUFB 
DSVB IQUC NEQC NLJC ZJT 
DSWB WBOB 
DSXB SJDB 
DSYB NYX TFKC YSJC 
DTB GCGB GLX WKW 
DTCB TRUB 
DTCC TAIC UOU 
DTDC JKXB VGHC YXZ ZJCC 
DTF QTBC THRB 
DTH FQX 
DTHB NGKB 
DTI YTJB 
DTK EKS 
DTKC SLKB 
DTOB HNP LLGB NVMC 
DTP IPK 
DTQ NGMB 
DTQB GVS WCAC 
DTRB MJJ 
DTRC YLZB 
DTT JLZ 
DTV GKRB MVT UGDC 
DTVB QUZB 
DUBB FSM 
DUBC SAVB 
DUCB DZP KPOB MHMC 
DUDC WAYB 
DUEB HUSC MAG 
DUG JCSC LLAB TSU XJT XQN 
DUGB TFM 
DUHB JMP 
DUI HYL 
DUKB DYO 
DUKC OQTC UHHC UZOB ZPB 
DUL ECZB 
DUMC RCD 
DUPC IIF 
DUQC FDJB 
DUU WORC 
DUX GTP YOQB 
DUXB KPCC 
DUZ MK RYSB UEZB XBOB 
DUZB LHJB 
DV WOR 
DVAC WJI ZJUB 
DVB MFTC 
DVBC DYYB 
DVCC KJYB 
DVD IQJ ISKB QSOC 
DVDC RWAB 
DVGB HZLC QGOC 
DVHC XELC 
DVIB FMDC QTB 
DVIC FAUC NLQB 
DVJ ZJYB 
DVKC JCH 
DVL QYAC 
DVLC UUPC 
DVN YL 
DVOB KIL 
DVPC EZWB 
DVQ HDGB 
DVSC GS 
DVW WOTC 
DVWB DWRB 
DWBC QITC 
DWCB HMYB 
DWCC EKPC 
DWG KONC LHIC TPG UFRC XUBC 
DWIB UPIC 
DWLC LHH 
DWMB OHR OLM 
DWN HBLB 
DWOC HUHB LIMC 
DWRC EYB 
DWTC PNHB 
DWUC YGFC 
DWX MUBB OSIC YLPB 
DXAC GOIC LDV QLTC 
DXB UVN 
DXC XWMB 
DXCB QSHC 
DXDC LGUC RVBB 
DXE QVCB 
DXEC IBBC 
DXFB OXAC 
DXG JTX MJU NJFC ZENB 
DXH NUK TBP 
DXHB QAQC ZOBC 
DXIC VZIB 
DXJ EBO FCPB HKFC QATB QVOC TEJB 
DXJB HRLB 
DXK FJT 
DXLC KDG LXNB TD UKIB 
DXMB QCWB 
DXMC HPU XLGB 
DXN MGJB NWBB URFC 
DXPB JXC 
DXQ NGAB 
DXQB QLOC RWXB 
DXSB HHQB OAEB 
DXT YYQC 
DXV EUY NAMB QZDB WMPB WTN 
DXY KBTC YAWB 
DY UBY WVVB 
DYCC LLB 
DYFB SJY 
DYG RLZB 
DYGC FOCC OCQB 
DYHB SRAB 
DYIB IDN 
DYJ LDPB OMXB OOSC 
DYL EPQ 
DYLB JDN 
DYLC UESC XZS 
DYMC GLMB IOTB 
DYN LGSC 
DYNC SSIB 
DYRB EKWB 
DYRC JDP SAWB TMCB TQPC 
DYS KSVC 
DYTC HAQB YGMC 
DYU USTC 
DYVC ZMH 
DYX PNG ULEB 
DZEB IZP POQB 
DZEC SHHB 
DZGB JKUC YKHC YXIC 
DZGC FUX GWRB 
DZH TLSC 
DZHB KEI 
DZJ EEU WOGC 
DZJC XIAB 
DZK UDCB 
DZMC SIDB 
DZOC EH GEC HSHB HZJC JLNC LIG LNDB PFM TXMC 
DZQB WWEB 
DZR XMKC 
DZUC UZOC 
DZVB ZQKB 
DZW ETH RPS 
DZZ KYCB LMX PSFB PXCB 
EAEC RZFC 
EAF JPIC UVSC 
EAJB JLRC LLVB ODHC UCAB XOG XYUC 
EAM ETDB LSH PPQB RAR YCPC 
EANB TMX 
EANC EDIC MGG 
EAPC JTMC RYOC 
EARB SMRC 
EAU MXNC YOOC 
EAY OFEB TUFC 
EB TRKC XZGB 
EBBC WAJB 
EBD OAUC 
EBDB JNKB 
EBDC IJI LKK 
EBFC SKAC 
EBGB TR 
EBGC NOZB RDAC 
EBH FRQB WLNB 
EBI LJBB UHVC 
EBJC MRF 
EBOC IGQ 
EBPB GKKB PLUB UJ ZQJ ZZK 
EBQC FWNB WPO 
EBR FSSB 
EBRB RRQB 
EBTC UJUB 
EBUC SE 
EBW YTTB 
EBZB ZTHC 
ECAB IMJ 
ECB UPBC 
ECBC HRG 
ECCB JST 
ECDB GCIB WEH 
ECDC JPD 
ECE OPLC 
ECI KABB 
ECIB RABC 
ECMC SQQB UIPC WPHB 
ECNC QBH YEJC 
ECO GXJ OMD 
ECP FMLC 
ECPB FGF XV 
ECQ KFGC 
ECR MCJ PMNC 
ECT GGEC 
ECUB KGOC 
ECUC IWTB 
ECZ FXLB HMBB 
ED EZPB 
EDBB NCL 
EDC EJP 
EDGB YWKC ZDM 
EDK FFVC LKVC TXXB 
EDKB TPWB 
EDLB OMB RKGB 
EDLC HOUC 
EDMC YNNC 
EDOB FBSC 
EDPC QPGC 
EDR LTLC VALB 
EDRB IYHB PQLB QXPB ZLQ 
EDSB ORX 
EDU FJR PNV 
EDUC ENB WLRC 
EDVC KIS 
EDXB FGUB 
EDYB LYOB MEAC XQPB 
EDZ SDEC 
EE QFOB RUEC 
EEBC GRXB 
EEEC WYZ 
EEH LFX YOIC 
EEJB RVIC 
EEK HIRB OSTB YMC 
EEL QLVC 
EEOC LSUB MZKC SQB VEO 
EEPC KBUC 
EEY GVW 
EF FGL XZD 
EFB SVOC 
EFBB FQZB ITDC NQFC 
EFD OPE 
EFEB KFPB RTG 
EFF OUV 
EFFB YQV 
EFFC HXM 
EFG IJSB LSXB 
EFI IEMC TMN 
EFL PQQB 
EFM TTI 
EFMB JUCC TPFB 
EFN RVIB 
EFO HTCB 
EFSB WHF WXO 
EFSC FVSC GYTC MORB NFOC QSV YWQB 
EFTC GHDB RLHC RRDC 
EFVB KOS 
EFYB UWCC 
EFZ FVXB MWWB ZFAB 
EGAC ELVB GIIB IQS JLH LOE LTZ PXOC WPH 
EGDC GAR 
EGEB PTEB XVM YKZ 
EGF KNV 
EGFB EIG OWLC XFD 
EGFC YKLC 
EGGB UXGB 
EGGC KCJC 
EGIC WNE 
EGJB JXP 
EGKC YTLC 
EGMC SXNC 
EGT ULPC 
EGW HOY 
EGX EOLC HXUB PIFB 
EGZ RMRB 
EGZB VYSB 
EHAC VMRC 
EHDB LSQB QDUB 
EHEB ETM TLIB 
EHFC EYU TKHC 
EHH WZIB 
EHI HXOB IMAC 
EHLB OVEC UONC XCO 
EHM YYKB 
EHNB JFE NBZB QONB 
EHPB RGBB 
EHQ NZI 
EHT HXX 
EHZB SGRB 
EI VFM WPAB XCPC XIO YGS YGSB ZULB 
EIC VHF 
EICC NIBB 
EIDC LDEC QDKC VCBB ZVYB 
EIE IAKB 
EIEB VMIB 
EIFC OER WVEB 
EIKB LYJB 
EILC JSY XHAC 
EIM NRVB TSJC 
EIMC IIP 
EIN GLIC IUBB PREB UWO 
EINB NGS 
EIPC LPDB PPBB XLN 
EIQB SUVB 
EIQC HYM 
EIS FUBB QHLB UIE USI WLD 
EITB VBW 
EIV KDUC NGRC 
EIVB ODOB 
EIW EUQ 
EIX HXMB LFLC NSQC SURB YUJ ZEKB 
EIXB UFYB 
EJC LZRB YDRC 
EJEB ZUEC 
EJEC UH VPPB WJWB 
EJI EXSB 
EJIB TLBC 
EJKB HIJB KHMB TBJC 
EJKC MIQB XWHB 
EJT FHXB IAB OTJB QXFC 
EJUC JWS 
EJXB GBNB HHV OMEB SMVC VJQC VTKC YBE 
EKB XXBB 
EKBB IBEC NLBB UYF 
EKDB LEJ 
EKFB JLO 
EKFC ENYB GEI 
EKGB THLB VQOC XZL 
EKJ RVLB 
EKJB XTN 
EKJC JMW 
EKLB SS 
EKLC XXUB 
EKOB GRPC TBWB UAUB ZIPB 
EKU VUTC 
EKVB OGPB QQS 
EKX QZWB 
EKY FLXB IRI JVSB 
EKZ FBF 
ELBB JHYB MMFB 
ELCB FFAC LHLB VSFC 
ELCC LGC MU 
ELEB GKPB SCEC 
ELEC QYN TZDC 
ELFB ERFB 
ELHC JIFB 
ELJB NNEB QAPB 
ELNC HDR 
ELS HZLB USCB 
ELT NKF 
ELTB OVJB 
ELU PMIB 
ELVC GXM QKXB 
EMCC GDNC ZXBC 
EMF PUB 
EMI HLJ 
EMJ XBDB 
EML FZIC JTQC 
EMM WEGC 
EMN MZOB 
EMOB KTVB 
EMT IOM SCLB 
EMTB QIMC 
EMVB XISC 
EMWB NCP 
ENBB FXDC YDNC YIDB 
ENDC TII 
ENE XEG 
ENGC TZQ YTM 
ENIC OY 
ENLC EOBC QCKC 
ENM ETAB 
ENNC ENSC JGMC PISC 
ENP NMPB 
ENPB LLAC 
ENPC VKDB 
ENS YXRC 
ENSB KKHB 
ENTB VNCB 
ENTC WIKB 
ENWB UBEC 
EOAB IDIC 
EOD JTZ 
EOIB XKWB 
EOJC RIY 
EOK LPTC RTFB 
EOLB PUX 
EON IOJC 
EONC IBGC YQFB ZAG 
EOP HFS ZFGB 
EORB IMDB VRS 
EOTC NGCC 
EOU MBVB 
EOVC SZGC 
EOWB YKYB 
EOY HPS 
EOZ RXSC 
EPAB JYXB 
EPC HOU RZZ 
EPD EWI FOZ 
EPDC TRLC 
EPEB UTHB 
EPGB RARC 
EPGC KWE UBK VMQB 
EPH HREB LXUB 
EPIB GWU XYYB 
EPK FXQB 
EPKC WUKC 
EPLB LKS 
EPO GSYB OACB 
EPPC IQNC 
EPRB SYSB 
EQBC FML 
EQE LMKC THQC ZZO 
EQEB MAXB 
EQEC NSJ 
EQFB SCQ 
EQG KHDB VPMB 
EQGB MNKC PPBC VBG 
EQH FKGB HPYB 
EQHB HFZB KQM TCAB 
EQMC HDZB UUUB 
EQNB LYBC OQG QBG RGAC UNYB VGX 
EQOC OAGC ZMSB 
EQPB PKMB 
EQSB FKF KHVB VBZB 
EQSC MJTB 
ERBB JZKC UGD 
ERE MOH 
EREC ZCX 
ERFC JNEB QGHB 
ERHB WFOB XPCC 
ERIC OKEC PMN 
ERJ JYAC 
ERKB SUSB 
ERN PSAB UZY 
ERO IRKB 
EROB PDY QGO 
ERPC XOKB 
ERT KVDB 
ERTC XFIB 
ERUB FZCC KIHB 
ERVC XRH 
ERWB JIHB 
ERXB VBF 
ESAB FPYB WEAB 
ESAC UPGB 
ESBC SUDB UAO ZC 
ESEB UJI 
ESFB MC VQNB 
ESGC TUG 
ESHC RRMC 
ESKB FLCC NOT QOB 
ESLB WQC 
ESMB FHGB QPOC 
ESMC PZZ 
ESOB WTHC 
ESOC QPLC 
ESP OJOB 
ESPC GUC 
ESQB MRJ 
ESR SZTC 
ESRB YAB 
ESUC OSCB 
ESVB VGM 
ESXB VTSB 
ESYB JDBB LMJ OZN YWYB 
ETCB OQTB RRNC 
ETDC IXKC 
ETF YSBC 
ETHB IVMB 
ETHC KUQC 
ETMC RROC 
ETN UEP 
ETO OEK 
ETOB VCU 
ETOC UYL 
ETQB FZQB 
ETVC YRG 
ETWB SHF SPGB 
EUB QJFC 
EUBB EZXB SDHB SNJ 
EUC LGR 
EUCB ZLEB 
EUE FGAB 
EUEB ODTB OKXB QQDB 
EUEC HBHC KCU 
EUHC FMMB YBBC 
EUI KBPB 
EUJB TQI TRLB ZRWB 
EUKB JEOB LWEC 
EUNB GMUC GNIB UWHC 
EUQC PSI 
EURC XYMB ZBPC 
EUVC GHGC 
EUXB KBNC VDEB 
EUYB ZYJB 
EV VRSC XKNC 
EVAC RNJC 
EVBC YPPC 
EVCC IPIB NGPC WBHC 
EVEB JEJ KGV LAD 
EVEC WINB 
EVGC FFWB GOQB KDSC UOLC 
EVHC GWNB 
EVI PMP 
EVJC WEBB 
EVM ZLNC 
EVNB IWOC NOZ QIHB ZZTC 
EVNC JADB JAUC XZK 
EVQ NMHB RO SBYB 
EVS MOHC 
EVTB GJG 
EVUC FXNC 
EVV IELC 
EVX LXUC RXE YILB 
EVY POK 
EVZB SZGB 
EWAC HCMB YBH 
EWBC OZGB YNNB 
EWCB SZR 
EWCC UATB 
EWD XCFB XPLC 
EWEC RTOB ZROC 
EWFB VFVB 
EWGC PAEB 
EWHB KTS ZGOB 
EWKB HEUB 
EWKC UBM 
EWMB RHF 
EWP ZHEC 
EWRC XJEC 
EWSB RTSB 
EWX QQQ VQR VTF 
EXD TLAB 
EXEB YNFC 
EXHB HCV ODRB RJP 
EXHC FIJB LKVB OMS 
EXLB KCKC NNVC 
EXPC PFN 
EXRC OPSC 
EXS PJVC 
EXSC IES 
EXTC LERB SJG 
EXUB JUFC 
EXV ZWPB 
EXVC JWRB SLQ WSDB 
EXXB VVL 
EXZ RZLB 
EYAB MDE 
EYFB XHF 
EYGB IX 
EYH WVU 
EYHB FKOB MPVC 
EYJC ZVVB 
EYK JXDC TVWB 
EYLB KSYB 
EYM GQVB 
EYNC LRFC 
EYUB PWCC 
EYUC QDZ 
EYXB GPBC 
EYYB LUH TAO 
EYZ QUMB RIIB WHYB 
EZ ROR ZEAC 
EZCB ZU 
EZEB KSPB 
EZF TFZB 
EZHC GNM 
EZI IMXB 
EZIC VVBC 
EZKB RIZB 
EZL YOY 
EZM GCYB 
EZOB QSO QTBB YAW 
EZRC JWAB LVXB 
EZSC ZVFC 
EZT HXU LFSB YFIC 
EZTB RYQ SCCC 
EZTC HBGB 
EZUC MTDC 
EZX UPZ VLZB XOKC ZJPC 
FAAB GKQC 
FAB OVNC YPBC 
FAEB ICEC 
FAG FSY 
FAGB LQIC 
FAL XJ 
FALB FXRC HIZ JVNC MLHB SGJ SVUB TRCB 
FAM FKMC ICBC SQFC UVLB XWL 
FAN KJWB NRIB 
FAO SKNC 
FASC UWOB 
FAT GZS JXPC 
FAVC FGQB IQEB 
FAY ZIGC 
FAZB LEIC 
FBB KKOC LICB PIG 
FBD UJCC 
FBDC GLNC VELC 
FBIB GHX 
FBIC FBV 
FBJB NLHC 
FBK IJM 
FBNC YCU 
FBO KJV TKC XPHB 
FBQB WCHB 
FBU MPU 
FBZ JPMB 
FCC NCSC 
FCE IABB WFMB 
FCEB OLT OTTB 
FCFC GUEB 
FCGC SOLB VDL 
FCJ TAJB 
FCKB MLR 
FCNC PIMC 
FCOC VSOC 
FCP NLGC 
FCPC LGE 
FCQB WYO 
FCSB NOEC 
FCUC GPAC WIVB XXB ZNB ZYLC 
FCW LVR PFYB YUCC 
FCZ FRRB 
FDAB SGHB YRW 
FDCC LOMB VNR 
FDDC FZUB 
FDE OKYB ZUAB ZWZ 
FDG FOD SAJC 
FDGC RMV WGIB XFOB YTBC 
FDJ GYQ UEH YPY 
FDLC XEIB 
FDNB TFF 
FDNC GQAB 
FDR LQIB 
FDRC GDZB YGZ 
FDS IAPB 
FDSB GMN 
FDT TJR ZKV 
FDU PGO 
FE FEDC 
FEAB OKT 
FEBB QFC QSD WLG 
FECC MRNC UEJ YCWB 
FEF XZOC 
FEHB JLK 
FEIC QLSC 
FEMC REPB 
FEOB GTH SGNB TAAC 
FEOC WOZB 
FEP WFH WRI 
FEQC IRM 
FERC LVYB 
FETB LPX 
FETC KDOC 
FEVB UDXB 
FEW VPBC 
FEX HBRC 
FEXB KZGC 
FFAB PSN 
FFB MLOB 
FFFB HOLB LXTC OCRC RWSC VLJ ZPDB 
FFFC WSEC 
FFIC NNCC TYTB 
FFJ YIQB 
FFKB KGBC 
FFLC MKR QMF 
FFPB VYLB WOBC 
FFTC HZO WHC 
FFU XZI 
FFV OHUC 
FFW HQC 
FFX RDX WUX 
FFXB HXF PCUC ZHIB 
FGAC JSRB WFGB 
FGCC WQHC WWJB ZKVB 
FGFB OXCB RMQB SSXB WPN 
FGLB PPM YEAC 
FGN OMNB 
FGNB ZYU 
FGQ ILPC KTCB XQYB 
FGSC KVH 
FGV UXKB 
FGW VMF WSC 
FHAB TLVB ZMBB 
FHBB IRJB 
FHEC GMQ SFIB 
FHH PNGC 
FHHC SFSC 
FHI IMPB 
FHJ UAEC 
FHJB IHVC KGL OYD TZIB UBCB ZURB 
FHO PRW QID QJKC ZKMB 
FHOC QBQC WEDB 
FHPB HRBB 
FHR JHFC 
FHRC MMCC NJPB 
FHUB OMUC 
FHZB NARB 
FI IPVC SEPB 
FIBC ILLC 
FIC TAC 
FIGB PIDB 
FIH RTE 
FIIB ZEBC 
FIIC ZAGC 
FIJC WFF 
FIK KMAB YAX 
FINC QOF 
FIP TQKB 
FIS ZDJB 
FISB HRS OARC UQX YUQC ZCKB 
FISC YEHB 
FIY KVUC 
FIZB GHIB HWKC QNPC 
FJGC GVCB LYGC 
FJHC SPOB 
FJK HLG MWBB QCOB ZFG 
FJL QKBC RZGC 
FJMB IQBC WBBC 
FJMC LGG QIBC 
FJPB KTFC 
FJQ JXQB 
FJRB WQDC 
FJSB OWQ 
FJV TOLC TSJB 
FJY JOEC 
FKB VTJC YKKC 
FKD MROB ZATC 
FKE GREC 
FKG UGYB 
FKGC JDD YMSC ZAEB 
FKJ GCJ IUL MHBB MPBC YTX 
FKK WQXB 
FKKC GVDC IDRB NHQ NWO OPIC PJT PJY RHFB VRQB 
FKMB TYE 
FKPB NKDC 
FKR QXOC 
FKRB KXQB 
FKS OOKC 
FKSC UVV 
FKTB HQDC HTS NFY NVKB XGP 
FKUB KZGB 
FKVC JIF LMRB TVXB 
FKXB HPP ISMC 
FLB JKY 
FLBB MHHC 
FLEC KFAC 
FLJ FXW XEDC 
FLK LGOB 
FLKB MAW 
FLMC VMLC 
FLP RTZ UVDB XRD 
FLPB HPX VQKB 
FLQB XKTC 
FLTC OCNC YNGB 
FLVC NMIC TECB 
FLZ L XHJB YSCB 
FMAC WMVB 
FMBB JWNC KPP WFIB 
FMCC VCKC 
FMD PMUB 
FMFC FWFB NKNB 
FMGB IRV 
FMLB ZODC 
FMNB RCFB 
FMP JXS 
FMPB PXNC 
FMPC XQLB 
FMRB IHC 
FMRC OEV 
FMSB HPBC 
FMUB LTKC 
FMUC QSVC 
FMW MLRC 
FNB KXSC 
FNEB IIYB 
FNEC OAFB 
FNFC TVL 
FNI HGT 
FNL TAFB 
FNN SYVB 
FNO HBW 
FNQ ULUB 
FNR WODB 
FNRB RFNC 
FNTB VSP 
FNTC WBEC 
FNUB QVJC 
FNX ZP 
FOGB RUQB WPB 
FOGC FPBB 
FOIB XXEC 
FOJC TPOB 
FOL WHN 
FOMB QMV 
FOMC SDGC 
FOO XQKC 
FOOC ZYHB 
FOSC GEAC 
FOTC XWGB 
FOWB HZFC 
FOX KRNB LUQB RMJ RZJ 
FOYB KIPB 
FP VLDC 
FPDC SUI 
FPEC GEGC 
FPG JXXB NSC ZBKB 
FPHB JAQ 
FPHC OYC 
FPJC TFNB 
FPKC KVUB NTSC 
FPLB ZVE 
FPLC FZYB 
FPM KFHC MFLB WGT 
FPNB NFLB 
FPO IGVB RTEB YIRB 
FPQB XHEB 
FPRC JGI 
FPS LWAB 
FPTC OAQB 
FPUB PV QBFC 
FPVC OSQB 
FPY WVD 
FQAC LEEB 
FQD KCCB 
FQFC NMS 
FQG KLC 
FQGB LDUB NTOC 
FQH XKJB 
FQJB VVP 
FQLB QUJ 
FQN SQOC 
FQNB ZLE 
FQO WRT YNU 
FQQ KVJC NREC THBC 
FQS INBB 
FQSC IQPB JVRB ZEF 
FQTB KJB 
FQUB RPMC 
FQV WZDB 
FQVB VYTC 
FQVC JRKB KBJ ZABB 
FQWB SXG VICB ZXDC 
FQY XIM 
FRBC OFL 
FRCB FWDC GHK MNJ RNJB 
FRDC KNRB NKXB 
FRFC ZPMC 
FRH HIL 
FRKB NRMB OFVB 
FRLB MITC 
FRMB RKN 
FRT XMOB 
FRU QAY 
FRW SQNC 
FRWB HTLB 
FRXB KN 
FRY TVT 
FS RVXB 
FSAC KHFC ORU 
FSCB JCKC 
FSD VQMC 
FSE OHE WWLB 
FSEC QOD 
FSF FSR RUUC 
FSG KCKB RIL 
FSJ LPLC 
FSJB TMG 
FSLC MFD 
FSN LARC 
FSNB ZJI 
FSO KSR 
FSOB MSAB 
FSOC OUB 
FSP IIFB YKOB 
FSPC XNCC 
FSQ QBV 
FSQB LKQ 
FSQC QJAC 
FSRB VOKC 
FSS ZDZ 
FSSC LSEC 
FSTC IBM 
FSU NL QZC 
FSX RRS TLGB 
FSYB RRTC 
FTAB XDS 
FTB IQSB QQZ 
FTBC SBOB SRK 
FTC RLAC 
FTD LXZB 
FTJ VAVB YPQ 
FTM QWS 
FTNC TCOC UCFB 
FTO SWR 
FTP MNW 
FTPB LIH TWW 
FTQ XDGC 
FTQC HZHB 
FTR GZEC JJRC NHEC RSEB 
FTRB LLIC TBAB UQM 
FTS KVIC ZRUB 
FTVB HHMB LBDB LPBC MDFB QPUB SBFB YELB ZYIB 
FTWB HOOC 
FTX SFCB 
FTXB WUR YRB 
FUAC WJHC 
FUB JM 
FUBC OOOB 
FUC HEGB QIGC SAY SLCB TCYB XJG 
FUCB QIXB ZNSC 
FUDB ZYSB 
FUEC UUV XDL YPTC 
FUG ZZFC 
FUGC PEFC 
FUI ZHSC 
FUIC ZRV 
FUK PGV 
FUMB TZDB 
FUMC JIMB RRT 
FUNB UWY 
FUNC GTEB GYUB OMV ZDVC 
FUO GMO 
FUPB IMUC IPRC 
FUQC VTYB 
FURB NINB 
FURC TU 
FUSC HRLC 
FUT MGEC 
FUWB QX 
FUXB UEFC 
FV OJRC 
FVAC OLYB WSO 
FVBC UZMC VGMB 
FVC WUU 
FVG IYOB JHUB MEK PUWB 
FVHC FZJB QWMC 
FVKB JLGC 
FVM YGPB 
FVMB OFH 
FVNC MVPB WMTC XSWB YBDB 
FVOB SUF YHO 
FVPC HSU 
FVQB IUCC 
FWAC TWX 
FWB JWD 
FWBC OIK PRG WTM 
FWDB YFN 
FWFC YRCC 
FWGB PNP 
FWHC WMAB 
FWKC IDEC 
FWN RBE 
FWPB MQU 
FWPC YDLB 
FWQ WHBB 
FWR OBC QEH 
FWRB VL 
FWS NNBB 
FWT YPUC 
FWUB HWF URBC XIB 
FWYB HNOC 
FWZB MQY SCMC 
FXAC VREC 
FXBC WAY 
FXFB PXAB XUC 
FXGB HHM 
FXGC LUI 
FXIB ILQB 
FXJ HLHC ODWB OLTC OVOC WNOC YDYB YZKC 
FXJB HBEC 
FXKC HDL 
FXLC KUPC MFGB QUAB ZOMB 
FXNB LKUB UNQ 
FXPC GSD WCMC 
FXR MLRB 
FXSC SWOC 
FXTC KHZ 
FXVC HEMC 
FXWB NBQB 
FYAB QIDC 
FYB LYW 
FYE IYR USPB 
FYEB YTS 
FYIB MJR SVSC 
FYJ INO JICB LJSC SQJ VSG YFMB 
FYLB WJDC 
FYM MPP XQSB 
FYN GVI 
FYNB UKO 
FYOB JGF QGRB 
FYPB VBTC 
FYQ MDAC 
FYQB GSMB KUFC 
FYS ZSY 
FYU ORSB 
FYV WNRC 
FYW IPHC 
FYXB SPIC 
FZB UQGC 
FZDC NXOC 
FZG PJQC 
FZGC UXL 
FZH IED 
FZL ZFR 
FZNB LWL 
FZPB QTDB TRQC 
FZQ NTKC 
FZSC STXB 
FZU UZK 
FZVB HFHC JHH 
FZWB GEIB HFOB HWZ IXAC 
GAC KJJ 
GADC ISV 
GAEB GALC 
GAEC RTW 
GAGB XQZ 
GAHC GJQC MVJ 
GAIC VEHC 
GAK SZX 
GAL IJIC LGGC SBL 
GAO PAS 
GAOB QIVB 
GAPC NBL VKS 
GAQ IMUB 
GAQB LITB MUCB ZQIB 
GASC VOPB 
GAVC VVLC 
GAZ RJV XCTB YXRB 
GBAB LID RGQC 
GBDC YFD ZIEB 
GBGB NBIB 
GBGC QAD QFI XIU 
GBIC PRJ 
GBK VCBC 
GBM GDNB MHPC QPR 
GBMB KHSC OOUB 
GBMC OLOC 
GBQB XGAB 
GBV SDBC 
GBW ISP NHOC YPPB 
GBY JQB XFP 
GCHB TXSC 
GCJB VCM 
GCKB NDR 
GCN MTZB QPFC RESB 
GCNC YOJC 
GCOB HCJC XCJB 
GCOC YYGC 
GCRB PSVC ZIBB 
GCRC ROS 
GCSB TPU 
GCT JYO 
GCUB GOD MMQ NDD 
GCUC IZPB LCF OYUB 
GDF KZU USYB UVUC 
GDFB OZUB 
GDFC TJP 
GDG KHEB TCR 
GDJC MXC UMS ZES 
GDLB ZBHC 
GDM ZRNB 
GDN OVVC WWD 
GDP IVLB 
GDQ KPX 
GDQC ZPKB 
GDRC KKYB WGR WZTB 
GDSB QRSC 
GDTB LQF 
GDUC KKXB 
GDV UIJ VSBC ZCI 
GEAB GHPB RIMB 
GEBC JKV VUB 
GECC YSNB 
GEE OJQ 
GEG QSTC VPHC XI YGJB 
GEJ XFLB XHCC 
GEMB JDNB WTKC 
GEN GXJC ODBB 
GEP MGQB 
GEPC UNM 
GEQB NSFB ZSQ ZXHC 
GESC NNKC 
GETB LUTB YQGB 
GEUC HWMB JBM WAJ 
GEVC QLRB SWK 
GEZB OKGC 
GFB LXK 
GFCB JNHB 
GFCC HOHB SCM 
GFF IVWB 
GFFC UBKC 
GFHB WVQ 
GFHC IHUB IZKB 
GFKB QFJ 
GFN NLPC 
GFP ZBBC 
GFRB QKFB 
GFRC THHC 
GFTC OKPB 
GFWB YIQ 
GGAC XXTC 
GGB MZF 
GGBC TYNC 
GGC LJOC VCL 
GGCC KFUC 
GGDC SYUB 
GGF WPT 
GGGB MGAB 
GGH VWVC 
GGHC WHQC 
GGK JBKC 
GGM PXI 
GGMC XJSC 
GGP IQGB 
GGPB SSV 
GGSB YYAC 
GGUB MPTB 
GGV MECC 
GGZ TMQ 
GGZB HVBB 
GHGB GJIC VETC 
GHLB ZBJ 
GHNC YJIC 
GHO GJR JEBC VGRC 
GHPC GWNC 
GHSC GMQC 
GHTB QXF 
GHUC TJYB VDTB 
GHVB ZXWB 
GIB TAOB 
GIBB NCSB VEBB XCSC XNHB 
GICC LIOB TXZB 
GIG ODZ 
GIH YQKB 
GIJ WJP 
GILB OJZB WKEB 
GIS NBX 
GISB JBDB KNX UPTB 
GISC OLL RNKC 
GITC KVX PQIB 
GIU QQN TNGB 
GIV XQMB 
GJAC UYJB 
GJB MAFB 
GJCB HJPC JATB 
GJDC XIT 
GJHC WRRB 
GJLC KONB 
GJMC PNDB WMSC 
GJNB NJQC 
GJOC UXR 
GJPB UAGB 
GJT HSS ISQC XFPC 
GJUB WDKC ZEEB 
GJXB GWV 
GJZ JQNC KQBC 
GKF LQKC 
GKIC RHSC 
GKK GNUC 
GKLC SFZ TFK ZLIB 
GKM ZHKC 
GKMC RTN WDHC 
GKN KJHC 
GKOB UURB WRTC 
GKP XPT 
GKSC HKW ICRB LVLC MIZB ZLG ZML 
GKUB PKRC 
GKV HIEC KLNB MKG TFU UVF 
GKWB XEL 
GKX KXEC OQM RQJB 
GKYB RYN UIDB 
GKZ UEIB 
GLAC URAB 
GLC TIK 
GLD WKQC 
GLDC NAKC 
GLE TIUC 
GLHB HGYB IMBB QUFB WPVB 
GLHC IEAB MGC NEGC OME PVJB 
GLN IOJ 
GLQ NQSC 
GLSB MRZ 
GLSC HNSC 
GLTB TSJ 
GLUC GXFC 
GLZB JMFC 
GMAB RRZ 
GMAC MIO 
GMB IJFB MGNB MSDC PYB WHMC XUVC 
GMCC WTPC 
GMD ZHZB 
GMEC WTCC 
GMIC QHIB YKMB 
GMJC HHR TKSC 
GMM SMY 
GMRB JUTC QDQC UBPB 
GMVB SCFB 
GMWB YZMC 
GN WWKC 
GNDB RFTC 
GNEC QZOB 
GNGB GYB TVYB VAIB WKG 
GNH URG 
GNHB SADC 
GNK QGF 
GNMB NMM VRJB YQP 
GNMC PFEB PHCC XBJ 
GNPB SJRC 
GNQB SJRB 
GNRB NRP TKX 
GNTC WROB 
GNVB WSJC 
GNYB WCDC 
GOIB IOSB 
GOJB PNNB 
GOJC LOQ LPGC 
GOK KVY QQFB RLQC 
GOKB KOSB OVQ QSE TYW UXEC 
GOL JTW TAVC 
GONB KMU RIO 
GOOC PBEB 
GOR HVDC ROTC 
GORB KEQ THVB 
GOS GTNC JISC 
GOSB SEYB 
GOSC LUGB SROB 
GOUC JITC 
GOV JQIB XGJC 
GOVC QSH 
GOWB TGUC 
GOX QFM 
GOXB RJL 
GOY UGLB YHP 
GPAB KVTB STG 
GPB OVBC RUN 
GPC XWKC 
GPCC OPDC SAUB 
GPE MLKB NVIC QDTC QHS UBJB UTFB XIHC 
GPG IDEB YKC YVN 
GPGB HDH LPTB 
GPH RIYB 
GPHB TPY 
GPI PIZ 
GPN VEFB 
GPOB QFQB 
GPOC MQSC 
GPP YRPB 
GPPC HFRB KQIC UERC UHI 
GPQ QJZ 
GPQC QESC RINC 
GPS PKNC 
GPT TETC 
GPTC IBU OSOC 
GPUB OYCC 
GPX QU YGPC 
GQD TZ 
GQDB JCN 
GQG XXH 
GQHC JJHC NMDB 
GQJB RIN 
GQKB TCS VLYB ZWFB 
GQKC HJY JPDB NTJC QFZ RXV XRNC ZRY 
GQOB VZWB 
GQOC JPBC 
GQPB QQR 
GQPC YAPB 
GQQC HNPB 
GQRB PYV SSIC 
GQT TBV 
GR PGZ 
GRBC UTUC XAX 
GRDC NKGB 
GRI ZXNB 
GRKB IGUC NZFC ZEIB 
GRLB TCBB 
GRM NWP 
GRMB WPEB 
GRS HVPB 
GRSC MPCB UVCB 
GRTC YKVB 
GRW QVIC 
GRX XHYB 
GRZ KTJB NDJC WEW 
GSBC IDV KHK YAIC YEHC 
GSFC VAO 
GSH ROW 
GSHC VSPB 
GSIC WWCC 
GSJ PBVC 
GSK QDZB 
GSKB TFXB 
GSNB GXQ 
GSO OWX 
GSOC RSMB 
GSU OOM VDY 
GSXB IAVC 
GTC UHFB 
GTDC JLFC 
GTE RRZB 
GTGB WPVC 
GTHC UQK 
GTIB YQJB 
GTJ PBQC 
GTK HGBC 
GTOB UPXB WWAB YQH 
GTQC ZQVB 
GTUB XBM 
GTW WQNB 
GUBC OWI 
GUCB MANB PYFB RWM TGQ 
GUDB KKEB 
GUH IDWB TEKC XTB 
GUJB LXFC 
GUKC VLKB 
GUMC GWBC RVCC 
GUP LWOC UTRB 
GUPB JCX OFVC 
GUPC RHI 
GUQ IUWB 
GUSB RSBC XKNB 
GUX LTBC MSD NCY ROH SIRC UIUB ULTB WIM 
GUY QAIC 
GVBB IGZB KJBB PZI 
GVC HMLB PTAC 
GVD TQCB 
GVFC YVUB 
GVGC VPPC 
GVH UKOB 
GVHB HNTC URIB 
GVK HNEB 
GVNB JUNC 
GVQB JCMC 
GVUB XXX 
GVWB OEJ WLH XMDB 
GVX YOPB 
GVYB KLHC MPVB OMAC 
GWBB OITB 
GWCC IXFC 
GWD PZGC 
GWDC SJH VVN WPQB 
GWF KJM 
GWG LLFC NJK 
GWGB YUQ 
GWH XLVB 
GWIB IDVB OCBB 
GWMC OOHB 
GWOC TUNB 
GWQC TLH TPJB 
GWTB MWPB 
GWUC THDB 
GWW UHC 
GWZ JAX LPN 
GWZB QTU UHT ZHD 
GXCB JVDB LVB YKUB 
GXG MYHB 
GXGC NNJB 
GXH LSP PJV 
GXLB MHZ 
GXO LAE SIUC 
GXP YYEB 
GXQB YUT 
GXT VYDC 
GXUB QBP 
GXV LSDB MZCC NZG PKJB 
GXVB HPKB 
GYAB OZGC QEP 
GYAC HFN IHR KXH 
GYBC VYIC 
GYCC MHC 
GYDB ZWGC 
GYDC PLJB 
GYF KSD 
GYFB TXI 
GYGC HVN OWUC TXQC XRLC 
GYHC RANC 
GYI NOOB 
GYJB WWY 
GYKB OSKC 
GYMB XKTB 
GYRC ZEN 
GYT OWBC WVI 
GYW HTK 
GYY JUJB NDKB 
GYZB HXV OZLB 
GZAC UUQB 
GZBB XNBC 
GZDC LLK 
GZFB OYBC 
GZIB ILVB QLN XKKB 
GZIC VPJC 
GZJC HNDC ODO YUWB 
GZKC OXRC 
GZQ JWV 
GZQC ZPMB 
GZTC QGKC 
GZU LSC 
GZVB KJMB WIBB 
HAB TNJB 
HAH WCGC 
HAJC NYVB 
HALC IOEC MWDC OKK WNUB 
HAMB NTTB 
HAPB HCRB 
HAQC KPN RMHB 
HARC IMEC 
HAS PQZB VWIC 
HAVC VMOC 
HBAB JXVB 
HBAC KGLB TXEB 
HBBB IYCB 
HBCB VASB 
HBD UFLB 
HBG UYTC ZFT 
HBHB KJP PONC 
HBJC TPDC 
HBMB JECB 
HBO HSOC SNU 
HBSB HGCB 
HBVB SCQB 
HCB ZSDC 
HCD HOJB MZDC TSUC VMOB VUMB 
HCHC WHDB 
HCKB IELB 
HCLC RL TIR ZEB 
HCNB ZDC 
HCPB ZFBC 
HCQ HVSB SFHC UGR 
HCSC HRI NRYB 
HCTC LABC 
HDIB KRB 
HDMC YUPC 
HDNB QDIB SQVB 
HDOC PZKB 
HDP TUPB 
HDQC QVFC 
HDU K 
HDV WBW 
HDVC PCEB XOB 
HDX LXOC 
HDXB WDKB 
HDY WNT 
HEAC SDOC 
HEBB LVLB 
HEC UAM 
HEDC XOS 
HEEC THM 
HEHC HPTB ZFMB 
HEI HLQC 
HEIB RGL 
HER LPPC 
HERB HWM SBPC TUL WVK 
HERC LZQB 
HESB JZAC PRT RCU XJDC 
HEUC IUQC OJCC 
HFAB MQOB VWUC 
HFGB OOCB 
HFGC PUI 
HFHB KBNB 
HFJB HIQC JUIC KVFC UIMB 
HFKB LMDC 
HFO VXS 
HFT RFBB RUE SDU TZUB 
HFTC WTS ZGZ 
HFX PKF 
HFXB WUQ 
HFY TQD VXSC 
HFZ RVP 
HGB SSHC 
HGCC PNU SJAB TFDC VE WZSC XDT 
HGIB LZXB PTGB VZE 
HGO ULN 
HGQ PRMC 
HGSB RPAB 
HGTC TVEC 
HHBC TEQB 
HHCC LAU 
HHIC SYZB 
HHJB ONB 
HHLB YVSB 
HHLC VPCC 
HHMC TKCB WRG 
HHNB VNZ 
HHQC IPQ ZKJC 
HHSB SMUB 
HHY QFF 
HHZ ZSSB 
HI URS 
HID ZHBC 
HIDC LCZ 
HIF YODC ZCMB ZID 
HIGC MBE VYD 
HIH WJUB 
HIHB OPN ZUU 
HIIC JSF QNTB 
HIJC NOCB 
HILC UDJC XQL 
HIM QRVC 
HINC PYX 
HIOC IZZB JQP TBX 
HITC XSRB 
HIUC ROAB 
HIVB ZPGB 
HIW MDPC 
HIX IWNC MYCC MYEC VGCC 
HIXB KBDB ODB 
HIZB OQI PPV UAQC 
HJBB KGCC 
HJC WNBB XJAB 
HJCC HWN LZJ 
HJEC HKNC ZNI 
HJFB RGHB 
HJI VUL 
HJNB XXJ 
HJR LMXB 
HJRC ZZU 
HJUB JMSC LHX LKJ MYK 
HJX UCJC 
HKAC LWCB 
HKI LGI 
HKR HV 
HKRC MSY 
HKTC SYB 
HKU HTF MRZB YUIC 
HKVB QXV 
HKX QOVC SNUC 
HKYB RFHC 
HLAB LGV 
HLAC IRW NBUC NUGC 
HLEC LJTB QNBB SEVB WUEC YMCC 
HLHB HQBC 
HLIC HUIC IVQC 
HLJC SIM VEL WPMB 
HLNB HZN IPSB KPZB 
HLOC PKD 
HLPB TXR 
HLQB QNRB 
HLSB LYP 
HLU MWSB 
HLV KBFB 
HLXB TSC 
HMCC VTFC 
HMDB KLK 
HMDC MFM OII RRH 
HME ZTVB 
HMFB XJF 
HMH NJU 
HMHB WQCC 
HMI RRSC 
HMIB RME 
HMK HNRC 
HMKC NPIC 
HML OJJC OVUC 
HMNC VIQB 
HMP SNAB 
HMPC N RZI SQDC 
HMQ YXDC 
HMQB KVKC 
HMR NDCB 
HMRC RBLB 
HMS TRXB 
HMTC SGV 
HN PVV 
HNB SIC 
HNCB NBCB VEC 
HNE PGK SPC VZUB 
HNF VMN 
HNFB TDK 
HNH OTKC 
HNJ RIUC TUD 
HNJB XDDC 
HNLB OFLC UARB UCLB XAO 
HNM JLBB 
HNMB MLXB YHBC ZNCB 
HNS UWXB 
HNSB PXHC 
HNV VHC 
HNZB IIR KBSB RUNC XJUB 
HOAC WWUB 
HOBB OIUB 
HOCB YODB 
HODB PTS 
HOHC MCD 
HOK YIBB 
HON TYTC 
HOQ JGTC ZKXB 
HORC OFS 
HOS MGFB ZQMB 
HOSB OUEB 
HOTB PIRB 
HOUB YSHC 
HOVC SME 
HOW WOTB 
HOXB VSRB ZFC 
HPAB SBGB VBEB WUMB 
HPCB LTB 
HPEC JYQ YFK 
HPGC MCLB 
HPHB QRKC 
HPIB MCR TWHB 
HPL PTTC TFDB XRN XXGB 
HPOC INVB 
HPQC ZAHC 
HPRB RPX WGXB 
HPRC PLPC 
HPSC RFF 
HPW NKCC 
HPXB WWSC 
HPZ PRFC RDVB TBTB 
HQD HVCC ZGUC 
HQE SDNB ZRMC 
HQEB KBL NHPC 
HQFB JNOB 
HQJ QYKC 
HQKC QHY 
HQN LAAB OEY OVJC QLF 
HQNB RRVB SUKB SZAB 
HQP JGHC JHEC 
HQWB UGC 
HQZ KVLB 
HRCB IOPC RANB WZHB 
HRDB IBQC MPRB 
HRF TPN 
HRJC ICJB 
HRKB VSEC 
HRNC MSSB 
HRO WTC 
HROB MLMB UCR 
HRPB LCD 
HRR KJEB 
HRSB SSQB 
HRTB KWBB 
HRUC VKL 
HRZB JSO 
HSDC MZG PQU TMU VARB XVQB 
HSF UNK ZEU 
HSGC MHRB 
HSL RYBC 
HSMB YMLC 
HSO XCZB 
HSPB VMEB 
HSQ ODUB 
HSRC XOSB YBUB 
HSVB KRTB 
HTAB LPJB 
HTGB ICVC 
HTGC RMMC 
HTI NII OGB QIEB TDGB ZRW 
HTJB MQJC PCF QORB 
HTMB RLSC 
HTOC ZYGB 
HTP KBT PMLB 
HTT LORB 
HTTB IXUC XWI 
HTVB VUMC 
HUAB INOC 
HUB YJDB 
HUBB WNPB 
HUGC XBMB 
HUKC YFDC 
HUN VWQ 
HUO QWSC VBYB 
HUOC WVHB 
HUTB UIYB 
HUVB VEUB 
HUW IJO 
HUX REHB SFFC 
HVBC HZH 
HVC ZWQB 
HVF IHI KDJB XQQ 
HVFB REZ 
HVIB KYDC PLQB RQDB TRF 
HVJC UZWB 
HVLB TKJB 
HVNB OFO 
HVQC RTJB 
HVVB YIMB 
HVX TJM 
HW NPPB 
HWBB IB LTDC OBV 
HWBC OUK 
HWG SHQC 
HWI ORB RWJC 
HWIC VQXB 
HWOC KJFC SDKC VLU WWFC YYBC 
HWQC PXGB 
HWTC IWBB WHT 
HWU JLT XLV 
HWVC MBBB 
HWW PQNC YJUB 
HX JGL KGDC KYZB MTU SVLC 
HXB WYUB 
HXE ITBB KUB PZDB QMHB UEQB UFRB XJTB 
HXEB ULTC 
HXEC ORTC 
HXFC UHCB 
HXGC UFQC 
HXJ WVG 
HXLB MVJC 
HXO PHW 
HXRB UAPC VWY 
HXS IOW 
HXUC MYP 
HXZ PDCB RVAB TORB 
HYAB SEY 
HYCB PTU 
HYDB LRX 
HYEB KJQ NROB 
HYFC KEWB 
HYH RMS 
HYKB KATB KCW WKI WQY 
HYLB KKZB 
HYPB LMNB 
HYXB STQB 
HZ YPXB YVTC 
HZB QUKB 
HZHC MFX 
HZIC VML XYK 
HZJB NEMB 
HZMC IBF OWHC 
HZRC KFP XKO 
HZT IGEC 
HZXB QUVC 
I WVMB XJBC 
IAAC OKD 
IAC SRB 
IACC PCFB 
IAEB TYI 
IAEC JDW NNTC 
IAFB SDAB 
IAHB QXNC 
IAJ LJH NCB 
IALC MAR 
IAMC PXEC YBIC 
IARB NOJB 
IARC OPJC 
IATC MHY 
IAU NXRB 
IAW LVN QRHB 
IAYB WOSB 
IBC IIIB NAC NXBB ZWN 
IBFC MKE RKP TAWB UKL WGUC 
IBHB OPTC 
IBHC OAX 
IBK LHZ QKPC 
IBNB UNI 
IBNC MXTB 
IBO IUW LNT VGFC ZTJC 
IBOB NCH 
IBOC JBG MGXB WOK 
IBP RAGC TKKC WIG YDMB 
IBQB MCG 
IBR IGO RHGB 
IBVB VFLC 
IBVC WZWB 
IBZB PIVC 
ICAC SGOC SNN 
ICBB KYY LOR LRMB RUWB ZIC 
ICC NMCC 
ICD OTIB ZGRB 
ICDB UFO 
ICGB XKG 
ICHC PKKC 
ICI OYE 
ICKB YWWB 
ICMC RVDC 
ICO IHHC NCBC 
ICRC LEY 
ICXB WZM 
ICY XOMB 
IDB NNG 
IDCB LYVC SXSB 
IDDB XSEB 
IDE RRNB XFT 
IDHB PVPC 
IDI TBU 
IDK WQO 
IDM UKMB YSOC 
IDNC OPEC 
IDU UNNC 
IDUB LUZB 
IEBB ZJQ 
IEBC VTXB 
IECC UDRC 
IEFC KYS 
IEGB PGF TEHB 
IEH ZHF 
IEHC TLFB VAK 
IEJC KWX 
IEKB VED 
IEM SWB 
IEMB ZTX 
IEN JQF 
IEO KABC KWD SVJC YLGC 
IEPB OYIB XDCB 
IET MXP 
IEUC JJUC 
IEVB JMUB SSK 
IEX UUH 
IEY YHNC 
IF VS 
IFAC MKYB 
IFDB MHV XAG 
IFIC SXZB 
IFKC QRM 
IFLB VEV 
IFOC YOMC 
IFQC LKU WBLB 
IFRC YUZ 
IFUB LXSB NDT PFMC SLX WHHC YCEC YHVB 
IFV SQO XQDC 
IFVC PACB 
IFX XFU 
IFYB KTR 
IGEB SGEC 
IGH LKWB 
IGHC TPR ZGGB 
IGMC SXYB YPO 
IGN XELB YVXB 
IGSB IZSC RDS XPGB 
IGSC SWCC 
IGT RXAC 
IGV IQVB 
IGX SEE 
IH IIJC 
IHDC NYVC 
IHEC PWV RMI SDE SLV 
IHGB JUMC 
IHN KSV 
IHNB OETB 
IHPC VGU WXHC ZVU 
IHSC MREB 
IHYB LRHB 
IIAC IOCB SLVB ZUYB 
IIBC LTC 
IICC MLNB 
IIDC XDOC 
IIEB NEPC QPVB 
IIJ TXO ZTCB 
IIJB QPJ 
IIM QII 
IIQB SMYB WIGB 
IIRC RTQB 
IITB UNNB 
IIV PAO 
IIWB MVCB 
IIZB ZBOC 
IJB VGOC 
IJBC OUCC 
IJCB LLW 
IJCC PVJ 
IJDC WG 
IJNB NTV 
IJQB QILC 
IJQC UTJB 
IJXB WNTB 
IJY OIE 
IJYB LPVC 
IKBB ZYUB 
IKC YMOC 
IKCC MMD 
IKD SHQB 
IKE KIXB 
IKEB IRRB QXYB 
IKFB IZTC 
IKH RAHB 
IKKC QEWB ZJLB 
IKM OXDB VVVB 
IKNC SPU 
IKOB IZL LCJC 
IKOC MSOC OIY 
IKPB YAUC 
IKPC OIC 
IKQB KZLB 
IKRB KGNC 
IKRC TQFC 
IKSC YVTB 
IKUC SQPB XFVB 
IKVC RYJ SVGC 
IKY SDDB 
ILAB VWBB 
ILD JSM 
ILF XM 
ILG NLD 
ILL PPJ RBQ SGAB 
ILNC MAD 
ILTC OLCB 
ILUC MIJ 
ILV SWCB XQQC 
ILW MMOB 
IME KVMB 
IMGC LBAC 
IMH LPW 
IMIB PMHB PPKC VHRC 
IMK KCGC 
IMKB ZBMB 
IMKC VNKC 
IMO PHPC WWRC 
IMSC VDKB XSZB 
IMW YRF 
IMYB OAT 
IMZB IWRC 
IN RDP 
INE RLRB SBAC 
INGB UGIC 
INHB LKQC RVTB 
INIB KYIB WIGC 
INK ZJW 
INLB MPJC NXG PASB PMT 
INLC JJQC 
INN ZEE 
INNB VEEB 
INUC UBXB 
INV XHMB 
INVC QGAB 
INZ RGCB 
IOBB LMIB 
IOBC NZAC 
IODB JLIB QST 
IODC RVO 
IOGB NNDC OXQC 
IOHC QHDB 
IOLC YUG 
ION PLKB 
IOOB LHV SDJC 
IOP NXR QOV RLN 
IOQC KFI 
IOUB SGPC 
IOVC VKRC 
IPB OCB 
IPC WHSB 
IPEC TVI 
IPG RRN 
IPIC VYN 
IPJB JPC OAE 
IPJC RNAC 
IPNB PRQC 
IPOC UJJ 
IPR VGSC 
IPT ISSC KRZB OCJB VBB 
IPTC MHUC 
IPUB PTUC 
IPW LUU 
IPY OBRC 
IQEC JZVB 
IQFB VMD YQSB 
IQL ORRB 
IQLB PJZ 
IQOC TVAC 
IQPC SDMC 
IQQB LVPC 
IQY IWQC ZSPC 
IQYB VXGC 
IQZ SXMC 
IRAB VHO 
IRCB NCPB 
IRCC KHQB LSLB TBJB 
IRF MSO 
IRHB WDO 
IRJC VBLC 
IRKC WNJB 
IRL IUV 
IRNB TVJ VMY 
IRO JZR RDO 
IROB PH 
IRQ UWQB 
IRTC RDIC UTGC 
IRUC MWMB 
IRVB NMV 
ISCC YFJC 
ISHB MPDC PAN 
ISHC RMN 
ISI NYI 
ISIC LSFB QLE WLZB 
ISJB RDBC 
ISK MGI MMIC YWDC 
ISN ZLU 
ISO ZZEB 
ISS SCJC 
ISU YMQ 
IT PLG 
ITAB NCTC 
ITEB ODTC 
ITIC QPF 
ITL PWJ 
ITMB ZJAC 
ITO MBNB 
ITP KXTC 
ITR LGTC 
ITTB WZVB 
ITX KAMC 
ITY NZUB PGY ZMQ 
ITZ NBMB 
IUAC WKPB 
IUCB LWJ 
IUFC JZOB KOVC SZH TMFC UEVC UREB WWIB XNEB ZYRC 
IUGB JTTC PZG 
IUHC OWIB WBQ 
IUI NBRB 
IUKB IYTB UNJB 
IUN KQJ 
IUP ZWJC 
IUT JJMC 
IUYB ROYB RTM 
IUZ OSDB TABB VQBB YPN 
IUZB QCQC VJVB ZBLB 
IVAB ONY 
IVAC QMHC ZMIC 
IVC ORH TVEB 
IVD UMHB 
IVEB RSMC 
IVGB VRRB 
IVHB RJW 
IVIB ZXVC 
IVJB NLNB QYLB UTEC 
IVKB OQGB WJL WUK 
IVL TQV 
IVQ VDAC 
IVS KQNB RLIB 
IVUC NFK 
IWAB YWO 
IWAC NCX 
IWB OFHB 
IWGB NWUC TSPB 
IWGC VZHC 
IWHB LACC 
IWI NONC 
IWP SSMB 
IWPB QBJB 
IWPC LKRB 
IWW KERC 
IXBB NRNC 
IXBC OQAC TQMB 
IXCB ONKB ZRFC 
IXD PWPC 
IXDC VKTB 
IXK QBC 
IXMB PRTB 
IXT SKW 
IXU NODC UAL YGK 
IXUB VFZ 
IXWB LTMC 
IYEB XIZB 
IYHC QZTB UJAB 
IYIC VNE 
IYJB PDW 
IYMB JFS 
IYNC WGP 
IYPC QRN VSR 
IYQ LXC OWS YWC 
IYQC PVJC 
IYV KYCC 
IZ KPYB TJEC TTMC 
IZAB UJFC 
IZB TJJB XUJC 
IZBC PEF 
IZEB SAU 
IZI TSF 
IZKC PWCB 
IZM TSD 
IZNB LYDB YXUC 
IZO LUFB 
IZOC RKFC 
IZQC PAAC 
IZR OBN 
IZUC NQPB QNAB 
IZV TDSC 
IZW RKBC 
JAAB XLGC 
JACC UIHB 
JAD NEU NVAB 
JAFB KXO 
JAH VZRC 
JAIB JGMB OMNC PPOC ZSR 
JAIC YH 
JAKB UOY 
JALC PCKB 
JAO OXTB QNYB 
JAOC OAD 
JASB VGUC 
JASC LYRB 
JAU QFSB 
JAZB RXXB 
JB TCZ 
JBC KMB 
JBD JBY 
JBDC OGVC 
JBFB NJIC 
JBJC RJE 
JBN SKLB 
JBPB NEVC WESB 
JBQC ZWRC 
JBR RAAB YGG 
JBRC YUE 
JBT WLS 
JBUC JMIC 
JBWB VJYB 
JBX XNGC ZUJ 
JBZ VPDC 
JCAC QPWB 
JCBC YHKC 
JCCB NEI 
JCDC ZWKC 
JCE ZDK 
JCI RDG WDDB 
JCJB XVR 
JCK VPZB 
JCQC QZG 
JCT ZPM 
JCTB JHT 
JCUC VRJ 
JCWB JLOC 
JCXB QCG 
JCZB RLF 
JDAB OZWB 
JDCB PBJC 
JDDB TAY 
JDDC QRQB WDPC 
JDE VSFB 
JDFB PMWB PWM 
JDH QFLC 
JDHB XZBC 
JDIB QFY 
JDIC YSJB 
JDK XSQC YKIB 
JDLC WXG 
JDO SUBB 
JDPB JEUB ZWHC 
JDUC SVPB YXD 
JDV KPT NXE 
JDX TVTB UMVC 
JDZB XFLC 
JE POG 
JEB MMMB 
JEDB YEZ 
JEEC WGC YAQ 
JEF KIP 
JEH VNF 
JEKB SOD 
JEOC QMM WFQC 
JEP QKOC 
JETB VRGB 
JEU RZUB 
JEW MZQC QFTC UIGB 
JEXB MHJC 
JEZB PWQB 
JFCC OUMB 
JFD QNDC 
JFDB WHQB ZFI 
JFM PHSB QGG 
JFMB VCO 
JFMC JVL 
JFNB ZSS 
JFOB LTK SPY 
JFPC JLDC MLBB NCU QUN THLC TQN XJEB YR 
JFQC LBE 
JFR KNLC 
JFU XLYB 
JFV TIXB ZQQ 
JFWB POZ 
JFZ LFIC 
JGBB MXN RUAB TLLC 
JGM KUVB 
JGP MLBC 
JGPB MTNC 
JGSC TQM 
JHBB NSHB RJTC 
JHDC KRM 
JHFB MMLB 
JHHC NYAB PQT QDC QUMC UKFB UPVC VYH 
JHJC RIOB SIDC 
JHMC VTPC 
JHNB LVKB 
JHP NNUB 
JHPC PTY 
JHQB YINC 
JHRC KUBC 
JHTC YEVC 
JHUC VNM 
JHWB OKRB 
JHZ JNCC 
JIG VUUB 
JIGB NJUC 
JIH TDPC VRIB 
JIIB QEK ZRIC 
JIL WIU ZDNC 
JIOC KYXB 
JIPB KHIB 
JIR ZM 
JIRB MHDC OZBC 
JITB NUC 
JIYB MDT 
JIZ PGD 
JJDB RMT TAXB 
JJLC UHKB 
JJNB OTEB QHEB 
JJSC NMN 
JJWB YRGC 
JJXB MFUC 
JJZB WON 
JKD ODY 
JKE RRDB 
JKJC UMUC 
JKKB USG XTSB 
JKNC UQAB 
JKPB KTOB 
JKQB LPUB PJD QLP SNWB 
JKRB OSAC 
JKRC SXIB 
JKU KZCB 
JKX TVSC 
JLB ZFRB 
JLDB SPZ 
JLFB URTC 
JLJB LXD 
JLM VKY 
JLMC QUG 
JLNB RRYB 
JLOB UDG 
JLP UQAC 
JLSB JZF 
JLVC TKY 
JMBC OTJC 
JMGC RKZ SHN WDBC 
JMH VHMC 
JMLB ZOW 
JMPC TUKB 
JMQB UZGC 
JMUC PYL QEHC RGBC 
JMXB NZEB 
JMY KCVB 
JNE ZKQB 
JNEC MCMB 
JNFB VNX 
JNFC WBE 
JNG OTB 
JNMB MCEC VZUC 
JNRC XWIB 
JNU VYC 
JNX MZS 
JNZB WJN 
JOAB YMGC 
JOCB WSPB 
JOD SYH 
JOFB ZNVC 
JOI KULC XFH ZMZ 
JOJ OKAB 
JON ZNW 
JONB WZX 
JOOB LZLB 
JOP MMCB 
JOPB YZAB 
JOTB THMB 
JOTC SDH 
JOWB NOBB RQCC VJKB XREC XXZ 
JP JUMB 
JPAB TEXB 
JPBB KBH PQEC SRCB 
JPDC VPLC 
JPEB NSQB 
JPEC QKFC 
JPK XICB 
JPNB UOO XQOB 
JPNC TWGC 
JPPC SNTB ZGFB 
JPQC UHVB 
JPT QRRC ZKI 
JPVB YNLC 
JPW MZZ NEAC SXUB UCE WJR YBCC YDDC 
JPYB QDYB 
JQBC LXJC MFJ 
JQC YYDC 
JQCB NVWB 
JQFC TDZB 
JQGB KWYB 
JQKB PLKC 
JQKC OJEB SLLB ZVEC 
JQPB WWJ 
JQQ YXSB 
JQSB SYHC 
JQTB KHKC 
JQUC YFH 
JQVC KKUC 
JQYB KOQC KXEB 
JRCB WZMB YJPC 
JRDB RWN 
JRG MDIB 
JRK LCVC 
JRMB SBLB 
JRP OOJC SSEB ZCB 
JRQ SQQ 
JRQB UHPC 
JRQC JXUB VUWB 
JRT JZAB 
JRTC NOXB 
JRUC XED 
JRV NSTB TWS VJBB 
JRZB QVU 
JSCC TBNC 
JSEB RSSB 
JSG RVKC 
JSJ SDL 
JSJB TRMC 
JSKB LOI 
JSR PLU SDKB TVP 
JSTC JZDB QHOC QLVB QS 
JSZ RHTB 
JTC YMNC 
JTF LGDC ZEEC 
JTFB JUTB PSE 
JTLB WLLB WLUC 
JTO OQCB 
JTT OEBC 
JTVB TBE 
JTYB QXWB WRUB ZLB 
JUD RIDB RYY 
JUIB MWK 
JUM YCE 
JUN UBF 
JUUC VQP 
JUY YCXB 
JVAC JZMC KIZ 
JVEB ZRQB 
JVEC KHX RUV XXSB 
JVIB PXIC SRRB TLXB 
JVJB QCQ 
JVLB KEQB OFR 
JVMB MQFC OJBC TGBB XVKC ZNLC 
JVQ NWEB 
JVS QJDC 
JVW MQAC 
JVX YYE 
JVZ TRFC 
JWEC YFTC 
JWGB USZB 
JWI SOFB WUIB 
JWIC NSRC 
JWKB JYKB OQF 
JWM VKC 
JWQC OZV QWWB XIX 
JWSB XSRC 
JWUC NZJB POXB 
JXBC QPIB 
JXIB MGCC YFI 
JXJB QCIC 
JXJC QTP 
JXNB UANB 
JXO NNO 
JXQC ZNGC 
JXR NVLC XSP 
JXSB LKOB WDTC 
JXTB KMMB 
JXTC MUNB 
JXZ SNDC YCS 
JYBC XAQC YLAC 
JYC UMY 
JYH LOH 
JYNB TWU 
JYNC KNW MAOB RCZB TXDC 
JYRB KOM MDL 
JYVC RHDB 
JZBC ZUI 
JZEC XE YWNC 
JZLB KGOB 
JZNC ZXV 
JZP VIMC 
JZTB UCL 
JZUC NYPB WIC 
JZZB KPBB ONT ZFAC 
KAD NRH 
KADC ZZTB 
KAEB WWB 
KAHB PYDB 
KAL UGOB 
KAOB ZXIC 
KAP RUOC 
KAUB NUTC 
KAVC KOYB QMB XN 
KAZB RZGB 
KBAC QRUC 
KBBB TFJB 
KBEC MUJ 
KBHC SGFB 
KBIC TRU 
KBMB TZEB XCRB 
KBOB QBPB 
KBSC LTNB 
KBTB ZVZB 
KBVC PASC 
KCAB TSX 
KCDB OTH 
KCDC WCJ ZTRC 
KCEB MWLC RBEB ZNAC 
KCFB SYXB 
KCGB YFVC 
KCH NOSC 
KCJB YZNB 
KCL NSY 
KCLB LFOC PHGC 
KCNC OQUB 
KCPC WNHC 
KCSC XYP 
KCUC SMBC 
KCXB LYFC SSZ 
KCZB TUPC 
KD XGGC 
KDCC LHBB 
KDD QPI 
KDEC ZTNC 
KDFC LIJB 
KDHB OPRB 
KDKB MKSB 
KDPC OFBC 
KDQC QLI RISB VBX WTU 
KDSB MHT 
KDT ZPLC 
KDYB QTFC WHGC XEK 
KDZB QTW YHSB 
KEBB MQTC 
KED YSRB 
KEDC XDKB 
KEEC SDG 
KEHC LZUB 
KEN QEL 
KEPB TPVC 
KET NQIB SQF UKUC 
KETC XRMB 
KEX WEVC 
KFB MJO 
KFBC ZQLB 
KFCB LQH 
KFD NQFB TXF 
KFG OXM 
KFGB MMXB 
KFIC WDCC 
KFL WHPC 
KFNC UTQB 
KFPC TKMC 
KFSB VQCC 
KGDB TGGC YRTB 
KGE KMGC 
KGH QPQ 
KGJC SFT 
KGKC XWNC 
KGLC VQGC XIS 
KGNB ZEPB 
KGO ZRKB 
KGP QSB 
KGPB YLIC 
KGRB XMD 
KGT REV 
KGVB WLCC 
KGY ZMHC 
KHHB QQZB URHB 
KHHC WJVB 
KHIC OBFB 
KHJ QDGB QGCB QREC URLB 
KHMC LS OEGB 
KHSB TMR 
KHT UJBB UMUB 
KHXB REAB 
KHY WEFB 
KIE WDGC 
KIG SNE 
KIKB OPTB 
KILB WXMC 
KIN UBC 
KIPC KVVB 
KIR TRRC 
KIRC QRCB 
KIV MWY 
KIY RFZB 
KJ WTJ 
KJAB VMIC 
KJAC OLKC SII 
KJCB ZONB 
KJEC QZJC ZZYB 
KJKB UVVB 
KJOB SWDC 
KJR XVMB 
KJS TAVB 
KJSB UEKC 
KJUC TMNB UDAB 
KKE XCE 
KKI LHJC 
KKIB LSBB 
KKJ MLJB ZVEB 
KKLB ZVL 
KKN OPU 
KKQC XWH 
KKTB KLIC KUUB PXJC 
KLAC NRM 
KLD LXPC UVQ WMG 
KLP VST 
KLYB TPC UWPC VVLB 
KMCC LABB 
KMJ YVLB 
KMOB LDUC NAG 
KMR ZJPB 
KMRC OJVC XLQC 
KMTB PBDC 
KMVB XXXB 
KNAC VTH 
KNC XVC 
KNFC QXB 
KNI NNE 
KNJ PKPB WRO 
KNTB QJOB 
KNY WBJB 
KO TFVC 
KOAB NOC 
KOEC LJKC 
KOGB OISC XRQC 
KOGC SUAC 
KOI WJV 
KOJC RNPC 
KOMC RPHB RSRB YVHB 
KORC RHY XJIC 
KOUB TEFB 
KOVB NRD 
KOZ QYQ 
KPB RUH 
KPE WY 
KPGB LIO MGIB ZFJB ZMZB ZTW 
KPI XQVB ZWW 
KPIC TSTC 
KPJ RPNB 
KPJB KPUB SXZ 
KPJC ZNRC 
KPLB RZX 
KPMC NGTB NSFC 
KPO PPJB 
KPQC QKJB TNN 
KPU QAGC 
KPVB UYE 
KPY PWRC VSJ 
KQFC XNCB 
KQGB LPOB WIHB 
KQGC NTP 
KQHB LEVB 
KQJC RPMB WKQB 
KQKB TIX 
KQOC PIE QMQC 
KQPC SLDB 
KQQB ZSYB 
KQQC NCHC SDB 
KQR LHEC MJLC 
KQRC UKFC YBI 
KQUB PINB WRU 
KRBB PQGC YRV 
KRCC YIEB 
KRDB LAJ LWHB PEKB RXW 
KRE VMDB 
KREB RJKB 
KRFB VQE 
KRFC LDT 
KRJB LEJC OJW XOPB 
KRRC PUJ 
KRV ODNC UUAC WRIC ZYNB 
KS MSRC 
KSAB QTGC 
KSBC ZXZ 
KSCC SKDC 
KSJB SHC TBY 
KSK VBXB 
KSL WTYB 
KSO TFKB 
KSS TYM 
KSSB PSVB 
KSU OCO 
KTC MAS 
KTDC LNNC WME 
KTF ZFEC 
KTM YMUC 
KTMC XRXB 
KTQ POSC 
KTSB UGPB 
KTTC VICC XSSC 
KTUB SVI XBQC 
KUE QFMC 
KUEC MLQB 
KUHC PZLB 
KUI XCGB 
KUK LDDC 
KUMB UPG 
KUMC MDJB 
KVBB OBTC XJU 
KVDC ZQCB 
KVGC OQJB 
KVLC LYQC TQKC 
KVMC OAOB YTIB 
KVS WYCB 
KVSB TMP 
KVV PPUC SVQB 
KVVC YQUB 
KWCC PWIC 
KWFC LNH 
KWHB QPVC 
KWHC XVIC 
KWJ QACB SSPB 
KWL LBVC 
KWMC MRAB 
KWNC ONVB 
KWOB NPI QSXB 
KWOC VUR 
KWR WHE 
KWRB SRC 
KWV QAG 
KXD NHG NTYB 
KXFB YBFB 
KXHC YJOC 
KXJC XSSB 
KXXB RRKC 
KYAC OSPB 
KYC QMT 
KYH LBN 
KYK MYC OTUB PLAB QJU 
KYLB XS 
KYOB PUT ZMP 
KYQ MOJB 
KYRB OYQ 
KYRC TVGB VZX 
KYVC PVIC 
KZF UZI 
KZFB ZYKC 
KZIC UZJB 
KZMB LIQB LMQC NVLB 
KZNB TEX 
KZTC LMGC RCK RWO XOU 
KZZB ZHLB 
LADC MYTC 
LAEC LQJC 
LAKB ZFTC 
LALB QPNB 
LAQ UCGB 
LAQC PKW 
LAW SQJC 
LAYB SFRB 
LBB MAB 
LBBB NKYB 
LBD NPUB ORIB VBAC WYX 
LBDC OPNB 
LBFB XQEB 
LBG URX 
LBK YIV 
LBPC UUIB 
LBWB LDP PZRB XNMB 
LC PYOB RAMC 
LCE UDD 
LCEC RSB 
LCK MXB 
LCL NGAC 
LCMC PLRB 
LCO ZUGB 
LCPB TXU 
LCSC YJU 
LDD SAJB UOLB 
LDJB RUSC 
LDJC PNOC 
LDPC QNHB XYLC 
LDSC PQD 
LDXB OLR 
LEC XGN 
LEF QNX 
LEFB XDU 
LEG LYMC 
LEI ZBWB 
LENB ZYHC 
LEOC QI 
LEQC OGDC 
LERC PQE RPJB SUJC 
LET UPR 
LETC TVB 
LEUC LYWB 
LEWB RYKC 
LEYB ZKB 
LFBB OJU 
LFC VPUC YCVC 
LFEB TDE 
LFFB TI TKG 
LFG UGU 
LFL MAWB OFPC 
LFM NUNB PMX VUVB YLC 
LFMB PEJB 
LFNC XQJC 
LFQ OMH 
LFUB YYXB 
LFV OSXB 
LGB MZU YNY 
LGH RLC TULB ZOM 
LGIB RFVB 
LGJC MHVC OUHB RVBC WLIC 
LGK OET SREC TMC 
LGN MNMC 
LGO PHZB XEM 
LHCC TOHC 
LHFB NWM 
LHGB RSGC 
LHHC VKF 
LHI QVL 
LHL SONB VQKC 
LHP NNHC 
LHSC QBPC QNSB 
LHT VGR ZPCB 
LHTC TEWB 
LIAC QKAC 
LIBC NJWB 
LIC QOKC TYAC 
LIFC ZCIC 
LIM NER SDTC UVJ 
LIOC YYJC 
LIPC RSDC 
LISC UDTC 
LIUC UDFC 
LIXB OCVB 
LJC SRBC 
LJGB YGEC 
LJHB NYIC 
LJY XQLC 
LKB OOWB 
LKBC RERC 
LKCB RUPC 
LKG YVDC 
LKGB ORMB 
LKP OMSB 
LKRC WIWB 
LKTB OAKC SUCB 
LKTC OUPB 
LKV QWQB 
LKYB PTCB 
LLCB RBVB 
LLD XZUC 
LLG TS YCCC YFJB ZZS 
LLHB XNRB 
LLHC MFKB RKSC RLOC SRR WEEC XXYB ZAVC 
LLO ZIUC ZMG 
LLOB SARB 
LLR NBHC 
LLRB NFH 
LLX WZAC 
LMDB SSKB 
LMEB QXXB 
LMF NQI ZELC 
LMGB MUOB 
LMM PMV 
LMNC PZVB 
LMO VJY 
LMSB RGU 
LMSC UPGC 
LMV OKAC TTDC 
LMZ QHK RQI 
LNF RSUC 
LNJ XGV 
LNOB RCPB 
LNQB MYAC 
LNW NKSB RRVC 
LNZ VXV 
LNZB MXK 
LOAB YAXB 
LOB UPNC ZGKC 
LOBB OLGB VQTB 
LOCB OYK SUPC 
LOCC SCTB 
LOEC VSPC 
LOG PNLC QIMB 
LOMC NCUB NNU WWQC 
LOWB NIL RVUB 
LOXB ORQ ZOKC 
LPDC TYZ 
LPEB NYJC YSO 
LPH YNQB 
LPHB TMCC 
LPHC MGQ SDN 
LPOC YAHC 
LPQC ZOVB 
LPVB LRE 
LQB PNVC XKSC 
LQBC RBBB RQCB TZC UKCC 
LQCC ODAC 
LQEC ZGQ 
LQFC XDFC 
LQNB ZTBB 
LQQ RGVB 
LQVB WDOB 
LRDC ZZOC 
LRGC UGMB 
LRHC WOBB 
LRIB NCI 
LRJC PWKB SUQ 
LRKC SDQC SSU VWEB XZY 
LRLB VALC XCL 
LRLC MIAB 
LRN MGDB 
LRPB XBE XROB 
LRXB QEZB TPKB 
LRYB MAAC NHBC 
LRZB LTP SEKC 
LSAB TCNC 
LSDC SJOC 
LSE WEJB 
LSIC RTJC 
LSL ZB 
LSLC WOLB 
LSN MVR 
LSUC VHUC WPRC 
LSVC OPSB 
LTF VORB 
LTFC ZDHC 
LTKB NYRB OOSB WSLC 
LTR VQX 
LTUC UPDC 
LTVB QZMC ZICB 
LU MCW 
LUEC VSVC 
LUJ NLUC 
LUJB RGRB 
LULC NEEC QEFC SSMC 
LURC XVW 
LUSB QMC 
LUSC WZR 
LUTC NXTC 
LUUB OYUC XNRC 
LUYB SGZB 
LVDB VAW 
LVE QASB 
LVEC MBCB OKLB 
LVMB NJM 
LVOB PHS YCCB 
LVOC UARC 
LVPB PTG XHXB 
LVZ QYR 
LVZB YNPC 
LWB TST 
LWBB OQVC 
LWD PHV WGPB 
LWGB QZZ 
LWGC TYHB 
LWI OKDC VNHB ZBGC 
LWLC VWNC 
LWMC QMLC TZJ 
LWN VNVC 
LWRC SPUB VUAC WSHB 
LWTB SVN 
LWV RUTB 
LWWB PNO UWUC 
LXBC OCHB 
LXE PGYB 
LXLC PNOB 
LXQC SGBB 
LXVC QHD VN 
LY PZUB 
LYGB YTKB 
LYHB WDU 
LYI YVW 
LYKB MAPB 
LYQ NGFB ONV 
LYX OQE POF 
LYY STFB 
LZCB PQG 
LZD MMM 
LZEB ODUC 
LZGB ON ZMTB 
LZW XTX 
LZX MKZ 
MABB RUR 
MACB RKI 
MAEB RKSB 
MAI PFU VUEB ZHI 
MAJ SAC 
MAM PNUC WBRC 
MAQ REI 
MASC SRI 
MAVB TAG 
MAZB VVW XQUC 
MBAC PVHB 
MBF NXK 
MBHC XOLB 
MBJ ZOVC 
MBLC SDGB 
MBN MUGB TYJB VJZ 
MBNC YVDB 
MBSB NVR 
MBU OLBC PDZB PVOB 
MBUB ZIVB 
MCB MTQ 
MCCB ZFQB 
MCH YAJ 
MCI QBK VG 
MCNB VINC 
MCPC UGRC UJRB VCJC YACC ZZKC 
MCUB RMCB 
MCV SPM 
MCVC RWJ STX 
MCWB RZDC USDB 
MCX MXCC 
MCXB YZCC 
MDB PPPB 
MDFC SZJC YTEB 
MDGC NNYB 
MDIC ZMJB 
MDOB SERC 
MDPB YQF 
MDRC SVY YWXB 
MDS PGL 
MDSC XDHB 
MDU PDTC 
MDVB OTCC 
MDWB TFTB 
MDYB SLUC 
MEB TAQB UIJB 
MECB ORM 
MEEC XG 
MEHC UJXB 
MEJ NPH NTBC OVPB PQC TVO ZAIB 
MEOB ZBOB 
MEOC PGTC RHOC XXWB 
MEQB ZJVB 
MESB VLFB VYSC 
MESC TEIB 
MEVB SKMB VIO 
MEZ UZBC 
MFCB RYFC 
MFCC VFAC 
MFDC RZQB 
MFJB VLNB 
MFNC ZMM 
MFS UAAB XQR 
MFUB NGVB 
MFW RHKB 
MGEB WWQ 
MGFC NZEC 
MGHB TTNB 
MGMB PSCC 
MGOB UPQB 
MGRC ZIHC 
MGSC OZCB ZRKC 
MGT XOMC 
MGY NXJC 
MHB PBG 
MHPB MMKC 
MHQC YFIB 
MHR OFFB PZFB 
MHU TRI 
MIBC UKW 
MIGC MKTB 
MII XCEC 
MILC VMJC 
MIT UMFB 
MIUC NRAC 
MIW THTC 
MJD RYX YJKC 
MJE ONHB WUG 
MJEB NRKB 
MJFB OANB 
MJH WTFB 
MJQB NEVB 
MJUB MOT ZVVC 
MJW ZXY 
MKAB VDKC 
MKFC YSQB ZIJ 
MKJ UJQC 
MKL UYH 
MKNB VBU 
MKY YCNB 
MLFB TXG 
MLG NVTC 
MLI NAWB 
MLM VZR 
MLNC WLU 
MLPC OHI UWP 
MLS PEY 
MLSC NCYB 
MLVC TZHC 
MLW TPJC 
MLY MNN 
MLZ NKNC 
MMC SASB 
MMDC STLB 
MMEC NVO 
MMGB OYI 
MMHB OXKC 
MMK OOZ SDIC 
MML WM 
MMNC ZZV 
MMT YIFB 
MMTB UNDB 
MMU QNE 
MMVC YFCC 
MMY PLC 
MNBB TFG 
MNCB NAT 
MNH TJW 
MNJC PBKC 
MNKB QSSB 
MNQB WMSB 
MNZ WNV 
MOBC QJVC 
MOCB WRR YXX 
MOCC YTDC 
MOM PPG 
MOMB NUW 
MOPC TXGB 
MOVB PZIC 
MOWB OCL 
MPAC WOJ 
MPCC PAIB 
MPEC PAQC 
MPIC POR 
MPKB VTK 
MPOC OSPC 
MQGC QBEB 
MQKB NCJC 
MQL TGTC 
MQLC YVX 
MQN SMN 
MQQB UDRB 
MQS QML 
MQUB OKI 
MQV PIF VVFC YFOC 
MRAC PDJB 
MRB XEI 
MREC RFRB 
MRFC WXCB 
MRJB ONW 
MRKB RPEC 
MRSC MTRB 
MRVB YWIC 
MRXB RXJB 
MSFC NGTC QBCC YKHB 
MSHC QVW 
MSMB ZTQB 
MSN UZUB 
MSPC NDC YQJC 
MSQ RUY VLPB 
MSQB PJI 
MSR QIRB 
MSUC UVOB 
MSYB NFAB 
MTBC RZC 
MTFB ZXG 
MTGB SRLB 
MTM WVJC 
MTO ZMNB 
MTSB SXAC 
MTTB QPPC 
MUAB YPLC 
MUBC ROL UQBC 
MUC QUCC 
MUDB ZFEB 
MUF VFRB 
MUJC YYQ 
MUMB RKJB 
MURB ZFH 
MUV UNY ZGO 
MUVB OVRB 
MUX UUXB 
MVAC YYJ 
MVH NHBB YGJC 
MVNC NXT 
MVZ THWB ZFVC 
MWC OQ ZVFB 
MWCB XEBC 
MWCC UQLC 
MWEC SSEC 
MWF NHKC TIL 
MWHC RVSC 
MWIB QQCC 
MWIC XQO 
MWOB ZUS 
MWTB PAVB ZAB 
MWU OSDC QP 
MWV SCE 
MX OSL 
MXBB RCYB XDZ 
MXCB NNW NSL 
MXEC WHDC 
MXJB TBK 
MXUB SWXB 
MXV UQ 
MXYB WJJ 
MYEB TYEB 
MYF XJFB 
MYIC WUYB 
MYOC QHAB UFV UUAB 
MYPB XLO 
MYUC PNW PVL UUKC ZZCB 
MYZ OOGB 
MZAB YMNB 
MZC XXDC 
MZHC TRMB 
MZIC NDGC 
MZMB VEAC 
MZPB TYT ZTKC 
MZXB QKGB XLY 
NACC NOSB 
NAD TXT 
NADC RSV 
NAK TQGC 
NAQB WPZB 
NAR NJQ NKJ 
NAUB SIEC UMI ZIL 
NAV WKUC 
NBAC XBNC 
NBC QLS 
NBE NDRB 
NBF SEJB 
NBK WCZ 
NBO PKSB 
NBRC SHQ SVHC XILC 
NBSC XOVC 
NBTB NXP OCUC OHQC 
NBUB RHH 
NBVB SZCC 
NCHB TVRC XHIC 
NCLB OBQ QOY 
NCLC OAC 
NCXB TZS 
NCZ RJEB 
NDI RMVB 
NDUB YYK 
NDWB WHUC 
NDXB WXUC YMK 
NE NQY 
NEDC OFEC OTW WREC 
NEG OHK 
NELB NNEC RMR 
NENC UPPC VIBB 
NEOB ZBG 
NEYB QHTC 
NFCB SFY 
NFEC URPC 
NFHC ODGB WMD XGG 
NFI RNYB 
NFNC YPVC 
NFO YSUB 
NFV OBCC 
NGFC TCGB 
NGKC NHI VKHB 
NGLC ULLC 
NGN ORVB 
NGO ROZ 
NGVC NSLC 
NGW OCQ 
NHDC VBSB 
NHMB PUAB 
NHSC WWR 
NHW TBOB 
NIDC VWE XWY 
NIFB VUFB 
NIGB OPL RDZ 
NIHB SVS 
NIIB XNGB 
NIJB TWKC 
NIJC UYU 
NIMB VOKB 
NIMC NUG QEBC 
NIVC RUW 
NJHB WRGC 
NJHC ZJKB 
NJLB UKPC 
NJSC QWUC UQKB 
NJT NQJB 
NJV RNI 
NJYB OVNB VDI 
NJZ XGX 
NKAC RPGC 
NKC XJI 
NKE SZHB WFY 
NKG PNCC 
NKO ZVMB 
NKOB TRD 
NKPB WHEC 
NKQB PRY 
NKU ZJG 
NKUB RQAB 
NLEC SGN 
NLIB SPI 
NLLB ZBBB 
NLPB PAPB QLDB RMOB SFOB SXY TSR UMJC WVRC XUPB 
NLQC SIRB 
NLTC WFOC 
NLZ WVP 
NMC QWZB 
NMEB NNGC 
NMGB QAEB XHQ 
NMH TOH 
NMI OICC VYQB 
NMMC QBJ UQMC 
NMOB XYGB 
NMQC UTQC 
NMSC OJGB 
NMT PBHB 
NMX NYT RUB TRGC ZBZ 
NMY WSUC 
NNAB OKB 
NNAC SWKC 
NNFB UJO 
NNLC QDAC RWF 
NNPB OYN 
NNTB OSIB 
NOAC PLOC 
NOD STTC XQFC 
NOP UQSB 
NOTB SHAC 
NOY RFSC 
NPB QWNB SDSC 
NPC XRVB 
NPCC ZIEC 
NPD SCGB 
NPE SSCC ZAY 
NPGB PHOC 
NPHB VNT 
NPMC YCFB 
NPNB PAT WNJ 
NPO SMH 
NPSC UTSB 
NPW OSZ 
NPZ NXQB 
NPZB XBCC 
NQB VNFC WPHC YHLB ZEP 
NQH RTRB SXTB 
NQHB XUT 
NQN TDGC 
NQNC OCGB 
NQP QEM 
NQR XSX YHQC 
NQRB TBHB 
NQTC OYRB 
NQZ VILC 
NRDB WQBB 
NRDC RSQ 
NRHB YIJC 
NRHC OHYB PJCC 
NRI ONUC 
NRKC YGM 
NRMC ZZT 
NRNB ZXHB 
NRSB WNF 
NRSC TSB 
NRTC SQTC 
NSB PVG 
NSCB WJNB 
NSMC VQUC 
NSNC RRCB 
NSOC QMVB 
NSP QO 
NSQ SWEB 
NSS YE 
NST UGQC 
NSUC QLMC 
NSV WGG 
NSYB SEGC 
NTB XRKC 
NTCB STFC 
NTJ QUR QVQB 
NTJB OZJ SMV 
NTLC UPYB 
NTN PJR YNJC 
NTPB VDS 
NTPC UFHC 
NTXB VKAB XFJB 
NUBB XDP 
NUMB RITB ZNV 
NUP XME 
NUUB PUOC TMBC 
NUY NVB QAJB 
NVCB XWKB 
NVDC TRTC 
NVF RSD YRLC 
NVFC POMB 
NVKC QMGB 
NVMB QBNC 
NVQB QWQC 
NVRC PUE 
NVUC XHU 
NVV TUDB 
NVZ OAK 
NWC PXBB 
NWJB PKB 
NWN TWMB 
NWSB QDEC 
NWSC RWIB 
NWW QGJB 
NWX RHKC RQB 
NXD OWJB TPPB 
NXFC TSFB 
NXHC QYZ 
NXIC YKR 
NXLB RVHC 
NXQ VCZ 
NXQC ZPD 
NXS WBCB 
NYFC TWGB 
NYGB SJGB WSJ 
NYJB SHE UHOC WMZ 
NYP XNFB 
NYPC XKV 
NYXB OLJB 
NYY ZQOB 
NZCC QRZ 
NZJ RQIC 
NZL TXPC 
NZN VHXB 
NZQC QUJB 
NZSC YNMB ZREC 
NZYB UQSC 
OAHB XZU 
OAI TLR YKG 
OAMC UFI 
OAN SFGC UVRB 
OARB RII 
OBGB ZRQ 
OBI WDH 
OBIC USBB 
OBMB SBCB VWBC 
OBQC SYOB UBL 
OBS ODEC 
OBSB SYNB 
OBY SQH YPWB 
OCIC XHV 
OCJ XVFB 
OCK WWKB 
OCP OMBC 
OCR OTKB 
ODC XHR 
ODD YUTC 
ODNB QZGB 
ODQ SGE 
ODQB VGRB 
OEC SGQB 
OED QPJC 
OEHB TSSC 
OEL RHZB 
OELC TXOC 
OEMC VQDB 
OEPB UICB URF 
OEX WGD 
OFB POHB ZTTB 
OFCB UXAC 
OFFC PFR 
OFHC PHVB 
OFJ SGDB 
OFK XYEB 
OFM QSS 
OFMC ZCIB 
OFT WPP 
OFTB VQO 
OGFC RFLB SEP SMPB 
OGG YAQC 
OGJ QJTB 
OGM YPT 
OGNC XSB 
OGP QDUC UQD WYMB 
OGSC XHSC 
OGVB SJD 
OGWB WYH 
OHBC VZSC 
OHJB YDI 
OHTB WQRB 
OHU RZZB 
OHX TBLB 
OHXB PWL UTBB 
OHZ YBSB 
OIFC PRIC ZPQB 
OIJB UFAC ZDL 
OIKC XPAC YBF 
OILB SMG 
OIUC YSR 
OIXB OYEB 
OIYB WCIB 
OJDC QRVB 
OJF UWKC XMNC 
OJJ UNVC 
OJL TFIB 
OJMC SSDB 
OJQB ZKTC 
OJX QWJ 
OKC UMVB 
OKE PKXB SJR 
OKHB QUQC 
OKHC XBRB 
OKSB TUP ZPOC 
OKU RXG 
OLC ULI 
OLDC QDLB 
OLMC YJK 
OLO PFQ 
OLOB PZAB 
OLQC VEPC 
OLSC XFEB 
OLUC ZYOB 
OLVB UXC 
OMF VJMC ZHO 
OMK PBLB PKG UVMC 
OMKC QYEC 
OMPB ZZKB 
OMU SOKB SZK 
OMVB RXU ZOPC 
ONEC VESC 
ONFB YQRC 
ONOB XVXB 
ONS ROU 
ONSB TZM VHVC 
ONTB OUJ YEUB YXVB 
ONX UUM 
OOBB SBC 
OOCC WLVC XHRC 
OODC UEV 
OOH OVV 
OONB XBOC 
OOR PGN 
OORB UMDC 
OORC YDPC 
OOTB UKWB 
OOUC XMY 
OOVC VHFC 
OPEB TIHB YNVB 
OPFB UCEC 
OPFC RNTB SCKC 
OPGC QYYB 
OPI YHUC 
OPJB SKH 
OPMC VTR 
OPUB ZEJB 
OPVC VIDC XTMC 
OQEB UTBC 
OQEC YYP 
OQH OT TASC 
OQL SZUC 
OQLC QYM 
OQOB WUZB 
ORFB QCSB 
ORPB TUHC 
ORR XVGB 
ORUC WUY 
ORV YNIC 
OSBB RPT 
OSFB QKVB 
OSM SDPC 
OSMC TIFC 
OSO YDGC 
OSOB WZQC 
OSTC TLK 
OSUC UND XQJB 
OTDC QAJC ZNTC 
OTI SWPB 
OTL PWAC SOF 
OTMB ZNGB 
OTPB TLJB UIN XEEB 
OTSB VIF 
OTVB WTVB 
OTX RKQC 
OUF OUW QYWB VMUB 
OUHC ZHV 
OUIC TELC 
OUKB PDAC 
OULB UNLB 
OUN WFPB 
OUP PBQ 
OUQC PDAB PJKC UYAC 
OUTC RXLC 
OUY PDK 
OVB YTLB 
OVC WFZB 
OVE WFPC 
OVF PQI SLXB 
OVHC XGF 
OVJ PVYB YOJB 
OVT TVK 
OVZ UWH 
OWBB SSNB XOQC 
OWFB SEG UDK 
OWGB ROT 
OWGC UBU 
OWKC PENB SYO 
OWL TDMB 
OWM WDEB 
OWMB WEC 
OWNB RBNC 
OWR PLCB 
OWTB RUGB 
OWVB VIEC 
OXB YI 
OXBB SKKC 
OXH QER 
OXO PUW RGSB 
OXP TTR 
OXVC WNZ XMLB 
OYAB XAB ZQMC 
OYBB TFEB 
OYKB UGBB 
OYM PRQ 
OYMC PYGC RPJC 
OYNB ZNS 
OYP UMOC 
OYPB PYRB 
OYS UYJ 
OYSB RAIC 
OYY XYY 
OYZB PZSB 
OZAB ZUHB 
OZBB RGKB 
OZDB SUDC TUW 
OZDC WPW 
OZFC WYJC 
OZOB VOH 
OZPC QCTC 
OZQC SCC XSOC 
OZZB SHMC VKO 
PAB QPDC 
PAI TLC 
PAIC RTKC 
PAJC QKLC 
PALB RATB 
PAMC VYR WKFB 
PARC QCUC 
PAUC UVBB 
PBAC RES 
PBCC VCHB 
PBE VNUB 
PBH UGDB 
PBRC ZKHB 
PBZ QMXB RPR 
PCHB UGO 
PCHC QUKC 
PCKC URSB 
PCOB UEQC 
PCR RVLC 
PCW QVKC 
PDB UWW 
PDEB QQRC 
PDOB SMTC VNU 
PEDB RPOB WFDB ZUZ 
PEGB QXTB 
PEH WKIB 
PEK PWHB 
PETB XNC 
PEX UKJB 
PFBB WSJB 
PFHB TZRC 
PFHC ZUM 
PFLC TQNB XCQ 
PFUC RRE 
PFZB QSKC TGMB 
PGE QLGB 
PGEC SVO 
PGGC PPFB 
PGMC XRF 
PGSB YZMB 
PGUC VNO 
PHDC WFCC 
PHIB TPUC 
PHIC VJC 
PHMC SBSC UQKC 
PHRC YGSC 
PHUC PLR VVGB YAPC 
PHVC XERC 
PID XFV 
PIHB TRM 
PIHC VQPC VZYB 
PIJB RQXB 
PIM VXEB 
PINC WMUB XXG 
PITB SGAC 
PJB STGC VXUC 
PJBC RBEC 
PJIC RFKC VIFC 
PJLC TZZB 
PJPB ZKAB 
PJQB TIT 
PJU UVS 
PJX WBUC 
PKDB QVX 
PKI ZIT 
PLDB WDOC 
PLO VYBB 
PLVB YPQB 
PLY VTAB 
PLYB QKDC VYYB 
PLZ TWL UFG WWHC 
PMAB SNSC 
PMAC TXCC 
PMB XJJC 
PMBC RHFC 
PMDB SMJB WOF 
PME TYS 
PML QSDB 
PMQB ZSWB 
PNNC YGX 
PNZB TZV 
POE QAGB XNVB 
POFB RUU YGR 
POJB WJNC 
PON UUOC XTK 
POS VDHB 
POU VLN 
POYB SWZ UYQB 
POZB VBDC 
PPD QGX 
PPF PPMC QIC 
PPI UOBB 
PPWB URCC WKHB 
PPYB TJS 
PQB WLCB 
PQEB WQB 
PQJB YUC 
PQM UISC 
PQTB WHIC 
PRHB QTZB 
PROC URBB 
PRQB WQN 
PRRB RXUB XRG 
PRX RTY 
PSBB UUFB 
PSBC RWEC 
PSHB SYFC 
PSNB WVWB 
PSQC TCFB 
PTC VHKB 
PTFB YNEC 
PTFC XYPB 
PTL SZT 
PTNB YAAB 
PTNC SWV VXPC 
PTQB ZJB 
PTW USTB 
PTX URT 
PUAC UFVB 
PUGB WDAC 
PUIB XABB 
PUMB SJNB 
PUMC QDQ UYHC 
PUQ WGUB 
PUQB QKVC 
PUU XVWB 
PUUC YBXB 
PVKC RJNC 
PVLC VYZ 
PVT ZSRC 
PVZB QBL 
PWC UXQB 
PWDC XCBB 
PWHC VBSC 
PWN VUJ 
PWT ZW 
PXKB TJC 
PXNB XDR 
PXRC TDN 
PXV YLEB 
PXZB YBVB 
PYBC UNO 
PYEB XAQB 
PYH UXS 
PYHC VKLC 
PYQ UGHB 
PYUC SEHC 
PZCB SVSB 
PZIB RDB 
PZLC ZTYB 
PZRC YIF 
PZU SEW 
PZW QMPB 
QAE UDS XEZ 
QAHC WPBB 
QAMC WGHB 
QANC UHN 
QAO YLN 
QATC QVJ WPUB 
QBIC XAEC 
QCDC YIPC 
QCI SKNB 
QCOC YGO 
QCRB ZLX 
QCS QHFB 
QCVC UAI 
QDCB ZDS 
QDEB WTMC 
QDRB TTX 
QDSC QOS 
QEDB VCLC 
QEGB YCR YPSC 
QEHB VDXB 
QEOB RRJB 
QEQC TJAB 
QEV TKCC 
QFB VMMC 
QFBB UPF 
QFCB RREC 
QFMB VSE 
QFO ZGN 
QFS XWO 
QFUC TOS 
QGD SRQ 
QGFC TKT 
QGIB SWMC 
QGJ QMAC RPIC 
QGK RODB 
QGS SFUC YZPC 
QGWB ZYUC 
QGZ YZR 
QHE QXIB 
QHGB VQGB 
QHI VNFB 
QHKC SKJC YSOB 
QHNB XUJB 
QHQ QNMB RIBC 
QHRB WRBB 
QHSC SPRC 
QHT SLKC YOKC 
QHUC XWB 
QHX ZOGC 
QHZ REEC 
QIF XTRC 
QIJB VKNB 
QIP VKD WLJC 
QIQB VGAB 
QISC QUV 
QITB WFVB 
QJB WZCC 
QJBB QSHB 
QJF WOJB 
QJHB YDOB 
QJJ WJBC 
QJJC ZDY 
QJKB QOM 
QJS WJQC 
QJT XWPB 
QKH RDV 
QKHB XASC 
QKJ WKS 
QKLB VFQC YWFC 
QKM XMS 
QKPB SXN 
QKQC VDLB 
QKTB RIPB SPP 
QKV VIKB 
QKX RBJB 
QLHB TTFB VMTC 
QLNC TUUB 
QLYB TVJC 
QLZB SNT TIAC YMZB 
QMEC TTKC 
QMI QYFC 
QMIC YJAC 
QMS TL URRB YFMC ZQB 
QMUB SHEC YOBC 
QMZB WSZ 
QNCC VLC XTR 
QNDB SMC UJTC 
QNL WASB 
QNN VCUB 
QNNB TCQB 
QNO QXBC 
QNR ZWQ 
QNT SCU 
QNXB SWSC 
QOBB XUMC 
QOBC SDXB 
QOFB STNB 
QOGB ZEVC 
QOI XHLC 
QON XKGC 
QOVB TIQB ZGC 
QOXB ZLKC 
QPEB YFR 
QPN RJUB 
QPSB SCEB 
QPSC Z 
QPV TVAB YOYB 
QQB UQFB 
QQCB YYB 
QQF RPOC XENC ZOUC 
QQGB YKD 
QQIB WHCC 
QQKB TUBB 
QQQC WWS 
QQW RLJ ZKY 
QRB UILC 
QRDB SCV 
QRGB UYOB 
QRH ZYD 
QRI WLO 
QRQC VCE 
QRSB RSM 
QSEB ZZGC 
QSEC TLBB WBQB 
QSG RYIB 
QSJB SXQB 
QSLB RFS ZLV 
QSMB UUFC 
QSOB VZVB 
QSPC VEEC XQK YAC 
QSRB QSX 
QSYB TUTB VWGB 
QTD YRUB 
QTJC ZMRB 
QTO TLQB 
QTOB URE 
QTSB TKDC 
QTWB ZBNB 
QTX RNAB 
QUF ZHH 
QUGC ROZB 
QVB XHMC 
QVD UIQC 
QVJB SUEB 
QVKB WXBB 
QVMB WXBC 
QVRB UCYB 
QVZ VRQC 
QWAC ZRZ 
QWC XGSB 
QWCB YUPB 
QWD VCYB 
QWEB TEPC 
QWF ZCSC 
QWJC ZNN 
QWOC VXQB 
QWR SFJC XBTB 
QWW RNCB 
QWYB SMFC YBVC 
QXEB SFTB 
QXQ SHG 
QXZ SSJ 
QYB WBX 
QYGC RIQ WJLC 
QYO WII 
QYOC TNHB 
QYW RIKB 
QYY SFCC 
QZHC UXH 
QZVB SLHB 
RAFC XNFC 
RAH YSFB 
RALB UBI 
RAPC ZPL 
RARB UQS 
RAU SKPB TZR VVEB XTEB YIAB YQO 
RAVB ZOJ 
RBFB TXW 
RBJC WXI 
RBP SYAC TCQC 
RCIB ZFK 
RCLC RUX 
RCOC UFGC 
RCT UVRC 
RCUB TBQ 
RCX XNE 
RCXB YEKB 
RCZ TDBB 
RDE RERB 
RDH YQMC 
RDKB TJKB 
RDQB TZAB 
RENB WDMB 
REPC YEKC 
RFAB RFBC 
RFLC VMHB 
RFN UXLB 
RFPB VOI 
RFQB RKH 
RFQC VWAC 
RFR VFUB 
RFY TGCC URJB XUU 
RGFB ZHKB 
RGKC TGLB 
RGTB WLBC 
RHB ZKD 
RHBC UPX 
RHO VQTC YBRB 
RHQB WKY 
RICC ZVS 
RIF UVFB 
RIFB XKDC XKLB YON 
RINB WECC 
RIR YNGC 
RIT SGNC 
RJBC WXEB 
RJFC RRBC YDG YUOC 
RJN VAFC 
RJPC SRW ZOAB 
RJSC ZOG 
RJVB ZHE 
RJZB WFUB ZEX 
RKD VYEB 
RKDC TZAC 
RKOC UGQ 
RKR TNFC 
RKRB VJUB 
RKT UCW 
RKTC YXNC 
RLK WRC XJBB ZQEB 
RLLB VUUC 
RLO TGW 
RLXB SZKB 
RMAC ZAAC 
RMUC ROFB 
RNHB RPYB 
RNK XXCC 
RNO YXW 
ROG WXKB 
ROHB ZWEC 
ROLB VITC XKDB YMRC 
ROQC UXDC 
RPIB UIT YMAC 
RPSB TWRC 
RPSC ZXFC 
RQD WHR 
RQFC XIDB 
RQMB SEC 
RQRB XDH 
RQS YBV 
RQW YJFC 
RRD XRPB 
RRFB SZBC 
RRGB WMJB 
RRJ ZTOB 
RRM VNL YUIB 
RRPB TDEB 
RRTB SDI 
RRU UFH 
RSCB SBTC 
RSF XXRB ZLVC 
RSO ZQCC 
RSPC UVKB 
RSTB WAVB WJCB 
RSTC WBM 
RSU YFJ 
RSVC TGO 
RTCC SIF 
RTF RYQC 
RTFC SJYB 
RTYB SG SLUB THX 
RUNB WGN YSUC 
RUSB ZEG 
RUZB YTSB 
RVC SITC 
RVCB XBNB 
RVR YDOC 
RWDC SBDC 
RWHB ZCOB 
RWI YVGB 
RWLB WAKC 
RWVC YCMC 
RWYB WGSC YBWB 
RX YKQ 
RXKB XSR 
RXOC XOTC 
RXP VCJ XPZ 
RXSB T 
RXUC TSMC 
RXWB XPRB 
RYC YORC 
RYGC ZRJC 
RYHB SFC TGIC 
RYZ SVK 
RZDB ZSMB 
RZJB UAOB 
RZLC ZCRB 
RZM XGQB XSUC 
RZSC SQS 
SABC ZVOB 
SAQC SFE 
SBFC WKAC ZEXB 
SBRB XBY 
SC TQY WXGC 
SCF SKM VEE 
SCFC TOC 
SCH UMC 
SCJB ZYLB 
SCKB WNMC 
SCNB YLJC 
SCNC SUOC WENB YVVB 
SCRB VNNB 
SCTC UYN XBI 
SCXB SHCC 
SD ZSSC 
SDBB SGJC ZII 
SDF YGN 
SDFC ZTDB 
SDM ZGAC 
SDP UDSB 
SDV XGTC 
SDX ZDDC 
SDYB ZGTC 
SEI UJPC 
SEOB SRTC 
SEPC SNZB YLF 
SFBB ULCC 
SFD STEC 
SFOC SQGB 
SFWB VAEC 
SGKC VXMB 
SGLC USXB 
SGSC WQOB 
SHGB YICC 
SHGC TE 
SHIB ZWV 
SHNB YHHC 
SHSB UOK 
SHU TBKC 
SID SINB 
SIVC VDUB 
SJI XBW 
SJKB YYOC 
SJP ZWTB 
SJZB TEAB TVQ XRFB 
SKAB VRXB 
SKQ YNMC 
SKQC ZHYB 
SKTB ZAU 
SKXB ZDTB 
SLB WXX 
SLJ UJY 
SLRB VUIB 
SMAC ZIXB 
SMDB XVJC 
SMI TGX 
SMVB XEVB 
SNG VSJB 
SNHB SUB 
SNIC VIBC 
SNNB UUPB 
SNRC YVH 
SOWB TDFB 
SOX WHFC 
SPDB VFQB 
SPR TZGC 
SPUC ZUNB 
SQCC ZDJ 
SQMC WZN 
SQUB WNGB 
SQX UYLC 
SRFC TZD WCPC 
SRGB VJT 
SRH XTW 
SRIB ZIHB 
SRJB THL 
SRSB XNL 
SRZB VZD YCUC 
SSFB YZW 
SSQ UWIC 
STAC VJQ 
STCB UKD 
STD UYB WHZB 
STM WCV 
STP TTMB 
STTB WPIC 
SUGC XUAC YZOC 
SUJ VHSB 
SULC WXSC 
SUO UUN YZO 
SUOB XWP ZNP 
SVB WIFC 
SVKC UNL 
SVM XOQB 
SVMC YLXB 
SVR VNWB 
SVTB URU 
SWF YRSB 
SWLC WMYB 
SWSB XUVB 
SWUC VBFC 
SWVB YTH 
SXCC ZMCB 
SXHB UECC 
SXM XETC 
SXOC UJT 
SXVC YNCB 
SYE XDZB 
SYGC VDJB 
SYK YRFB 
SYQC XKYB 
SYT WKE 
SYW ZGGC 
SZD TDU 
SZIC ZWDC 
SZNC YHIB 
SZP TGZ 
SZSB TGNB 
SZSC XKHB 
SZUB TK 
TACB YWIB 
TALC TCTB 
TAZB WQMC 
TBC UKHC 
TBHC TXL XXPB 
TBNB WCT 
TBVC ULKC WHHB 
TBZ XWW YTTC 
TCBC XBBB 
TCHB VKOB 
TCJC YOP 
TCLC ZJJB 
TCZB TIEB 
TDAC YFU 
TDIC VMX 
TDJ TQAC ZKIC 
TDLB UBP 
TDLC XNOC 
TDO UYT 
TDSB UYSB 
TEL YIIB 
TEOB YWP 
TEQ UTN 
TESB YDXB 
TEW WHB 
TEY VXH 
TEZB TNPB 
TFAB XTDC 
TFP XBZ 
TFPC XVEB 
TFSB TIKC 
TGD ZYQ 
TGN XLNC 
THAB YLCC 
THIB WPNB 
THQ YFP 
THRC YWV 
THV XYV 
THXB VVXB YKPC 
TIBC TQG 
TIGB TNS 
TIGC YPAB YROC 
TIH ZSRB 
TINB YHN 
TIOB UROB 
TIS XGM 
TIUB VXQC 
TJI WARB 
TJQC UVEB 
TJU VJE 
TJUB ZLDB 
TKUB ZHL 
TLRB XKKC 
TMF YKUC 
TMIB XRBB 
TML ZCDC 
TMS ZMYB 
TND UWLC 
TNDB YCSB 
TNJC XFYB 
TNL XKW 
TNRC XDM 
TNUB UTIC 
TOBB VNPB 
TOJ TOXB 
TOOB YCRC 
TOVC ZUG 
TOWB WD 
TPEB YRUC 
TPGC VDOC 
TPLB XOHB 
TQB YOF 
TQEC TUTC 
TQK VGFB WVKC YBB YOVB 
TRAC WIH 
TSAC USMC 
TSHC UHV ZTOC 
TSWB UPWB 
TTLB UHYB 
TTM VFK 
TTPB XAD 
TTSB VVH 
TTW VGHB 
TUAB UIX 
TUJ VPL 
TUN XBVC 
TUR YCV 
TVDC WANB YGT 
TVFC YOQ ZRVC 
TVHC ZXSB 
TVPC YD 
TVU YF 
TWCB UFCB YXCC 
TWJ WHY 
TWSC YMIB 
TXMB ZODB 
TXP XDKC 
TYIC WRKC 
TYNB UTV 
TYRC UDAC VKQB 
TYV YOW 
TZBB XMG 
TZPC UMZ 
TZZ VXR 
UADC ZEJC 
UAFB XXSC 
UAOC ZOMC 
UAPB ZITB 
UAU XNW 
UBBB WNSC 
UBDC WCIC 
UBSC WQZ 
UBUC XQRB 
UDB XNJ 
UDFB VAS 
UDOC XQNC 
UDYB XFIC 
UEC UZRC YHGB 
UEPB XGMB 
UEQ URH 
UERB WQF 
UGAC VOSB 
UGH WYMC 
UGJC WLQC 
UGM WVY 
UHEB UOJ UXV 
UHMB XEE 
UHZ YSMB ZLOB 
UIOB YZUC 
UIRC VAJB 
UIWB XHFB 
UJB YLM 
UJHC ULL 
UJKC VRFC 
UJMC USD 
UKNB VVYB 
UKNC XVTB 
ULB VLK 
ULO XEKB 
UMCC VGOB 
UMK VFSC 
UMN XSCB 
UMSC ZMB 
UMYB ZGH 
UNBC USO 
UNG ZAFC 
UNJ XLC 
UNQC VRRC 
UODC XMJB ZUQC 
UOHB VTBC 
UOJB WLB 
UON X 
UORC YSDC 
UPIB YZDB 
UPSB XBCB 
UPW XCRC 
UQR YYJB 
UQT XCM 
URB ZFS 
URUC VWLC 
USF ZZRC 
USHC XRHB 
USLC WGZB 
UUD VTM 
UUGB XEFB 
UUHC ZTMB 
UUIC XMXB 
UUK XYI 
UUTB WCW 
UVKC WIEB 
UVNC ZBZB 
UWE YYPB ZGB 
UXD ZQOC 
UXHB VYKB 
UXNB YHOC 
UXRB YRYB 
UY ZNU 
UYNC VEB 
UYS YFF 
UYV YWMC 
UZKC ZVCC 
UZQ WUQB 
UZQC WAI 
VAH XHSB 
VAIC XKPC 
VAMC XIQB 
VAWB VVDC 
VBNB VKR 
VBUC WPFB 
VBY WMR YDCB 
VCGC ZQWB 
VCSB VLMB 
VDCB XNDC 
VDH WKYB 
VEKB VPKC 
VEVC YJO 
VEY YYM 
VFC VMMB 
VFOB WGM 
VGQ YTHC 
VHG WIUB 
VHHC XZJ 
VHX WGKB 
VI WDTB 
VIUC YJS 
VK XZH 
VKHC ZYC 
VLOB ZVOC 
VLR ZSAB 
VLX VMC 
VMR YQAC 
VMSB ZCR 
VNP WUGB 
VNPC WBIB 
VOP YVUC 
VPIB VTUB 
VQMB YBLB 
VRI ZDHB 
VROB XXT ZVZ 
VRSB XOIC 
VRV WEG 
VSK ZIAB 
VSUC WGU 
VTJB WKSC 
VTY ZEHC 
VUF YS 
VUZB YBIB 
VVAC YBG 
VVY XEV 
VVZB YZSC 
VWCC XIR 
VWD WNNC 
VWH WCS 
VWM WZH 
VXAC YKPB 
VXQ XDD 
VYS XNZB 
VZH ZXD 
VZLB WKKB 
WAE YTZB 
WAIB XTO 
WAV YLHC 
WAX ZEBB 
WBC ZQR 
WBF XDMB 
WCC XIUB 
WCLB WLEC 
WDCB XTVC 
WDMC XCW 
WDX XZNC 
WEJC XOJB 
WEMC YRBB 
WHI XMTB 
WHSC XNDB 
WHU WTSC 
WHVB WNEC 
WHW ZUN 
WHWB ZRF 
WHX ZMPC 
WIBC YPQC 
WICB XRK 
WIJC XTU 
WJCC XHT 
WJFC ZGK 
WKOC WYNB 
WKZ XIWB 
WL ZPS 
WMH XEGB 
WMXB WULB 
WNKC ZKK 
WNY ZQTC 
WOX WWT 
WQYB YQFC 
WRDB YBRC 
WTAC ZMT 
WTFC XCXB 
WUFC XIH 
WUSB YZKB 
WVAB YDSB 
WVIC YBQC 
WW ZXLB 
WXM YIQC 
WYHB XATB 
WYIC ZWCC 
WZKB XADC 
XACC XER 
XDE YTNB 
XDGB XQTB 
XFCB YDEC 
XFL ZOAC 
XGE ZLL 
XHFC YORB 
XHO YUEB 
XIUC XOOB 
XIYB XKQ 
XJC ZSX 
XJFC YFAC 
XJQB XMQ 
XKSB YHTC 
XLB YNBB 
XLHC XZJB ZXAC 
XMFC YJKB ZVGC 
XNKB YFRC 
XNKC ZCO 
XPE YIUC 
XPM YBO 
XSN YKI 
XTNC YUBB 
XUI XUR 
XXO YEP 
XZFC YTBB 
YBM ZXTB 
YBZ YJVB 
YCIC ZSZB 
YDF ZALC 
YDVC ZXNC 
YGD ZHN ZYR 
YGE YJNC 
YHZ ZRC 
YJN YZIC 
YJT ZYI 
YKV ZLI 
YPR ZEPC 
YWMB ZHGB 
YWRB ZUW 
YYRB ZTQC 
ZEAB ZSUB 
ZHTC ZY 
ZKZB ZRYB 
ZMJ ZVR 
