1
7
12
17
21
26
31
36
40
45
50
55
60
64
69
74
79
84
88
93
98
103
107
112
117
122
127
131
136
141
146
151
155
160
165
170
174
179
184
189
194
198
203
208
213
217
222
227
232
237
241
246
251
256
261
265
270
275
280
284
289
294
299
304
308
313
318
323
328
332
337
342
347
351
356
361
366
371
375
380
385
390
395
399
404
409
414
418
423
428
433
438
442
447
452
457
462
466
471
476
481
485
490
495
500
505
509
514
519
524
529
533
538
543
548
552
557
562
567
572
576
581
586
591
596
600
605
610
615
619
624
629
634
639
643
648
653
658
662
667
672
677
682
686
691
696
701
706
710
715
720
725
729
734
739
744
749
753
758
763
768
773
777
782
787
792
796
801
806
811
816
820
825
830
835
840
844
849
854
859
863
868
873
878
883
887
892
897
902
907
911
916
921
926
930
935
940
945
950
954
959
964
969
974
978
983
988
993
997
1002
1007
1012
1017
1021
1026
1031
1036
1041
1045
1050
1055
1060
1064
1069
1074
1079
1084
1088
1093
1098
1103
1108
1112
1117
1122
1127
1131
1136
1141
1146
1151
1155
1160
1165
1170
1174
1179
1184
1189
1194
1198
1203
1208
1213
1218
1222
1227
1232
1237
1241
1246
1251
1256
1261
1265
1270
1275
1280
1285
1289
1294
1299
1304
1308
1313
1318
1323
1328
1332
1337
1342
1347
1352
1356
1361
1366
1371
1375
1380
1385
1390
1395
1399
1404
1409
1414
1419
1423
1428
1433
1438
1442
1447
1452
1457
1462
1466
1471
1476
1481
1486
1490
1495
1500
1505
1509
1514
1519
1524
1529
1533
1538
1543
1548
1553
1557
1562
1567
1572
1576
1581
1586
1591
1596
1600
1605
1610
1615
1619
1624
1629
1634
1639
1643
1648
1653
1658
1663
1667
1672
1677
1682
1686
1691
1696
1701
1706
1710
1715
1720
1725
1730
1734
1739
1744
1749
1753
1758
1763
1768
1773
1777
1782
1787
1792
1797
1801
1806
1811
1816
1820
1825
1830
1835
1840
1844
1849
1854
1859
1864
1868
1873
1878
1883
1887
1892
1897
1902
1907
1911
1916
1921
1926
1931
1935
1940
1945
1950
1954
1959
1964
1969
1974
1978
1983
1988
1993
1998
2002
2007
2012
2017
2021
2026
2031
2036
2041
2045
2050
2055
2060
2064
2069
2074
2079
2084
2088
2093
2098
2103
2108
2112
2117
2122
2127
2131
2136
2141
2146
2151
2155
2160
2165
2170
2175
2179
2184
2189
2194
2198
2203
2208
2213
2218
2222
2227
2232
2237
2242
2246
2251
2256
2261
2265
2270
2275
2280
2285
2289
2294
2299
2304
2309
2313
2318
2323
2328
2332
2337
2342
2347
2352
2356
2361
2366
2371
2376
2380
2385
2390
2395
2399
2404
2409
2414
2419
2423
2428
2433
2438
2443
2447
2452
2457
2462
2466
2471
2476
2481
2486
2490
2495
2500
2505
2509
2514
2519
2524
2529
2533
2538
2543
2548
2553
2557
2562
2567
2572
2576
2581
2586
2591
2596
2600
2605
2610
2615
2620
2624
2629
2634
2639
2643
2648
2653
2658
2663
2667
2672
2677
2682
2687
2691
2696
2701
2706
2710
2715
2720
2725
2730
2734
2739
2744
2749
2754
2758
2763
2768
2773
2777
2782
2787
2792
2797
2801
2806
2811
2816
2821
2825
2830
2835
2840
2844
2849
2854
2859
2864
2868
2873
2878
2883
2888
2892
2897
2902
2907
2911
2916
2921
2926
2931
2935
2940
2945
2950
2954
2959
2964
2969
2974
2978
2983
2988
2993
2998
3002
3007
3012
3017
3021
3026
3031
3036
3041
3045
3050
3055
3060
3065
3069
3074
3079
3084
3088
3093
3098
3103
3108
3112
3117
3122
3127
3132
3136
3141
3146
3151
3155
3160
3165
3170
3175
3179
3184
3189
3194
3199
3203
3208
3213
3218
3222
3227
3232
3237
3242
3246
3251
3256
3261
3266
3270
3275
3280
3285
3289
3294
3299
3304
3309
3313
3318
3323
3328
3333
3337
3342
3347
3352
3356
3361
3366
3371
3376
3380
3385
3390
3395
3400
3404
3409
3414
3419
3423
3428
3433
3438
3443
3447
3452
3457
3462
3466
3471
3476
3481
3486
3490
3495
3500
3505
3510
3514
3519
3524
3529
3533
3538
3543
3548
3553
3557
3562
3567
3572
3577
3581
3586
3591
3596
3600
3605
3610
3615
3620
3624
3629
3634
3639
3644
3648
3653
3658
3663
3667
3672
3677
3682
3687
3691
3696
3701
3706
3711
3715
3720
3725
3730
3734
3739
3744
3749
3754
3758
3763
3768
3773
3778
3782
3787
3792
3797
3801
3806
3811
3816
3821
3825
3830
3835
3840
3845
3849
3854
3859
3864
3868
3873
3878
3883
3888
3892
3897
3902
3907
3911
3916
3921
3926
3931
3935
3940
3945
3950
3955
3959
3964
3969
3974
3978
3983
3988
3993
3998
4002
4007
4012
4017
4022
4026
4031
4036
4041
4045
4050
4055
4060
4065
4069
4074
4079
4084
4089
4093
4098
4103
4108
4112
4117
4122
4127
4132
4136
4141
4146
4151
4156
4160
4165
4170
4175
4179
4184
4189
4194
4199
4203
4208
4213
4218
4223
4227
4232
4237
4242
4246
4251
4256
4261
4266
4270
4275
4280
4285
4290
4294
4299
4304
4309
4313
4318
4323
4328
4333
4337
4342
4347
4352
4356
4361
4366
4371
4376
4380
4385
4390
4395
4400
4404
4409
4414
4419
4423
4428
4433
4438
4443
4447
4452
4457
4462
4467
4471
4476
4481
4486
4490
4495
4500
4505
4510
4514
4519
4524
4529
4534
4538
4543
4548
4553
4557
4562
4567
4572
4577
4581
4586
4591
4596
4601
4605
4610
4615
4620
4624
4629
4634
4639
4644
4648
4653
4658
4663
4668
4672
4677
4682
4687
4691
4696
4701
4706
4711
4715
4720
4725
4730
4735
4739
4744
4749
4754
4758
4763
4768
4773
4778
4782
