4290
3835
3658
4744
1
2490
1050
1816
3486
4634
878
4242
495
3065
4347
1806
3462
2782
1849
2787
1151
1404
758
945
3122
1763
1998
3309
170
4309
2466
2978
3361
4644
1452
1883
2347
2509
2218
1045
873
3098
3806
1371
4682
1887
1701
3356
3189
3553
4668
4342
3481
639
505
1816
921
1021
337
4400
543
2806
2596
3907
1184
2567
4309
3533
3596
1739
3103
2993
3356
2122
4366
3256
2529
4586
342
935
1873
3529
490
567
4170
4304
902
308
538
1241
4711
1088
2567
1036
3514
3754
2127
3041
1021
935
3299
2643
3931
1873
3285
2031
3648
1031
347
2509
1969
739
1256
978
4615
3945
500
729
2773
1041
490
1218
648
3065
2256
4170
548
2902
940
88
2361
2758
2734
21
3151
1237
572
2012
787
926
3045
2758
184
4304
2256
17
3462
2758
749
1452
2323
1246
1189
1490
2830
1964
4179
1897
84
332
1993
2447
1615
3246
2471
4768
4486
1567
1998
3792
2495
3562
280
2682
3079
2543
1218
270
514
1974
241
1356
1739
1433
2854
3088
3404
2246
198
3490
1103
2194
4457
2720
3964
658
2701
3663
2227
3218
2672
3242
1993
2954
4447
3591
4017
878
3868
3055
1371
2629
4414
1629
4069
997
4720
1203
1768
136
3213
2873
849
2883
4112
26
2060
543
2213
2811
3768
3404
4572
4280
88
2749
1605
4112
3634
3993
2380
3524
1835
524
371
4423
1529
3610
840
3299
3749
4055
4691
3122
667
4017
3151
1251
4562
3883
4065
2060
2500
2366
74
1112
332
1682
438
2486
4194
1337
1222
1241
1864
112
883
1911
3730
241
423
1208
4304
3634
4333
3490
2864
2701
4744
1160
313
2538
1739
2821
122
1816
3935
3763
2017
2892
1462
1423
4232
2687
1189
4615
1323
591
1744
265
835
686
1476
3658
2844
1026
2366
4227
2246
840
600
2562
1902
863
3902
543
1198
1567
4309
3222
4462
983
3165
2423
2189
2873
773
3514
3466
1036
2299
2825
241
3782
1696
3088
3328
2581
2533
787
3428
1653
1868
543
2519
4294
1088
3725
1074
3916
677
4060
112
2361
213
820
452
988
4342
2438
2026
371
476
792
4156
2179
3883
1213
4763
1629
519
1921
3289
2395
983
4328
1902
591
1782
1495
4510
2462
768
3141
3347
4294
3969
3801
495
2041
4758
1045
2414
452
1840
304
1151
935
1519
4433
1088
2045
1572
2897
2959
2557
954
3380
3155
2744
88
1395
418
4170
4543
3768
3677
3725
1299
2691
4285
1275
3739
1911
246
4098
734
1399
3557
2261
1045
4648
2825
1136
1275
997
2218
2232
4380
3892
189
2988
500
3921
2371
256
1419
1261
2500
2725
3959
1998
2519
1428
2433
1285
744
3170
2687
4304
3950
2251
2682
1988
3395
3959
1505
4132
4711
1098
3237
117
4093
3739
2557
194
2519
3978
1462
232
433
3940
753
2954
581
1706
4242
4634
3395
658
4151
2562
2916
562
3069
40
4524
4581
4175
4452
4199
2624
3088
3505
93
859
3706
2615
50
3687
1371
490
2840
643
1964
1940
2352
4730
1792
959
3907
4462
2041
552
241
328
596
3285
3428
3289
1466
2840
4433
3074
79
3050
3935
2304
878
2509
4510
768
1519
1079
1414
2002
3021
2285
462
3333
1768
4376
1529
3811
141
1773
2658
4050
3577
1299
1069
3567
2663
720
1854
1261
3773
1007
3567
3170
2036
3289
3945
3557
4371
3878
4079
1122
4687
4548
4462
1667
4136
1203
3998
2797
1495
1873
2060
3591
1691
3136
2371
2873
2376
4232
4136
4668
3758
1433
3050
1007
3242
725
3084
1342
3127
892
2471
3026
653
662
3213
3309
385
2423
4629
399
2816
1902
3993
4514
3557
1581
1117
4452
4333
471
4333
3304
423
1117
2830
3672
1844
4433
227
3490
538
1218
1730
4505
1883
155
1543
787
1103
1385
1189
3921
1811
3706
3648
3888
3806
3289
3557
3352
3763
1619
385
2706
2739
1734
1591
3108
4687
1825
1811
3744
1562
2064
3462
3452
739
222
2758
1844
127
3955
983
1940
2873
3151
1045
409
1653
4605
3763
3935
1438
2667
1859
2701
4404
1969
1021
2821
2313
1352
1777
3883
3419
3763
2548
4165
2505
519
4529
2634
2993
4031
4581
4385
2399
840
7
2572
3964
2289
241
3921
170
619
1835
3093
2591
1375
1127
122
2734
2911
4007
4672
1887
284
2567
4395
4112
2313
758
2323
1557
552
438
2476
4701
452
3572
2395
1261
3816
1533
1438
4438
1887
4534
2242
1787
4184
883
3041
825
103
2926
2715
390
710
840
3026
1543
1600
562
1619
677
4309
4103
591
3280
2888
2993
4548
433
3045
1198
3390
3452
4251
844
452
2165
1734
3495
2993
356
155
921
4060
868
280
2299
2414
1887
1380
4036
2567
902
1868
1677
4189
3275
3189
3950
2227
4754
3667
830
3423
1648
1682
2395
3821
1935
4414
2026
2294
4572
1471
84
3959
1753
2385
103
2160
3768
2658
3246
4677
3050
141
2596
1538
3333
1758
3773
3304
3945
3122
457
806
17
1371
4629
471
997
1873
1289
4089
3347
1375
3261
3620
3768
1883
997
1265
4548
4246
1155
2811
4390
3754
2868
1457
4031
371
3280
3189
3500
2256
4002
2036
3629
2361
1031
4634
4237
2323
2452
1313
2218
4237
151
4505
1332
4457
988
4400
3916
2146
940
2041
4423
3816
2017
2184
2706
509
591
4725
2768
3112
1978
1610
686
1529
4763
3447
3854
2433
3280
4591
1883
1950
4313
1734
1619
514
1352
4060
1179
2294
1313
4122
4629
3333
1524
1069
2361
634
1007
3648
3749
1505
471
2954
3036
3758
131
619
4711
3419
428
323
581
4744
2060
725
471
1931
1
170
2749
1313
4299
2591
3165
1036
2179
4045
1672
3194
2907
3940
3218
3380
624
1471
868
763
2093
792
2701
1041
1117
1801
997
1701
2529
4778
