4938
4931
4922
4913
4905
4897
4888
4879
4872
4865
4854
4843
4833
4823
4812
4801
4793
4785
4775
4765
4756
4747
4737
4727
4719
4711
4700
4689
4679
4669
4658
4647
4640
4633
4624
4615
4607
4599
4590
4581
4574
4567
4555
4543
4532
4521
4509
4497
4488
4479
4468
4457
4447
4437
4426
4415
4406
4397
4385
4373
4362
4351
4339
4327
4320
4313
4304
4295
4287
4279
4270
4261
4254
4247
4236
4225
4215
4205
4194
4183
4175
4167
4157
4147
4138
4129
4119
4109
4101
4093
4082
4071
4061
4051
4040
4029
4022
4015
4006
3997
3989
3981
3972
3963
3956
3949
3936
3923
3911
3899
3886
3873
3863
3853
3841
3829
3818
3807
3795
3783
3773
3763
3750
3737
3725
3713
3700
3687
3680
3673
3664
3655
3647
3639
3630
3621
3614
3607
3596
3585
3575
3565
3554
3543
3535
3527
3517
3507
3498
3489
3479
3469
3461
3453
3442
3431
3421
3411
3400
3389
3382
3375
3366
3357
3349
3341
3332
3323
3316
3309
3297
3285
3274
3263
3251
3239
3230
3221
3210
3199
3189
3179
3168
3157
3148
3139
3127
3115
3104
3093
3081
3069
3062
3055
3046
3037
3029
3021
3012
3003
2996
2989
2978
2967
2957
2947
2936
2925
2917
2909
2899
2889
2880
2871
2861
2851
2843
2835
2824
2813
2803
2793
2782
2771
2764
2757
2748
2739
2731
2723
2714
2705
2698
2691
2677
2663
2650
2637
2623
2609
2598
2587
2574
2561
2549
2537
2524
2511
2500
2489
2475
2461
2448
2435
2421
2407
2400
2393
2384
2375
2367
2359
2350
2341
2334
2327
2316
2305
2295
2285
2274
2263
2255
2247
2237
2227
2218
2209
2199
2189
2181
2173
2162
2151
2141
2131
2120
2109
2102
2095
2086
2077
2069
2061
2052
2043
2036
2029
2017
2005
1994
1983
1971
1959
1950
1941
1930
1919
1909
1899
1888
1877
1868
1859
1847
1835
1824
1813
1801
1789
1782
1775
1766
1757
1749
1741
1732
1723
1716
1709
1698
1687
1677
1667
1656
1645
1637
1629
1619
1609
1600
1591
1581
1571
1563
1555
1544
1533
1523
1513
1502
1491
1484
1477
1468
1459
1451
1443
1434
1425
1418
1411
1398
1385
1373
1361
1348
1335
1325
1315
1303
1291
1280
1269
1257
1245
1235
1225
1212
1199
1187
1175
1162
1149
1142
1135
1126
1117
1109
1101
1092
1083
1076
1069
1058
1047
1037
1027
1016
1005
997
989
979
969
960
951
941
931
923
915
904
893
883
873
862
851
844
837
828
819
811
803
794
785
778
771
759
747
736
725
713
701
692
683
672
661
651
641
630
619
610
601
589
577
566
555
543
531
524
517
508
499
491
483
474
465
458
451
440
429
419
409
398
387
379
371
361
351
342
333
323
313
305
297
286
275
265
255
244
233
226
219
210
201
193
185
176
167
160
153
138
123
109
95
80
65
53
41
27
13
0
13
27
41
53
65
80
95
109
123
138
153
160
167
176
185
193
201
210
219
226
233
244
255
265
275
286
297
305
313
323
333
342
351
361
371
379
387
398
409
419
429
440
451
458
465
474
483
491
499
508
517
524
531
543
555
566
577
589
601
610
619
630
641
651
661
672
683
692
701
713
725
736
747
759
771
778
785
794
803
811
819
828
837
844
851
862
873
883
893
904
915
923
931
941
951
960
969
979
989
997
1005
1016
1027
1037
1047
1058
1069
1076
1083
1092
1101
1109
1117
1126
1135
1142
1149
1162
1175
1187
1199
1212
1225
1235
1245
1257
1269
1280
1291
1303
1315
1325
1335
1348
1361
1373
1385
1398
1411
1418
1425
1434
1443
1451
1459
1468
1477
1484
1491
1502
1513
1523
1533
1544
1555
1563
1571
1581
1591
1600
1609
1619
1629
1637
1645
1656
1667
1677
1687
1698
1709
1716
1723
1732
1741
1749
1757
1766
1775
1782
1789
1801
1813
1824
1835
1847
1859
1868
1877
1888
1899
1909
1919
1930
1941
1950
1959
1971
1983
1994
2005
2017
2029
2036
2043
2052
2061
2069
2077
2086
2095
2102
2109
2120
2131
2141
2151
2162
2173
2181
2189
2199
2209
2218
2227
2237
2247
2255
2263
2274
2285
2295
2305
2316
2327
2334
2341
2350
2359
2367
2375
2384
2393
2400
2407
2421
2435
2448
2461
2475
2489
2500
2511
2524
2537
2549
2561
2574
2587
2598
2609
2623
2637
2650
2663
2677
2691
2698
2705
2714
2723
2731
2739
2748
2757
2764
2771
2782
2793
2803
2813
2824
2835
2843
2851
2861
2871
2880
2889
2899
2909
2917
2925
2936
2947
2957
2967
2978
2989
2996
3003
3012
3021
3029
3037
3046
3055
3062
3069
3081
3093
3104
3115
3127
3139
3148
3157
3168
3179
3189
3199
3210
3221
3230
3239
3251
3263
3274
3285
3297
3309
3316
3323
3332
3341
3349
3357
3366
3375
3382
3389
3400
3411
3421
3431
3442
3453
3461
3469
3479
3489
3498
3507
3517
3527
3535
3543
3554
3565
3575
3585
3596
3607
3614
3621
3630
3639
3647
3655
3664
3673
3680
3687
3700
3713
3725
3737
3750
3763
3773
3783
3795
3807
3818
3829
3841
3853
3863
3873
3886
3899
3911
3923
3936
3949
3956
3963
3972
3981
3989
3997
4006
4015
4022
4029
4040
4051
4061
4071
4082
4093
4101
4109
4119
4129
4138
4147
4157
4167
4175
4183
4194
4205
4215
4225
4236
4247
4254
4261
4270
4279
4287
4295
4304
4313
4320
4327
4339
4351
4362
4373
4385
4397
4406
4415
4426
4437
4447
4457
4468
4479
4488
4497
4509
4521
4532
4543
4555
4567
4574
4581
4590
4599
4607
4615
4624
4633
4640
4647
4658
4669
4679
4689
4700
4711
4719
4727
4737
4747
4756
4765
4775
4785
4793
4801
4812
4823
4833
4843
4854
4865
4872
4879
4888
4897
4905
4913
4922
4931
