6525478
556775
5055649
1312120
1184684
2834375
1586988
3889421
1949049
3507078
5583816
2706609
4174146
589432
5205028
4805015
908566
7618223
9311391
2963584
1928962
624995
4960090
185007
1402461
2416852
5064256
5153372
2090109
4185104
2815516
1419887
5201945
1318990
2783342
2622303
7096746
6702012
4905297
290286
2469436
8312070
3002178
1987848
2176541
9115099
4619985
7470383
622303
475162
3291504
3249953
262739
977531
29151
6723444
4568956
5095735
5409244
1114405
1852950
8517311
1780467
597541
5634601
793038
6929334
203875
5260363
3508735
2596090
7401334
1270428
973122
4874975
2921209
496633
1189162
3594355
6533957
3977410
3551215
3284690
2666858
6555484
1451009
6707233
272156
1637785
4237873
2909712
5926352
8310652
6317685
3313669
6005920
3452763
8177110
1283344
3031281
36052
7191184
7330063
3033777
3086176
4294412
7155566
1032584
9421260
2505089
24064
4760976
3727251
3423911
359691
5817583
790727
8293651
5274457
927367
4330593
683404
1429302
4047472
5624304
487408
495287
7491702
490568
1574725
1414726
1131794
1884183
2358420
1346829
4416057
4920434
2617501
6698426
4228761
2309903
379847
2011391
2697753
2928151
5508427
4628448
4857188
8382711
5597454
923343
4200261
3801060
2979599
2511378
6005788
603551
1819207
2222711
2931817
5663541
298248
1750027
8046096
2877310
177372
8366322
326621
179215
4510537
290197
2728793
7515974
958342
1392213
1211741
2692528
19939
2977542
4505888
886245
6727937
5647606
2107330
5818149
2752007
4441757
9000464
4150470
3755654
1310900
1923250
1965485
2894553
5377361
1069531
3087092
1120842
379314
1630520
5557965
3576800
6407194
772986
2268476
3241165
1763071
2446986
2655088
3692725
2760787
781225
167566
2426185
4669213
6248672
2716446
1511534
367985
538948
8471501
2878361
8252699
3072874
94022
3970422
1881719
2938004
1568287
7053944
1214299
3038501
8442320
2438185
606714
162492
367950
5109012
3352606
789920
7048184
4871556
1484474
2203254
1933749
103505
5410356
3217198
5220686
2719658
7916686
2809699
392337
4993548
4160999
1939225
2874131
1006777
5361670
3238211
616380
2356579
3558482
319344
1336030
5768432
27190
4554776
200523
5814701
4187967
181633
3572521
5201715
366754
556816
8212926
7418701
5835337
1102732
308657
4361793
7192469
690024
239516
3521941
5883670
9519865
2015185
2746794
1904035
572860
6175241
3109735
530561
6186499
1382432
17886
4237516
1336853
4282664
5154437
3876009
1261685
917295
189729
865070
2394009
1426331
4101538
2673745
619324
2985519
2148840
1264098
4966095
519448
5955614
3764096
5233344
4102591
4624241
251787
5509833
2131218
2444190
1075996
766740
1064710
1233076
6158199
2739849
3073654
750769
1693812
4611024
4695948
327053
1962620
2860419
1791929
337694
1899059
2808415
3423605
2345047
487650
4065743
3285659
610372
6691539
1374758
834289
3628732
1314847
1167411
5294798
1463757
5959325
5611292
209720
5935910
3374094
3258031
3202808
3059970
360823
705601
4354718
5147726
3140140
6385705
7901460
2982745
6874874
1548349
4016981
657594
2716667
720463
3488047
1510738
4169781
1816124
3406611
566279
5427016
179801
3977927
8165860
4786833
7633070
5581304
71181
5493402
2001999
1508437
3323549
187541
610529
3960119
4866899
6159024
8038475
2791169
5563784
3319101
7120340
3753800
5141667
2291627
4153068
2231121
307021
5459831
237143
5522783
1982514
5226798
6412021
1589397
8807468
4796592
2653533
260977
2162716
4495776
4008074
2674191
5035507
3684623
911954
68802
1747344
4001925
1176405
3060239
2454444
6759206
6179163
2495661
1298379
434310
1026161
4692626
4872132
3788378
2100034
90756
5452551
5722410
3569731
1989168
65821
3863757
259078
641670
4470273
6452471
5794877
1472339
425
5348849
6453514
800297
3215631
1219979
2633673
1467779
3207338
3387657
1051674
3778826
3255341
915319
1886865
706628
1953964
5950553
713092
690633
6290
2760976
294983
476242
2051065
3022049
3883495
4790271
6187493
5714821
346236
503446
233425
791604
5552483
2230766
3191231
1815691
312759
7410499
510462
4465663
4863856
6562367
837488
4543061
1479267
3282548
4589691
1423219
892336
3685063
2352132
6332866
1984726
79255
2385014
2228168
4214268
1604936
3854897
7428202
7918547
9277454
5094194
1749305
5633022
1484308
851795
4269545
1172926
4423599
6169527
886421
3213861
7099855
2222701
3151008
1319193
2174199
3273509
4760732
4687301
1886216
4059702
5867808
3141277
9015401
4975711
884304
6028334
2094299
608169
1289623
4464204
3744090
553924
3082859
2059109
814947
3572564
2253432
1550040
3716053
3873208
4495171
1238661
1268237
8815162
3496396
2545190
3791426
3611030
1298629
6127250
3886267
2001910
1891252
4451249
3480782
173257
478296
2093138
3422798
4640200
784862
42255
1381862
3294792
327766
3086949
2877692
9601407
3880816
369872
4542074
1217675
8627567
2149786
5564657
279571
1363549
5948115
3479301
3038764
6997091
2171588
2243383
8343194
3109118
1073583
7707484
1905042
6419096
8260878
652609
1545855
2891783
1157024
1770037
201561
1956153
4732851
957876
4015027
3966376
5095776
409179
5150889
518311
2837607
3581950
376688
4437811
5856921
632053
3080147
2352857
4317550
693751
3719214
2049095
200172
2675133
3423804
1554080
5619622
2327690
5249583
1360216
4741815
1549058
2162878
839656
637527
136870
1617684
8557178
729088
3711249
7235798
180134
5301835
1419574
373676
143018
1620371
1694092
5203583
1535229
3929822
5392798
4632024
2697601
33916
5425588
8588206
920655
2196142
2089687
6165828
1764189
9062540
2617757
3923624
342529
5661245
3931005
4994463
5974117
7470165
2189117
276783
471963
7256476
640438
4905805
3422041
923260
3326547
3259747
128447
433152
5702835
180313
733744
9291617
3366382
4509002
1325691
4656119
9105226
8566231
5267830
8135830
2363201
2071484
4080924
946796
5616440
3802530
3549038
3588430
4919161
2397244
1754878
6742834
1206770
1694320
421216
1368988
1431827
4700209
309081
1550074
3201803
4242657
5555912
3698916
6462053
6668925
512209
9345908
1388614
3378251
9116089
663436
1401302
2382016
45250
3524251
940731
2648139
451631
7413227
2736896
219991
8006232
4531399
1741973
5043310
217942
3614180
3530024
3237665
4255190
304089
5296774
1640916
3506940
3179786
5618055
1745425
1459393
99664
5323771
642507
821660
4182791
140918
1380145
3902084
7425863
4370393
3523612
1407145
346962
2607902
2581273
1311340
7679542
2930920
3219934
2571581
4156033
425858
3286403
2588719
3127507
1358557
3421345
830793
1646561
868393
3048918
3122487
2798107
529343
6199987
6741055
4659388
8457707
3419544
750361
6395317
3432854
7036763
3863660
7493808
2358729
5149046
1301504
5391971
1450126
1869601
2633484
104988
5873887
6727007
5763402
679707
4237781
3084483
4707413
1558082
1078745
7682979
5495612
2991153
143593
623493
5917475
5830188
6720163
7022406
3550129
1520703
3399944
3458682
4901924
4267808
3098944
1550653
4902192
2750303
1672088
2878460
3690106
5304120
2603968
3833474
536576
3917024
368181
1981825
399701
624694
4400779
3439127
1101808
598724
2874572
7828796
245371
1015316
850583
1934738
1771708
5267049
2345195
2086426
4699812
3871348
7537590
729605
3303464
3371428
4598970
423864
8121877
1925172
7209108
5356232
1880702
1947116
2388411
6914480
3250983
2866122
4141652
879423
4971304
1715703
7174428
53311
1910807
106157
3073247
5416907
4196276
7242816
1160490
5893671
2138174
7433659
2336659
1340735
3944837
2501201
471409
2324793
4333276
1200893
7952210
5127897
6587467
7501656
2586273
804540
1985871
5773277
3054905
2451324
8308270
1212447
2288326
5569554
5674790
3368096
4274756
3585225
3623186
4804297
2870726
712117
5245831
797124
3491129
9131788
3560558
49419
1500788
2909904
4739872
3302107
4578445
7190786
1481496
4622025
587336
109185
1959024
308278
542853
7376779
155039
6115273
6738568
2343861
2561065
1559983
243900
1948543
2492196
929919
1424827
964248
1972212
1091707
994409
4223081
902637
5807364
508846
3115140
1487231
739556
1978758
2257592
4909567
2621391
324743
4885846
4982403
3062806
4667636
2893877
301348
70446
