601
122
223
93
210
665
598
503
345
568
632
974
309
937
241
78
450
563
833
265
792
619
426
557
222
461
138
881
932
864
74
200
978
940
931
840
593
535
989
956
773
615
568
87
218
455
807
675
682
617
578
470
905
24
44
129
138
838
2
725
695
80
913
671
662
487
161
272
685
146
879
111
409
445
185
624
551
629
954
254
910
192
730
829
214
407
586
343
250
588
69
936
327
619
264
988
778
405
903
451
206
421
551
609
525
391
899
103
681
503
342
248
700
727
718
544
136
311
540
374
545
272
968
886
899
234
517
328
296
77
426
150
499
640
405
36
694
318
785
367
465
133
268
170
491
983
735
619
297
287
653
854
204
279
375
757
161
537
84
438
604
509
239
774
164
641
813
493
965
239
879
94
16
150
260
505
777
627
143
64
555
442
547
774
731
582
521
884
144
592
972
760
763
210
181
559
858
989
75
462
225
583
542
241
380
453
386
165
99
181
871
312
618
90
90
2
675
260
523
822
507
496
233
278
349
399
487
860
48
217
331
917
447
528
808
483
637
199
644
382
369
172
702
649
257
425
653
566
688
191
388
201
334
271
127
695
680
265
540
364
475
527
297
574
724
748
82
357
935
367
392
962
536
106
604
444
524
929
29
868
126
72
67
112
336
841
805
22
106
2
41
232
187
332
814
902
78
526
913
653
906
317
612
447
64
893
538
248
826
571
121
579
644
833
337
992
662
795
651
403
798
700
290
616
678
749
179
393
283
99
63
190
62
333
300
774
872
853
18
338
86
781
566
738
591
919
361
913
710
30
329
155
366
600
784
702
353
956
108
290
704
814
473
399
796
411
179
662
268
847
7
995
604
237
733
225
155
749
141
859
413
124
9
799
371
426
489
380
40
250
672
747
60
803
803
484
218
979
163
134
465
817
132
97
43
498
962
192
253
756
698
669
867
346
116
250
426
257
619
462
493
953
214
202
755
12
698
966
630
499
752
113
313
878
851
2
28
820
844
272
549
530
577
84
530
697
973
974
949
255
437
103
208
306
303
954
961
996
559
586
493
323
347
453
842
852
458
865
657
307
790
872
489
362
950
37
719
557
649
665
830
105
759
31
55
716
624
15
710
206
260
857
170
595
320
653
449
423
174
768
745
956
633
886
977
245
919
690
814
565
2
624
325
765
309
364
473
941
378
839
799
635
686
598
895
647
277
7
92
440
414
462
58
715
347
32
948
924
360
396
146
363
686
122
791
637
482
906
579
518
383
34
817
732
637
351
373
553
16
118
658
430
235
721
150
572
386
746
158
760
799
937
788
478
59
220
129
533
129
357
716
514
385
519
247
683
522
272
895
532
375
546
976
597
925
767
844
323
502
635
735
303
572
166
423
630
369
208
832
160
556
529
320
595
710
212
941
889
477
844
416
505
57
52
770
979
455
263
945
969
898
673
919
480
480
996
770
860
204
583
658
412
786
979
32
138
189
604
25
314
457
99
831
514
797
246
146
259
496
95
872
53
762
434
181
894
432
950
758
293
195
66
713
614
45
378
402
238
9
89
195
125
176
20
286
969
904
416
876
396
511
752
446
925
185
290
826
611
244
230
909
87
294
268
709
985
647
763
862
308
850
61
418
670
80
713
294
984
788
168
38
944
906
144
870
99
420
334
359
314
213
927
389
154
195
754
134
491
513
994
811
355
55
885
35
778
241
325
394
22
136
434
962
45
235
478
792
651
459
810
604
678
735
18
833
562
765
960
722
928
589
169
934
646
53
969
418
289
937
475
952
82
917
550
768
802
48
542
108
511
353
728
842
743
743
318
959
159
279
675
734
882
848
665
177
534
627
256
836
225
738
786
302
301
341
67
98
41
276
194
202
284
913
692
668
305
11
612
108
287
947
836
817
436
484
991
987
781
891
451
998
609
891
946
919
890
658
14
563
932
856
783
216
770
459
882
725
128
155
826
399
751
641
868
187
146
501
823
919
390
284
553
20
823
510
575
708
175
583
281
113
442
706
967
865
823
484
575
941
297
395
0
39
706
514
225
848
25
690
403
69
602
979
741
432
141
320
792
314
912
719
72
12
408
683
520
888
178
113
471
465
166
471
507
863
633
375
350
661
75
409
371
689
45
118
780
184
421
547
153
993
281
220
641
339
899
173
876
738
929
343
854
96
465
355
589
118
383
593
415
116
27
805
440
71
910
223
897
339
430
51
985
351
267
619
704
821
811
225
195
741
559
48
465
692
396
728
808
438
329
231
538
998
673
1
722
579
872
602
568
